<?xml version="1.0" encoding="UTF-8"?>
<testsuite xmlns:xsi="http://www.w3.org/2001/XMLSchema-instance" xsi:noNamespaceSchemaLocation="https://maven.apache.org/surefire/maven-surefire-plugin/xsd/surefire-test-report-3.0.xsd" version="3.0" name="com.dhayaalan.PaymentServiceApplicationTests" time="0.453" tests="1" errors="1" skipped="0" failures="0">
  <properties>
    <property name="java.specification.version" value="17"/>
    <property name="sun.jnu.encoding" value="UTF-8"/>
    <property name="java.class.path" value="/home/dhayaalank/Dhayaalan/Microservice/payment-service/target/test-classes:/home/dhayaalank/Dhayaalan/Microservice/payment-service/target/classes:/home/dhayaalank/.m2/repository/org/springdoc/springdoc-openapi-webmvc-core/1.2.32/springdoc-openapi-webmvc-core-1.2.32.jar:/home/dhayaalank/.m2/repository/org/springdoc/springdoc-openapi-common/1.2.32/springdoc-openapi-common-1.2.32.jar:/home/dhayaalank/.m2/repository/org/springframework/boot/spring-boot-autoconfigure/3.3.4/spring-boot-autoconfigure-3.3.4.jar:/home/dhayaalank/.m2/repository/io/swagger/core/v3/swagger-models/2.1.1/swagger-models-2.1.1.jar:/home/dhayaalank/.m2/repository/io/swagger/core/v3/swagger-annotations/2.1.1/swagger-annotations-2.1.1.jar:/home/dhayaalank/.m2/repository/io/swagger/core/v3/swagger-integration/2.1.1/swagger-integration-2.1.1.jar:/home/dhayaalank/.m2/repository/io/swagger/core/v3/swagger-core/2.1.1/swagger-core-2.1.1.jar:/home/dhayaalank/.m2/repository/javax/xml/bind/jaxb-api/2.3.0/jaxb-api-2.3.0.jar:/home/dhayaalank/.m2/repository/com/fasterxml/jackson/dataformat/jackson-dataformat-yaml/2.17.2/jackson-dataformat-yaml-2.17.2.jar:/home/dhayaalank/.m2/repository/javax/validation/validation-api/1.1.0.Final/validation-api-1.1.0.Final.jar:/home/dhayaalank/.m2/repository/io/github/classgraph/classgraph/4.8.44/classgraph-4.8.44.jar:/home/dhayaalank/.m2/repository/org/apache/commons/commons-lang3/3.14.0/commons-lang3-3.14.0.jar:/home/dhayaalank/.m2/repository/org/springframework/spring-webmvc/6.1.13/spring-webmvc-6.1.13.jar:/home/dhayaalank/.m2/repository/org/springframework/spring-aop/6.1.13/spring-aop-6.1.13.jar:/home/dhayaalank/.m2/repository/org/springframework/spring-beans/6.1.13/spring-beans-6.1.13.jar:/home/dhayaalank/.m2/repository/org/springframework/spring-context/6.1.13/spring-context-6.1.13.jar:/home/dhayaalank/.m2/repository/org/springframework/spring-expression/6.1.13/spring-expression-6.1.13.jar:/home/dhayaalank/.m2/repository/io/springfox/springfox-swagger2/2.9.2/springfox-swagger2-2.9.2.jar:/home/dhayaalank/.m2/repository/io/swagger/swagger-annotations/1.5.20/swagger-annotations-1.5.20.jar:/home/dhayaalank/.m2/repository/io/swagger/swagger-models/1.5.20/swagger-models-1.5.20.jar:/home/dhayaalank/.m2/repository/com/fasterxml/jackson/core/jackson-annotations/2.17.2/jackson-annotations-2.17.2.jar:/home/dhayaalank/.m2/repository/io/springfox/springfox-spi/2.9.2/springfox-spi-2.9.2.jar:/home/dhayaalank/.m2/repository/io/springfox/springfox-core/2.9.2/springfox-core-2.9.2.jar:/home/dhayaalank/.m2/repository/io/springfox/springfox-schema/2.9.2/springfox-schema-2.9.2.jar:/home/dhayaalank/.m2/repository/io/springfox/springfox-swagger-common/2.9.2/springfox-swagger-common-2.9.2.jar:/home/dhayaalank/.m2/repository/io/springfox/springfox-spring-web/2.9.2/springfox-spring-web-2.9.2.jar:/home/dhayaalank/.m2/repository/com/google/guava/guava/20.0/guava-20.0.jar:/home/dhayaalank/.m2/repository/com/fasterxml/classmate/1.7.0/classmate-1.7.0.jar:/home/dhayaalank/.m2/repository/org/slf4j/slf4j-api/2.0.16/slf4j-api-2.0.16.jar:/home/dhayaalank/.m2/repository/org/springframework/plugin/spring-plugin-core/1.2.0.RELEASE/spring-plugin-core-1.2.0.RELEASE.jar:/home/dhayaalank/.m2/repository/org/springframework/plugin/spring-plugin-metadata/1.2.0.RELEASE/spring-plugin-metadata-1.2.0.RELEASE.jar:/home/dhayaalank/.m2/repository/org/mapstruct/mapstruct/1.2.0.Final/mapstruct-1.2.0.Final.jar:/home/dhayaalank/.m2/repository/org/springframework/cloud/spring-cloud-starter-netflix-eureka-client/4.1.3/spring-cloud-starter-netflix-eureka-client-4.1.3.jar:/home/dhayaalank/.m2/repository/org/springframework/cloud/spring-cloud-starter/4.1.4/spring-cloud-starter-4.1.4.jar:/home/dhayaalank/.m2/repository/org/springframework/cloud/spring-cloud-context/4.1.4/spring-cloud-context-4.1.4.jar:/home/dhayaalank/.m2/repository/org/springframework/security/spring-security-crypto/6.3.3/spring-security-crypto-6.3.3.jar:/home/dhayaalank/.m2/repository/org/springframework/cloud/spring-cloud-commons/4.1.4/spring-cloud-commons-4.1.4.jar:/home/dhayaalank/.m2/repository/org/springframework/security/spring-security-rsa/1.1.3/spring-security-rsa-1.1.3.jar:/home/dhayaalank/.m2/repository/org/bouncycastle/bcprov-jdk18on/1.78/bcprov-jdk18on-1.78.jar:/home/dhayaalank/.m2/repository/org/springframework/cloud/spring-cloud-netflix-eureka-client/4.1.3/spring-cloud-netflix-eureka-client-4.1.3.jar:/home/dhayaalank/.m2/repository/org/apache/httpcomponents/client5/httpclient5/5.3.1/httpclient5-5.3.1.jar:/home/dhayaalank/.m2/repository/org/apache/httpcomponents/core5/httpcore5/5.2.5/httpcore5-5.2.5.jar:/home/dhayaalank/.m2/repository/org/apache/httpcomponents/core5/httpcore5-h2/5.2.5/httpcore5-h2-5.2.5.jar:/home/dhayaalank/.m2/repository/com/netflix/eureka/eureka-client/2.0.3/eureka-client-2.0.3.jar:/home/dhayaalank/.m2/repository/com/thoughtworks/xstream/xstream/1.4.20/xstream-1.4.20.jar:/home/dhayaalank/.m2/repository/io/github/x-stream/mxparser/1.2.2/mxparser-1.2.2.jar:/home/dhayaalank/.m2/repository/xmlpull/xmlpull/1.1.3.1/xmlpull-1.1.3.1.jar:/home/dhayaalank/.m2/repository/jakarta/ws/rs/jakarta.ws.rs-api/3.1.0/jakarta.ws.rs-api-3.1.0.jar:/home/dhayaalank/.m2/repository/jakarta/inject/jakarta.inject-api/2.0.1/jakarta.inject-api-2.0.1.jar:/home/dhayaalank/.m2/repository/jakarta/annotation/jakarta.annotation-api/2.1.1/jakarta.annotation-api-2.1.1.jar:/home/dhayaalank/.m2/repository/com/netflix/spectator/spectator-api/1.7.3/spectator-api-1.7.3.jar:/home/dhayaalank/.m2/repository/org/apache/httpcomponents/httpclient/4.5.3/httpclient-4.5.3.jar:/home/dhayaalank/.m2/repository/org/apache/httpcomponents/httpcore/4.4.16/httpcore-4.4.16.jar:/home/dhayaalank/.m2/repository/commons-codec/commons-codec/1.16.1/commons-codec-1.16.1.jar:/home/dhayaalank/.m2/repository/commons-configuration/commons-configuration/1.10/commons-configuration-1.10.jar:/home/dhayaalank/.m2/repository/commons-lang/commons-lang/2.6/commons-lang-2.6.jar:/home/dhayaalank/.m2/repository/com/fasterxml/jackson/core/jackson-core/2.17.2/jackson-core-2.17.2.jar:/home/dhayaalank/.m2/repository/com/netflix/netflix-commons/netflix-eventbus/0.3.0/netflix-eventbus-0.3.0.jar:/home/dhayaalank/.m2/repository/com/netflix/netflix-commons/netflix-infix/0.3.0/netflix-infix-0.3.0.jar:/home/dhayaalank/.m2/repository/commons-jxpath/commons-jxpath/1.3/commons-jxpath-1.3.jar:/home/dhayaalank/.m2/repository/joda-time/joda-time/2.3/joda-time-2.3.jar:/home/dhayaalank/.m2/repository/org/antlr/antlr-runtime/3.4/antlr-runtime-3.4.jar:/home/dhayaalank/.m2/repository/org/antlr/stringtemplate/3.2.1/stringtemplate-3.2.1.jar:/home/dhayaalank/.m2/repository/antlr/antlr/2.7.7/antlr-2.7.7.jar:/home/dhayaalank/.m2/repository/com/google/code/gson/gson/2.10.1/gson-2.10.1.jar:/home/dhayaalank/.m2/repository/com/netflix/servo/servo-core/0.5.3/servo-core-0.5.3.jar:/home/dhayaalank/.m2/repository/org/apache/commons/commons-math/2.2/commons-math-2.2.jar:/home/dhayaalank/.m2/repository/javax/annotation/javax.annotation-api/1.2/javax.annotation-api-1.2.jar:/home/dhayaalank/.m2/repository/org/codehaus/jettison/jettison/1.5.4/jettison-1.5.4.jar:/home/dhayaalank/.m2/repository/com/netflix/eureka/eureka-core/2.0.3/eureka-core-2.0.3.jar:/home/dhayaalank/.m2/repository/com/fasterxml/woodstox/woodstox-core/6.2.1/woodstox-core-6.2.1.jar:/home/dhayaalank/.m2/repository/org/codehaus/woodstox/stax2-api/4.2.1/stax2-api-4.2.1.jar:/home/dhayaalank/.m2/repository/org/springframework/cloud/spring-cloud-starter-loadbalancer/4.1.4/spring-cloud-starter-loadbalancer-4.1.4.jar:/home/dhayaalank/.m2/repository/org/springframework/cloud/spring-cloud-loadbalancer/4.1.4/spring-cloud-loadbalancer-4.1.4.jar:/home/dhayaalank/.m2/repository/io/projectreactor/reactor-core/3.6.10/reactor-core-3.6.10.jar:/home/dhayaalank/.m2/repository/org/reactivestreams/reactive-streams/1.0.4/reactive-streams-1.0.4.jar:/home/dhayaalank/.m2/repository/io/projectreactor/addons/reactor-extra/3.5.2/reactor-extra-3.5.2.jar:/home/dhayaalank/.m2/repository/org/springframework/boot/spring-boot-starter-cache/3.3.4/spring-boot-starter-cache-3.3.4.jar:/home/dhayaalank/.m2/repository/org/springframework/spring-context-support/6.1.13/spring-context-support-6.1.13.jar:/home/dhayaalank/.m2/repository/com/stoyanr/evictor/1.0.0/evictor-1.0.0.jar:/home/dhayaalank/.m2/repository/org/springframework/cloud/spring-cloud-starter-config/4.1.3/spring-cloud-starter-config-4.1.3.jar:/home/dhayaalank/.m2/repository/org/springframework/cloud/spring-cloud-config-client/4.1.3/spring-cloud-config-client-4.1.3.jar:/home/dhayaalank/.m2/repository/com/fasterxml/jackson/core/jackson-databind/2.17.2/jackson-databind-2.17.2.jar:/home/dhayaalank/.m2/repository/org/springframework/boot/spring-boot-starter-data-jpa/3.3.4/spring-boot-starter-data-jpa-3.3.4.jar:/home/dhayaalank/.m2/repository/org/springframework/boot/spring-boot-starter-aop/3.3.4/spring-boot-starter-aop-3.3.4.jar:/home/dhayaalank/.m2/repository/org/aspectj/aspectjweaver/1.9.22.1/aspectjweaver-1.9.22.1.jar:/home/dhayaalank/.m2/repository/org/springframework/boot/spring-boot-starter-jdbc/3.3.4/spring-boot-starter-jdbc-3.3.4.jar:/home/dhayaalank/.m2/repository/com/zaxxer/HikariCP/5.1.0/HikariCP-5.1.0.jar:/home/dhayaalank/.m2/repository/org/springframework/spring-jdbc/6.1.13/spring-jdbc-6.1.13.jar:/home/dhayaalank/.m2/repository/org/hibernate/orm/hibernate-core/6.5.3.Final/hibernate-core-6.5.3.Final.jar:/home/dhayaalank/.m2/repository/jakarta/persistence/jakarta.persistence-api/3.1.0/jakarta.persistence-api-3.1.0.jar:/home/dhayaalank/.m2/repository/jakarta/transaction/jakarta.transaction-api/2.0.1/jakarta.transaction-api-2.0.1.jar:/home/dhayaalank/.m2/repository/org/jboss/logging/jboss-logging/3.5.3.Final/jboss-logging-3.5.3.Final.jar:/home/dhayaalank/.m2/repository/org/hibernate/common/hibernate-commons-annotations/6.0.6.Final/hibernate-commons-annotations-6.0.6.Final.jar:/home/dhayaalank/.m2/repository/io/smallrye/jandex/3.1.2/jandex-3.1.2.jar:/home/dhayaalank/.m2/repository/net/bytebuddy/byte-buddy/1.14.19/byte-buddy-1.14.19.jar:/home/dhayaalank/.m2/repository/org/glassfish/jaxb/jaxb-runtime/4.0.5/jaxb-runtime-4.0.5.jar:/home/dhayaalank/.m2/repository/org/glassfish/jaxb/jaxb-core/4.0.5/jaxb-core-4.0.5.jar:/home/dhayaalank/.m2/repository/org/eclipse/angus/angus-activation/2.0.2/angus-activation-2.0.2.jar:/home/dhayaalank/.m2/repository/org/glassfish/jaxb/txw2/4.0.5/txw2-4.0.5.jar:/home/dhayaalank/.m2/repository/com/sun/istack/istack-commons-runtime/4.1.2/istack-commons-runtime-4.1.2.jar:/home/dhayaalank/.m2/repository/org/antlr/antlr4-runtime/4.13.0/antlr4-runtime-4.13.0.jar:/home/dhayaalank/.m2/repository/org/springframework/data/spring-data-jpa/3.3.4/spring-data-jpa-3.3.4.jar:/home/dhayaalank/.m2/repository/org/springframework/data/spring-data-commons/3.3.4/spring-data-commons-3.3.4.jar:/home/dhayaalank/.m2/repository/org/springframework/spring-orm/6.1.13/spring-orm-6.1.13.jar:/home/dhayaalank/.m2/repository/org/springframework/spring-tx/6.1.13/spring-tx-6.1.13.jar:/home/dhayaalank/.m2/repository/org/springframework/spring-aspects/6.1.13/spring-aspects-6.1.13.jar:/home/dhayaalank/.m2/repository/org/springframework/boot/spring-boot-starter-web/3.3.4/spring-boot-starter-web-3.3.4.jar:/home/dhayaalank/.m2/repository/org/springframework/boot/spring-boot-starter/3.3.4/spring-boot-starter-3.3.4.jar:/home/dhayaalank/.m2/repository/org/springframework/boot/spring-boot/3.3.4/spring-boot-3.3.4.jar:/home/dhayaalank/.m2/repository/org/springframework/boot/spring-boot-starter-logging/3.3.4/spring-boot-starter-logging-3.3.4.jar:/home/dhayaalank/.m2/repository/ch/qos/logback/logback-classic/1.5.8/logback-classic-1.5.8.jar:/home/dhayaalank/.m2/repository/ch/qos/logback/logback-core/1.5.8/logback-core-1.5.8.jar:/home/dhayaalank/.m2/repository/org/apache/logging/log4j/log4j-to-slf4j/2.23.1/log4j-to-slf4j-2.23.1.jar:/home/dhayaalank/.m2/repository/org/apache/logging/log4j/log4j-api/2.23.1/log4j-api-2.23.1.jar:/home/dhayaalank/.m2/repository/org/slf4j/jul-to-slf4j/2.0.16/jul-to-slf4j-2.0.16.jar:/home/dhayaalank/.m2/repository/org/yaml/snakeyaml/2.2/snakeyaml-2.2.jar:/home/dhayaalank/.m2/repository/org/springframework/boot/spring-boot-starter-json/3.3.4/spring-boot-starter-json-3.3.4.jar:/home/dhayaalank/.m2/repository/com/fasterxml/jackson/datatype/jackson-datatype-jdk8/2.17.2/jackson-datatype-jdk8-2.17.2.jar:/home/dhayaalank/.m2/repository/com/fasterxml/jackson/datatype/jackson-datatype-jsr310/2.17.2/jackson-datatype-jsr310-2.17.2.jar:/home/dhayaalank/.m2/repository/com/fasterxml/jackson/module/jackson-module-parameter-names/2.17.2/jackson-module-parameter-names-2.17.2.jar:/home/dhayaalank/.m2/repository/org/springframework/boot/spring-boot-starter-tomcat/3.3.4/spring-boot-starter-tomcat-3.3.4.jar:/home/dhayaalank/.m2/repository/org/apache/tomcat/embed/tomcat-embed-core/10.1.30/tomcat-embed-core-10.1.30.jar:/home/dhayaalank/.m2/repository/org/apache/tomcat/embed/tomcat-embed-el/10.1.30/tomcat-embed-el-10.1.30.jar:/home/dhayaalank/.m2/repository/org/apache/tomcat/embed/tomcat-embed-websocket/10.1.30/tomcat-embed-websocket-10.1.30.jar:/home/dhayaalank/.m2/repository/org/springframework/spring-web/6.1.13/spring-web-6.1.13.jar:/home/dhayaalank/.m2/repository/io/micrometer/micrometer-observation/1.13.4/micrometer-observation-1.13.4.jar:/home/dhayaalank/.m2/repository/io/micrometer/micrometer-commons/1.13.4/micrometer-commons-1.13.4.jar:/home/dhayaalank/.m2/repository/org/springframework/cloud/spring-cloud-starter-sleuth/3.1.11/spring-cloud-starter-sleuth-3.1.11.jar:/home/dhayaalank/.m2/repository/org/springframework/cloud/spring-cloud-sleuth-autoconfigure/3.1.11/spring-cloud-sleuth-autoconfigure-3.1.11.jar:/home/dhayaalank/.m2/repository/org/springframework/cloud/spring-cloud-sleuth-instrumentation/3.1.11/spring-cloud-sleuth-instrumentation-3.1.11.jar:/home/dhayaalank/.m2/repository/org/springframework/cloud/spring-cloud-sleuth-api/3.1.11/spring-cloud-sleuth-api-3.1.11.jar:/home/dhayaalank/.m2/repository/org/aspectj/aspectjrt/1.9.22.1/aspectjrt-1.9.22.1.jar:/home/dhayaalank/.m2/repository/org/springframework/cloud/spring-cloud-sleuth-brave/3.1.11/spring-cloud-sleuth-brave-3.1.11.jar:/home/dhayaalank/.m2/repository/io/zipkin/brave/brave/6.0.3/brave-6.0.3.jar:/home/dhayaalank/.m2/repository/io/zipkin/brave/brave-context-slf4j/6.0.3/brave-context-slf4j-6.0.3.jar:/home/dhayaalank/.m2/repository/io/zipkin/brave/brave-instrumentation-messaging/6.0.3/brave-instrumentation-messaging-6.0.3.jar:/home/dhayaalank/.m2/repository/io/zipkin/brave/brave-instrumentation-rpc/6.0.3/brave-instrumentation-rpc-6.0.3.jar:/home/dhayaalank/.m2/repository/io/zipkin/brave/brave-instrumentation-spring-rabbit/6.0.3/brave-instrumentation-spring-rabbit-6.0.3.jar:/home/dhayaalank/.m2/repository/io/zipkin/brave/brave-instrumentation-kafka-clients/6.0.3/brave-instrumentation-kafka-clients-6.0.3.jar:/home/dhayaalank/.m2/repository/io/zipkin/brave/brave-instrumentation-kafka-streams/6.0.3/brave-instrumentation-kafka-streams-6.0.3.jar:/home/dhayaalank/.m2/repository/io/zipkin/brave/brave-instrumentation-httpclient/6.0.3/brave-instrumentation-httpclient-6.0.3.jar:/home/dhayaalank/.m2/repository/io/zipkin/brave/brave-instrumentation-http/6.0.3/brave-instrumentation-http-6.0.3.jar:/home/dhayaalank/.m2/repository/io/zipkin/brave/brave-instrumentation-httpasyncclient/6.0.3/brave-instrumentation-httpasyncclient-6.0.3.jar:/home/dhayaalank/.m2/repository/io/zipkin/brave/brave-instrumentation-jms/6.0.3/brave-instrumentation-jms-6.0.3.jar:/home/dhayaalank/.m2/repository/io/zipkin/brave/brave-instrumentation-mongodb/6.0.3/brave-instrumentation-mongodb-6.0.3.jar:/home/dhayaalank/.m2/repository/io/zipkin/aws/brave-propagation-aws/0.21.3/brave-propagation-aws-0.21.3.jar:/home/dhayaalank/.m2/repository/io/zipkin/reporter2/zipkin-reporter-metrics-micrometer/3.4.2/zipkin-reporter-metrics-micrometer-3.4.2.jar:/home/dhayaalank/.m2/repository/org/springframework/cloud/spring-cloud-starter-zipkin/2.2.2.RELEASE/spring-cloud-starter-zipkin-2.2.2.RELEASE.jar:/home/dhayaalank/.m2/repository/org/springframework/cloud/spring-cloud-sleuth-zipkin/2.2.2.RELEASE/spring-cloud-sleuth-zipkin-2.2.2.RELEASE.jar:/home/dhayaalank/.m2/repository/org/springframework/cloud/spring-cloud-sleuth-core/2.2.2.RELEASE/spring-cloud-sleuth-core-2.2.2.RELEASE.jar:/home/dhayaalank/.m2/repository/io/zipkin/brave/brave-context-log4j2/6.0.3/brave-context-log4j2-6.0.3.jar:/home/dhayaalank/.m2/repository/io/zipkin/brave/brave-instrumentation-spring-web/6.0.3/brave-instrumentation-spring-web-6.0.3.jar:/home/dhayaalank/.m2/repository/io/zipkin/brave/brave-instrumentation-spring-webmvc/6.0.3/brave-instrumentation-spring-webmvc-6.0.3.jar:/home/dhayaalank/.m2/repository/io/zipkin/brave/brave-instrumentation-servlet/6.0.3/brave-instrumentation-servlet-6.0.3.jar:/home/dhayaalank/.m2/repository/io/zipkin/zipkin2/zipkin/2.27.1/zipkin-2.27.1.jar:/home/dhayaalank/.m2/repository/io/zipkin/reporter2/zipkin-reporter/3.4.2/zipkin-reporter-3.4.2.jar:/home/dhayaalank/.m2/repository/io/zipkin/reporter2/zipkin-sender-kafka/3.4.2/zipkin-sender-kafka-3.4.2.jar:/home/dhayaalank/.m2/repository/io/zipkin/reporter2/zipkin-sender-activemq-client/3.4.2/zipkin-sender-activemq-client-3.4.2.jar:/home/dhayaalank/.m2/repository/io/zipkin/reporter2/zipkin-sender-amqp-client/3.4.2/zipkin-sender-amqp-client-3.4.2.jar:/home/dhayaalank/.m2/repository/com/h2database/h2/2.2.224/h2-2.2.224.jar:/home/dhayaalank/.m2/repository/org/projectlombok/lombok/1.18.34/lombok-1.18.34.jar:/home/dhayaalank/.m2/repository/org/springframework/boot/spring-boot-starter-test/3.3.4/spring-boot-starter-test-3.3.4.jar:/home/dhayaalank/.m2/repository/org/springframework/boot/spring-boot-test/3.3.4/spring-boot-test-3.3.4.jar:/home/dhayaalank/.m2/repository/org/springframework/boot/spring-boot-test-autoconfigure/3.3.4/spring-boot-test-autoconfigure-3.3.4.jar:/home/dhayaalank/.m2/repository/com/jayway/jsonpath/json-path/2.9.0/json-path-2.9.0.jar:/home/dhayaalank/.m2/repository/jakarta/xml/bind/jakarta.xml.bind-api/4.0.2/jakarta.xml.bind-api-4.0.2.jar:/home/dhayaalank/.m2/repository/jakarta/activation/jakarta.activation-api/2.1.3/jakarta.activation-api-2.1.3.jar:/home/dhayaalank/.m2/repository/net/minidev/json-smart/2.5.1/json-smart-2.5.1.jar:/home/dhayaalank/.m2/repository/net/minidev/accessors-smart/2.5.1/accessors-smart-2.5.1.jar:/home/dhayaalank/.m2/repository/org/ow2/asm/asm/9.6/asm-9.6.jar:/home/dhayaalank/.m2/repository/org/assertj/assertj-core/3.25.3/assertj-core-3.25.3.jar:/home/dhayaalank/.m2/repository/org/awaitility/awaitility/4.2.2/awaitility-4.2.2.jar:/home/dhayaalank/.m2/repository/org/hamcrest/hamcrest/2.2/hamcrest-2.2.jar:/home/dhayaalank/.m2/repository/org/junit/jupiter/junit-jupiter/5.10.3/junit-jupiter-5.10.3.jar:/home/dhayaalank/.m2/repository/org/junit/jupiter/junit-jupiter-api/5.10.3/junit-jupiter-api-5.10.3.jar:/home/dhayaalank/.m2/repository/org/opentest4j/opentest4j/1.3.0/opentest4j-1.3.0.jar:/home/dhayaalank/.m2/repository/org/junit/platform/junit-platform-commons/1.10.3/junit-platform-commons-1.10.3.jar:/home/dhayaalank/.m2/repository/org/apiguardian/apiguardian-api/1.1.2/apiguardian-api-1.1.2.jar:/home/dhayaalank/.m2/repository/org/junit/jupiter/junit-jupiter-params/5.10.3/junit-jupiter-params-5.10.3.jar:/home/dhayaalank/.m2/repository/org/junit/jupiter/junit-jupiter-engine/5.10.3/junit-jupiter-engine-5.10.3.jar:/home/dhayaalank/.m2/repository/org/junit/platform/junit-platform-engine/1.10.3/junit-platform-engine-1.10.3.jar:/home/dhayaalank/.m2/repository/org/mockito/mockito-core/5.11.0/mockito-core-5.11.0.jar:/home/dhayaalank/.m2/repository/net/bytebuddy/byte-buddy-agent/1.14.19/byte-buddy-agent-1.14.19.jar:/home/dhayaalank/.m2/repository/org/objenesis/objenesis/3.3/objenesis-3.3.jar:/home/dhayaalank/.m2/repository/org/mockito/mockito-junit-jupiter/5.11.0/mockito-junit-jupiter-5.11.0.jar:/home/dhayaalank/.m2/repository/org/skyscreamer/jsonassert/1.5.3/jsonassert-1.5.3.jar:/home/dhayaalank/.m2/repository/com/vaadin/external/google/android-json/0.0.20131108.vaadin1/android-json-0.0.20131108.vaadin1.jar:/home/dhayaalank/.m2/repository/org/springframework/spring-core/6.1.13/spring-core-6.1.13.jar:/home/dhayaalank/.m2/repository/org/springframework/spring-jcl/6.1.13/spring-jcl-6.1.13.jar:/home/dhayaalank/.m2/repository/org/springframework/spring-test/6.1.13/spring-test-6.1.13.jar:/home/dhayaalank/.m2/repository/org/xmlunit/xmlunit-core/2.9.1/xmlunit-core-2.9.1.jar:"/>
    <property name="java.vm.vendor" value="Amazon.com Inc."/>
    <property name="sun.arch.data.model" value="64"/>
    <property name="java.vendor.url" value="https://aws.amazon.com/corretto/"/>
    <property name="user.timezone" value="Asia/Kolkata"/>
    <property name="os.name" value="Linux"/>
    <property name="java.vm.specification.version" value="17"/>
    <property name="sun.java.launcher" value="SUN_STANDARD"/>
    <property name="user.country" value="IN"/>
    <property name="sun.boot.library.path" value="/home/dhayaalank/.jdks/corretto-17.0.11/lib"/>
    <property name="sun.java.command" value="/home/dhayaalank/Dhayaalan/Microservice/payment-service/target/surefire/surefirebooter-20240925011200846_3.jar /home/dhayaalank/Dhayaalan/Microservice/payment-service/target/surefire 2024-09-25T01-12-00_766-jvmRun1 surefire-20240925011200846_1tmp surefire_0-20240925011200846_2tmp"/>
    <property name="jdk.debug" value="release"/>
    <property name="surefire.test.class.path" value="/home/dhayaalank/Dhayaalan/Microservice/payment-service/target/test-classes:/home/dhayaalank/Dhayaalan/Microservice/payment-service/target/classes:/home/dhayaalank/.m2/repository/org/springdoc/springdoc-openapi-webmvc-core/1.2.32/springdoc-openapi-webmvc-core-1.2.32.jar:/home/dhayaalank/.m2/repository/org/springdoc/springdoc-openapi-common/1.2.32/springdoc-openapi-common-1.2.32.jar:/home/dhayaalank/.m2/repository/org/springframework/boot/spring-boot-autoconfigure/3.3.4/spring-boot-autoconfigure-3.3.4.jar:/home/dhayaalank/.m2/repository/io/swagger/core/v3/swagger-models/2.1.1/swagger-models-2.1.1.jar:/home/dhayaalank/.m2/repository/io/swagger/core/v3/swagger-annotations/2.1.1/swagger-annotations-2.1.1.jar:/home/dhayaalank/.m2/repository/io/swagger/core/v3/swagger-integration/2.1.1/swagger-integration-2.1.1.jar:/home/dhayaalank/.m2/repository/io/swagger/core/v3/swagger-core/2.1.1/swagger-core-2.1.1.jar:/home/dhayaalank/.m2/repository/javax/xml/bind/jaxb-api/2.3.0/jaxb-api-2.3.0.jar:/home/dhayaalank/.m2/repository/com/fasterxml/jackson/dataformat/jackson-dataformat-yaml/2.17.2/jackson-dataformat-yaml-2.17.2.jar:/home/dhayaalank/.m2/repository/javax/validation/validation-api/1.1.0.Final/validation-api-1.1.0.Final.jar:/home/dhayaalank/.m2/repository/io/github/classgraph/classgraph/4.8.44/classgraph-4.8.44.jar:/home/dhayaalank/.m2/repository/org/apache/commons/commons-lang3/3.14.0/commons-lang3-3.14.0.jar:/home/dhayaalank/.m2/repository/org/springframework/spring-webmvc/6.1.13/spring-webmvc-6.1.13.jar:/home/dhayaalank/.m2/repository/org/springframework/spring-aop/6.1.13/spring-aop-6.1.13.jar:/home/dhayaalank/.m2/repository/org/springframework/spring-beans/6.1.13/spring-beans-6.1.13.jar:/home/dhayaalank/.m2/repository/org/springframework/spring-context/6.1.13/spring-context-6.1.13.jar:/home/dhayaalank/.m2/repository/org/springframework/spring-expression/6.1.13/spring-expression-6.1.13.jar:/home/dhayaalank/.m2/repository/io/springfox/springfox-swagger2/2.9.2/springfox-swagger2-2.9.2.jar:/home/dhayaalank/.m2/repository/io/swagger/swagger-annotations/1.5.20/swagger-annotations-1.5.20.jar:/home/dhayaalank/.m2/repository/io/swagger/swagger-models/1.5.20/swagger-models-1.5.20.jar:/home/dhayaalank/.m2/repository/com/fasterxml/jackson/core/jackson-annotations/2.17.2/jackson-annotations-2.17.2.jar:/home/dhayaalank/.m2/repository/io/springfox/springfox-spi/2.9.2/springfox-spi-2.9.2.jar:/home/dhayaalank/.m2/repository/io/springfox/springfox-core/2.9.2/springfox-core-2.9.2.jar:/home/dhayaalank/.m2/repository/io/springfox/springfox-schema/2.9.2/springfox-schema-2.9.2.jar:/home/dhayaalank/.m2/repository/io/springfox/springfox-swagger-common/2.9.2/springfox-swagger-common-2.9.2.jar:/home/dhayaalank/.m2/repository/io/springfox/springfox-spring-web/2.9.2/springfox-spring-web-2.9.2.jar:/home/dhayaalank/.m2/repository/com/google/guava/guava/20.0/guava-20.0.jar:/home/dhayaalank/.m2/repository/com/fasterxml/classmate/1.7.0/classmate-1.7.0.jar:/home/dhayaalank/.m2/repository/org/slf4j/slf4j-api/2.0.16/slf4j-api-2.0.16.jar:/home/dhayaalank/.m2/repository/org/springframework/plugin/spring-plugin-core/1.2.0.RELEASE/spring-plugin-core-1.2.0.RELEASE.jar:/home/dhayaalank/.m2/repository/org/springframework/plugin/spring-plugin-metadata/1.2.0.RELEASE/spring-plugin-metadata-1.2.0.RELEASE.jar:/home/dhayaalank/.m2/repository/org/mapstruct/mapstruct/1.2.0.Final/mapstruct-1.2.0.Final.jar:/home/dhayaalank/.m2/repository/org/springframework/cloud/spring-cloud-starter-netflix-eureka-client/4.1.3/spring-cloud-starter-netflix-eureka-client-4.1.3.jar:/home/dhayaalank/.m2/repository/org/springframework/cloud/spring-cloud-starter/4.1.4/spring-cloud-starter-4.1.4.jar:/home/dhayaalank/.m2/repository/org/springframework/cloud/spring-cloud-context/4.1.4/spring-cloud-context-4.1.4.jar:/home/dhayaalank/.m2/repository/org/springframework/security/spring-security-crypto/6.3.3/spring-security-crypto-6.3.3.jar:/home/dhayaalank/.m2/repository/org/springframework/cloud/spring-cloud-commons/4.1.4/spring-cloud-commons-4.1.4.jar:/home/dhayaalank/.m2/repository/org/springframework/security/spring-security-rsa/1.1.3/spring-security-rsa-1.1.3.jar:/home/dhayaalank/.m2/repository/org/bouncycastle/bcprov-jdk18on/1.78/bcprov-jdk18on-1.78.jar:/home/dhayaalank/.m2/repository/org/springframework/cloud/spring-cloud-netflix-eureka-client/4.1.3/spring-cloud-netflix-eureka-client-4.1.3.jar:/home/dhayaalank/.m2/repository/org/apache/httpcomponents/client5/httpclient5/5.3.1/httpclient5-5.3.1.jar:/home/dhayaalank/.m2/repository/org/apache/httpcomponents/core5/httpcore5/5.2.5/httpcore5-5.2.5.jar:/home/dhayaalank/.m2/repository/org/apache/httpcomponents/core5/httpcore5-h2/5.2.5/httpcore5-h2-5.2.5.jar:/home/dhayaalank/.m2/repository/com/netflix/eureka/eureka-client/2.0.3/eureka-client-2.0.3.jar:/home/dhayaalank/.m2/repository/com/thoughtworks/xstream/xstream/1.4.20/xstream-1.4.20.jar:/home/dhayaalank/.m2/repository/io/github/x-stream/mxparser/1.2.2/mxparser-1.2.2.jar:/home/dhayaalank/.m2/repository/xmlpull/xmlpull/1.1.3.1/xmlpull-1.1.3.1.jar:/home/dhayaalank/.m2/repository/jakarta/ws/rs/jakarta.ws.rs-api/3.1.0/jakarta.ws.rs-api-3.1.0.jar:/home/dhayaalank/.m2/repository/jakarta/inject/jakarta.inject-api/2.0.1/jakarta.inject-api-2.0.1.jar:/home/dhayaalank/.m2/repository/jakarta/annotation/jakarta.annotation-api/2.1.1/jakarta.annotation-api-2.1.1.jar:/home/dhayaalank/.m2/repository/com/netflix/spectator/spectator-api/1.7.3/spectator-api-1.7.3.jar:/home/dhayaalank/.m2/repository/org/apache/httpcomponents/httpclient/4.5.3/httpclient-4.5.3.jar:/home/dhayaalank/.m2/repository/org/apache/httpcomponents/httpcore/4.4.16/httpcore-4.4.16.jar:/home/dhayaalank/.m2/repository/commons-codec/commons-codec/1.16.1/commons-codec-1.16.1.jar:/home/dhayaalank/.m2/repository/commons-configuration/commons-configuration/1.10/commons-configuration-1.10.jar:/home/dhayaalank/.m2/repository/commons-lang/commons-lang/2.6/commons-lang-2.6.jar:/home/dhayaalank/.m2/repository/com/fasterxml/jackson/core/jackson-core/2.17.2/jackson-core-2.17.2.jar:/home/dhayaalank/.m2/repository/com/netflix/netflix-commons/netflix-eventbus/0.3.0/netflix-eventbus-0.3.0.jar:/home/dhayaalank/.m2/repository/com/netflix/netflix-commons/netflix-infix/0.3.0/netflix-infix-0.3.0.jar:/home/dhayaalank/.m2/repository/commons-jxpath/commons-jxpath/1.3/commons-jxpath-1.3.jar:/home/dhayaalank/.m2/repository/joda-time/joda-time/2.3/joda-time-2.3.jar:/home/dhayaalank/.m2/repository/org/antlr/antlr-runtime/3.4/antlr-runtime-3.4.jar:/home/dhayaalank/.m2/repository/org/antlr/stringtemplate/3.2.1/stringtemplate-3.2.1.jar:/home/dhayaalank/.m2/repository/antlr/antlr/2.7.7/antlr-2.7.7.jar:/home/dhayaalank/.m2/repository/com/google/code/gson/gson/2.10.1/gson-2.10.1.jar:/home/dhayaalank/.m2/repository/com/netflix/servo/servo-core/0.5.3/servo-core-0.5.3.jar:/home/dhayaalank/.m2/repository/org/apache/commons/commons-math/2.2/commons-math-2.2.jar:/home/dhayaalank/.m2/repository/javax/annotation/javax.annotation-api/1.2/javax.annotation-api-1.2.jar:/home/dhayaalank/.m2/repository/org/codehaus/jettison/jettison/1.5.4/jettison-1.5.4.jar:/home/dhayaalank/.m2/repository/com/netflix/eureka/eureka-core/2.0.3/eureka-core-2.0.3.jar:/home/dhayaalank/.m2/repository/com/fasterxml/woodstox/woodstox-core/6.2.1/woodstox-core-6.2.1.jar:/home/dhayaalank/.m2/repository/org/codehaus/woodstox/stax2-api/4.2.1/stax2-api-4.2.1.jar:/home/dhayaalank/.m2/repository/org/springframework/cloud/spring-cloud-starter-loadbalancer/4.1.4/spring-cloud-starter-loadbalancer-4.1.4.jar:/home/dhayaalank/.m2/repository/org/springframework/cloud/spring-cloud-loadbalancer/4.1.4/spring-cloud-loadbalancer-4.1.4.jar:/home/dhayaalank/.m2/repository/io/projectreactor/reactor-core/3.6.10/reactor-core-3.6.10.jar:/home/dhayaalank/.m2/repository/org/reactivestreams/reactive-streams/1.0.4/reactive-streams-1.0.4.jar:/home/dhayaalank/.m2/repository/io/projectreactor/addons/reactor-extra/3.5.2/reactor-extra-3.5.2.jar:/home/dhayaalank/.m2/repository/org/springframework/boot/spring-boot-starter-cache/3.3.4/spring-boot-starter-cache-3.3.4.jar:/home/dhayaalank/.m2/repository/org/springframework/spring-context-support/6.1.13/spring-context-support-6.1.13.jar:/home/dhayaalank/.m2/repository/com/stoyanr/evictor/1.0.0/evictor-1.0.0.jar:/home/dhayaalank/.m2/repository/org/springframework/cloud/spring-cloud-starter-config/4.1.3/spring-cloud-starter-config-4.1.3.jar:/home/dhayaalank/.m2/repository/org/springframework/cloud/spring-cloud-config-client/4.1.3/spring-cloud-config-client-4.1.3.jar:/home/dhayaalank/.m2/repository/com/fasterxml/jackson/core/jackson-databind/2.17.2/jackson-databind-2.17.2.jar:/home/dhayaalank/.m2/repository/org/springframework/boot/spring-boot-starter-data-jpa/3.3.4/spring-boot-starter-data-jpa-3.3.4.jar:/home/dhayaalank/.m2/repository/org/springframework/boot/spring-boot-starter-aop/3.3.4/spring-boot-starter-aop-3.3.4.jar:/home/dhayaalank/.m2/repository/org/aspectj/aspectjweaver/1.9.22.1/aspectjweaver-1.9.22.1.jar:/home/dhayaalank/.m2/repository/org/springframework/boot/spring-boot-starter-jdbc/3.3.4/spring-boot-starter-jdbc-3.3.4.jar:/home/dhayaalank/.m2/repository/com/zaxxer/HikariCP/5.1.0/HikariCP-5.1.0.jar:/home/dhayaalank/.m2/repository/org/springframework/spring-jdbc/6.1.13/spring-jdbc-6.1.13.jar:/home/dhayaalank/.m2/repository/org/hibernate/orm/hibernate-core/6.5.3.Final/hibernate-core-6.5.3.Final.jar:/home/dhayaalank/.m2/repository/jakarta/persistence/jakarta.persistence-api/3.1.0/jakarta.persistence-api-3.1.0.jar:/home/dhayaalank/.m2/repository/jakarta/transaction/jakarta.transaction-api/2.0.1/jakarta.transaction-api-2.0.1.jar:/home/dhayaalank/.m2/repository/org/jboss/logging/jboss-logging/3.5.3.Final/jboss-logging-3.5.3.Final.jar:/home/dhayaalank/.m2/repository/org/hibernate/common/hibernate-commons-annotations/6.0.6.Final/hibernate-commons-annotations-6.0.6.Final.jar:/home/dhayaalank/.m2/repository/io/smallrye/jandex/3.1.2/jandex-3.1.2.jar:/home/dhayaalank/.m2/repository/net/bytebuddy/byte-buddy/1.14.19/byte-buddy-1.14.19.jar:/home/dhayaalank/.m2/repository/org/glassfish/jaxb/jaxb-runtime/4.0.5/jaxb-runtime-4.0.5.jar:/home/dhayaalank/.m2/repository/org/glassfish/jaxb/jaxb-core/4.0.5/jaxb-core-4.0.5.jar:/home/dhayaalank/.m2/repository/org/eclipse/angus/angus-activation/2.0.2/angus-activation-2.0.2.jar:/home/dhayaalank/.m2/repository/org/glassfish/jaxb/txw2/4.0.5/txw2-4.0.5.jar:/home/dhayaalank/.m2/repository/com/sun/istack/istack-commons-runtime/4.1.2/istack-commons-runtime-4.1.2.jar:/home/dhayaalank/.m2/repository/org/antlr/antlr4-runtime/4.13.0/antlr4-runtime-4.13.0.jar:/home/dhayaalank/.m2/repository/org/springframework/data/spring-data-jpa/3.3.4/spring-data-jpa-3.3.4.jar:/home/dhayaalank/.m2/repository/org/springframework/data/spring-data-commons/3.3.4/spring-data-commons-3.3.4.jar:/home/dhayaalank/.m2/repository/org/springframework/spring-orm/6.1.13/spring-orm-6.1.13.jar:/home/dhayaalank/.m2/repository/org/springframework/spring-tx/6.1.13/spring-tx-6.1.13.jar:/home/dhayaalank/.m2/repository/org/springframework/spring-aspects/6.1.13/spring-aspects-6.1.13.jar:/home/dhayaalank/.m2/repository/org/springframework/boot/spring-boot-starter-web/3.3.4/spring-boot-starter-web-3.3.4.jar:/home/dhayaalank/.m2/repository/org/springframework/boot/spring-boot-starter/3.3.4/spring-boot-starter-3.3.4.jar:/home/dhayaalank/.m2/repository/org/springframework/boot/spring-boot/3.3.4/spring-boot-3.3.4.jar:/home/dhayaalank/.m2/repository/org/springframework/boot/spring-boot-starter-logging/3.3.4/spring-boot-starter-logging-3.3.4.jar:/home/dhayaalank/.m2/repository/ch/qos/logback/logback-classic/1.5.8/logback-classic-1.5.8.jar:/home/dhayaalank/.m2/repository/ch/qos/logback/logback-core/1.5.8/logback-core-1.5.8.jar:/home/dhayaalank/.m2/repository/org/apache/logging/log4j/log4j-to-slf4j/2.23.1/log4j-to-slf4j-2.23.1.jar:/home/dhayaalank/.m2/repository/org/apache/logging/log4j/log4j-api/2.23.1/log4j-api-2.23.1.jar:/home/dhayaalank/.m2/repository/org/slf4j/jul-to-slf4j/2.0.16/jul-to-slf4j-2.0.16.jar:/home/dhayaalank/.m2/repository/org/yaml/snakeyaml/2.2/snakeyaml-2.2.jar:/home/dhayaalank/.m2/repository/org/springframework/boot/spring-boot-starter-json/3.3.4/spring-boot-starter-json-3.3.4.jar:/home/dhayaalank/.m2/repository/com/fasterxml/jackson/datatype/jackson-datatype-jdk8/2.17.2/jackson-datatype-jdk8-2.17.2.jar:/home/dhayaalank/.m2/repository/com/fasterxml/jackson/datatype/jackson-datatype-jsr310/2.17.2/jackson-datatype-jsr310-2.17.2.jar:/home/dhayaalank/.m2/repository/com/fasterxml/jackson/module/jackson-module-parameter-names/2.17.2/jackson-module-parameter-names-2.17.2.jar:/home/dhayaalank/.m2/repository/org/springframework/boot/spring-boot-starter-tomcat/3.3.4/spring-boot-starter-tomcat-3.3.4.jar:/home/dhayaalank/.m2/repository/org/apache/tomcat/embed/tomcat-embed-core/10.1.30/tomcat-embed-core-10.1.30.jar:/home/dhayaalank/.m2/repository/org/apache/tomcat/embed/tomcat-embed-el/10.1.30/tomcat-embed-el-10.1.30.jar:/home/dhayaalank/.m2/repository/org/apache/tomcat/embed/tomcat-embed-websocket/10.1.30/tomcat-embed-websocket-10.1.30.jar:/home/dhayaalank/.m2/repository/org/springframework/spring-web/6.1.13/spring-web-6.1.13.jar:/home/dhayaalank/.m2/repository/io/micrometer/micrometer-observation/1.13.4/micrometer-observation-1.13.4.jar:/home/dhayaalank/.m2/repository/io/micrometer/micrometer-commons/1.13.4/micrometer-commons-1.13.4.jar:/home/dhayaalank/.m2/repository/org/springframework/cloud/spring-cloud-starter-sleuth/3.1.11/spring-cloud-starter-sleuth-3.1.11.jar:/home/dhayaalank/.m2/repository/org/springframework/cloud/spring-cloud-sleuth-autoconfigure/3.1.11/spring-cloud-sleuth-autoconfigure-3.1.11.jar:/home/dhayaalank/.m2/repository/org/springframework/cloud/spring-cloud-sleuth-instrumentation/3.1.11/spring-cloud-sleuth-instrumentation-3.1.11.jar:/home/dhayaalank/.m2/repository/org/springframework/cloud/spring-cloud-sleuth-api/3.1.11/spring-cloud-sleuth-api-3.1.11.jar:/home/dhayaalank/.m2/repository/org/aspectj/aspectjrt/1.9.22.1/aspectjrt-1.9.22.1.jar:/home/dhayaalank/.m2/repository/org/springframework/cloud/spring-cloud-sleuth-brave/3.1.11/spring-cloud-sleuth-brave-3.1.11.jar:/home/dhayaalank/.m2/repository/io/zipkin/brave/brave/6.0.3/brave-6.0.3.jar:/home/dhayaalank/.m2/repository/io/zipkin/brave/brave-context-slf4j/6.0.3/brave-context-slf4j-6.0.3.jar:/home/dhayaalank/.m2/repository/io/zipkin/brave/brave-instrumentation-messaging/6.0.3/brave-instrumentation-messaging-6.0.3.jar:/home/dhayaalank/.m2/repository/io/zipkin/brave/brave-instrumentation-rpc/6.0.3/brave-instrumentation-rpc-6.0.3.jar:/home/dhayaalank/.m2/repository/io/zipkin/brave/brave-instrumentation-spring-rabbit/6.0.3/brave-instrumentation-spring-rabbit-6.0.3.jar:/home/dhayaalank/.m2/repository/io/zipkin/brave/brave-instrumentation-kafka-clients/6.0.3/brave-instrumentation-kafka-clients-6.0.3.jar:/home/dhayaalank/.m2/repository/io/zipkin/brave/brave-instrumentation-kafka-streams/6.0.3/brave-instrumentation-kafka-streams-6.0.3.jar:/home/dhayaalank/.m2/repository/io/zipkin/brave/brave-instrumentation-httpclient/6.0.3/brave-instrumentation-httpclient-6.0.3.jar:/home/dhayaalank/.m2/repository/io/zipkin/brave/brave-instrumentation-http/6.0.3/brave-instrumentation-http-6.0.3.jar:/home/dhayaalank/.m2/repository/io/zipkin/brave/brave-instrumentation-httpasyncclient/6.0.3/brave-instrumentation-httpasyncclient-6.0.3.jar:/home/dhayaalank/.m2/repository/io/zipkin/brave/brave-instrumentation-jms/6.0.3/brave-instrumentation-jms-6.0.3.jar:/home/dhayaalank/.m2/repository/io/zipkin/brave/brave-instrumentation-mongodb/6.0.3/brave-instrumentation-mongodb-6.0.3.jar:/home/dhayaalank/.m2/repository/io/zipkin/aws/brave-propagation-aws/0.21.3/brave-propagation-aws-0.21.3.jar:/home/dhayaalank/.m2/repository/io/zipkin/reporter2/zipkin-reporter-metrics-micrometer/3.4.2/zipkin-reporter-metrics-micrometer-3.4.2.jar:/home/dhayaalank/.m2/repository/org/springframework/cloud/spring-cloud-starter-zipkin/2.2.2.RELEASE/spring-cloud-starter-zipkin-2.2.2.RELEASE.jar:/home/dhayaalank/.m2/repository/org/springframework/cloud/spring-cloud-sleuth-zipkin/2.2.2.RELEASE/spring-cloud-sleuth-zipkin-2.2.2.RELEASE.jar:/home/dhayaalank/.m2/repository/org/springframework/cloud/spring-cloud-sleuth-core/2.2.2.RELEASE/spring-cloud-sleuth-core-2.2.2.RELEASE.jar:/home/dhayaalank/.m2/repository/io/zipkin/brave/brave-context-log4j2/6.0.3/brave-context-log4j2-6.0.3.jar:/home/dhayaalank/.m2/repository/io/zipkin/brave/brave-instrumentation-spring-web/6.0.3/brave-instrumentation-spring-web-6.0.3.jar:/home/dhayaalank/.m2/repository/io/zipkin/brave/brave-instrumentation-spring-webmvc/6.0.3/brave-instrumentation-spring-webmvc-6.0.3.jar:/home/dhayaalank/.m2/repository/io/zipkin/brave/brave-instrumentation-servlet/6.0.3/brave-instrumentation-servlet-6.0.3.jar:/home/dhayaalank/.m2/repository/io/zipkin/zipkin2/zipkin/2.27.1/zipkin-2.27.1.jar:/home/dhayaalank/.m2/repository/io/zipkin/reporter2/zipkin-reporter/3.4.2/zipkin-reporter-3.4.2.jar:/home/dhayaalank/.m2/repository/io/zipkin/reporter2/zipkin-sender-kafka/3.4.2/zipkin-sender-kafka-3.4.2.jar:/home/dhayaalank/.m2/repository/io/zipkin/reporter2/zipkin-sender-activemq-client/3.4.2/zipkin-sender-activemq-client-3.4.2.jar:/home/dhayaalank/.m2/repository/io/zipkin/reporter2/zipkin-sender-amqp-client/3.4.2/zipkin-sender-amqp-client-3.4.2.jar:/home/dhayaalank/.m2/repository/com/h2database/h2/2.2.224/h2-2.2.224.jar:/home/dhayaalank/.m2/repository/org/projectlombok/lombok/1.18.34/lombok-1.18.34.jar:/home/dhayaalank/.m2/repository/org/springframework/boot/spring-boot-starter-test/3.3.4/spring-boot-starter-test-3.3.4.jar:/home/dhayaalank/.m2/repository/org/springframework/boot/spring-boot-test/3.3.4/spring-boot-test-3.3.4.jar:/home/dhayaalank/.m2/repository/org/springframework/boot/spring-boot-test-autoconfigure/3.3.4/spring-boot-test-autoconfigure-3.3.4.jar:/home/dhayaalank/.m2/repository/com/jayway/jsonpath/json-path/2.9.0/json-path-2.9.0.jar:/home/dhayaalank/.m2/repository/jakarta/xml/bind/jakarta.xml.bind-api/4.0.2/jakarta.xml.bind-api-4.0.2.jar:/home/dhayaalank/.m2/repository/jakarta/activation/jakarta.activation-api/2.1.3/jakarta.activation-api-2.1.3.jar:/home/dhayaalank/.m2/repository/net/minidev/json-smart/2.5.1/json-smart-2.5.1.jar:/home/dhayaalank/.m2/repository/net/minidev/accessors-smart/2.5.1/accessors-smart-2.5.1.jar:/home/dhayaalank/.m2/repository/org/ow2/asm/asm/9.6/asm-9.6.jar:/home/dhayaalank/.m2/repository/org/assertj/assertj-core/3.25.3/assertj-core-3.25.3.jar:/home/dhayaalank/.m2/repository/org/awaitility/awaitility/4.2.2/awaitility-4.2.2.jar:/home/dhayaalank/.m2/repository/org/hamcrest/hamcrest/2.2/hamcrest-2.2.jar:/home/dhayaalank/.m2/repository/org/junit/jupiter/junit-jupiter/5.10.3/junit-jupiter-5.10.3.jar:/home/dhayaalank/.m2/repository/org/junit/jupiter/junit-jupiter-api/5.10.3/junit-jupiter-api-5.10.3.jar:/home/dhayaalank/.m2/repository/org/opentest4j/opentest4j/1.3.0/opentest4j-1.3.0.jar:/home/dhayaalank/.m2/repository/org/junit/platform/junit-platform-commons/1.10.3/junit-platform-commons-1.10.3.jar:/home/dhayaalank/.m2/repository/org/apiguardian/apiguardian-api/1.1.2/apiguardian-api-1.1.2.jar:/home/dhayaalank/.m2/repository/org/junit/jupiter/junit-jupiter-params/5.10.3/junit-jupiter-params-5.10.3.jar:/home/dhayaalank/.m2/repository/org/junit/jupiter/junit-jupiter-engine/5.10.3/junit-jupiter-engine-5.10.3.jar:/home/dhayaalank/.m2/repository/org/junit/platform/junit-platform-engine/1.10.3/junit-platform-engine-1.10.3.jar:/home/dhayaalank/.m2/repository/org/mockito/mockito-core/5.11.0/mockito-core-5.11.0.jar:/home/dhayaalank/.m2/repository/net/bytebuddy/byte-buddy-agent/1.14.19/byte-buddy-agent-1.14.19.jar:/home/dhayaalank/.m2/repository/org/objenesis/objenesis/3.3/objenesis-3.3.jar:/home/dhayaalank/.m2/repository/org/mockito/mockito-junit-jupiter/5.11.0/mockito-junit-jupiter-5.11.0.jar:/home/dhayaalank/.m2/repository/org/skyscreamer/jsonassert/1.5.3/jsonassert-1.5.3.jar:/home/dhayaalank/.m2/repository/com/vaadin/external/google/android-json/0.0.20131108.vaadin1/android-json-0.0.20131108.vaadin1.jar:/home/dhayaalank/.m2/repository/org/springframework/spring-core/6.1.13/spring-core-6.1.13.jar:/home/dhayaalank/.m2/repository/org/springframework/spring-jcl/6.1.13/spring-jcl-6.1.13.jar:/home/dhayaalank/.m2/repository/org/springframework/spring-test/6.1.13/spring-test-6.1.13.jar:/home/dhayaalank/.m2/repository/org/xmlunit/xmlunit-core/2.9.1/xmlunit-core-2.9.1.jar:"/>
    <property name="sun.cpu.endian" value="little"/>
    <property name="user.home" value="/home/dhayaalank"/>
    <property name="user.language" value="en"/>
    <property name="java.specification.vendor" value="Oracle Corporation"/>
    <property name="java.version.date" value="2024-04-16"/>
    <property name="java.home" value="/home/dhayaalank/.jdks/corretto-17.0.11"/>
    <property name="file.separator" value="/"/>
    <property name="basedir" value="/home/dhayaalank/Dhayaalan/Microservice/payment-service"/>
    <property name="java.vm.compressedOopsMode" value="Zero based"/>
    <property name="line.separator" value="&#10;"/>
    <property name="java.specification.name" value="Java Platform API Specification"/>
    <property name="java.vm.specification.vendor" value="Oracle Corporation"/>
    <property name="java.awt.headless" value="true"/>
    <property name="surefire.real.class.path" value="/home/dhayaalank/Dhayaalan/Microservice/payment-service/target/surefire/surefirebooter-20240925011200846_3.jar"/>
    <property name="sun.management.compiler" value="HotSpot 64-Bit Tiered Compilers"/>
    <property name="java.runtime.version" value="17.0.11+9-LTS"/>
    <property name="user.name" value="dhayaalank"/>
    <property name="path.separator" value=":"/>
    <property name="os.version" value="6.8.0-40-generic"/>
    <property name="java.runtime.name" value="OpenJDK Runtime Environment"/>
    <property name="file.encoding" value="UTF-8"/>
    <property name="java.vm.name" value="OpenJDK 64-Bit Server VM"/>
    <property name="java.vendor.version" value="Corretto-17.0.11.9.1"/>
    <property name="localRepository" value="/home/dhayaalank/.m2/repository"/>
    <property name="java.vendor.url.bug" value="https://github.com/corretto/corretto-17/issues/"/>
    <property name="java.io.tmpdir" value="/tmp"/>
    <property name="idea.version" value="2024.2.2"/>
    <property name="java.version" value="17.0.11"/>
    <property name="user.dir" value="/home/dhayaalank/Dhayaalan/Microservice/payment-service"/>
    <property name="os.arch" value="amd64"/>
    <property name="java.vm.specification.name" value="Java Virtual Machine Specification"/>
    <property name="native.encoding" value="UTF-8"/>
    <property name="java.library.path" value="/usr/java/packages/lib:/usr/lib64:/lib64:/lib:/usr/lib"/>
    <property name="java.vm.info" value="mixed mode, sharing"/>
    <property name="java.vendor" value="Amazon.com Inc."/>
    <property name="java.vm.version" value="17.0.11+9-LTS"/>
    <property name="sun.io.unicode.encoding" value="UnicodeLittle"/>
    <property name="java.class.version" value="61.0"/>
  </properties>
  <testcase name="contextLoads" classname="com.dhayaalan.PaymentServiceApplicationTests" time="0.006">
    <error message="Failed to load ApplicationContext for [WebMergedContextConfiguration@5dda14d0 testClass = com.dhayaalan.PaymentServiceApplicationTests, locations = [], classes = [com.dhayaalan.PaymentServiceApplication], contextInitializerClasses = [], activeProfiles = [], propertySourceDescriptors = [], propertySourceProperties = [&quot;org.springframework.boot.test.context.SpringBootTestContextBootstrapper=true&quot;], contextCustomizers = [org.springframework.boot.test.context.filter.ExcludeFilterContextCustomizer@16150369, org.springframework.boot.test.json.DuplicateJsonObjectContextCustomizerFactory$DuplicateJsonObjectContextCustomizer@23f5b5dc, org.springframework.boot.test.mock.mockito.MockitoContextCustomizer@0, org.springframework.boot.test.web.client.TestRestTemplateContextCustomizer@5276d6ee, org.springframework.boot.test.web.reactor.netty.DisableReactorResourceFactoryGlobalResourcesContextCustomizerFactory$DisableReactorResourceFactoryGlobalResourcesContextCustomizerCustomizer@2254127a, org.springframework.boot.test.autoconfigure.actuate.observability.ObservabilityContextCustomizerFactory$DisableObservabilityContextCustomizer@1f, org.springframework.boot.test.autoconfigure.properties.PropertyMappingContextCustomizer@0, org.springframework.boot.test.autoconfigure.web.servlet.WebDriverContextCustomizer@415b0b49, org.springframework.boot.test.context.SpringBootTestAnnotation@bae190b9], resourceBasePath = &quot;src/main/webapp&quot;, contextLoader = org.springframework.boot.test.context.SpringBootContextLoader, parent = null]" type="java.lang.IllegalStateException"><![CDATA[java.lang.IllegalStateException: Failed to load ApplicationContext for [WebMergedContextConfiguration@5dda14d0 testClass = com.dhayaalan.PaymentServiceApplicationTests, locations = [], classes = [com.dhayaalan.PaymentServiceApplication], contextInitializerClasses = [], activeProfiles = [], propertySourceDescriptors = [], propertySourceProperties = ["org.springframework.boot.test.context.SpringBootTestContextBootstrapper=true"], contextCustomizers = [org.springframework.boot.test.context.filter.ExcludeFilterContextCustomizer@16150369, org.springframework.boot.test.json.DuplicateJsonObjectContextCustomizerFactory$DuplicateJsonObjectContextCustomizer@23f5b5dc, org.springframework.boot.test.mock.mockito.MockitoContextCustomizer@0, org.springframework.boot.test.web.client.TestRestTemplateContextCustomizer@5276d6ee, org.springframework.boot.test.web.reactor.netty.DisableReactorResourceFactoryGlobalResourcesContextCustomizerFactory$DisableReactorResourceFactoryGlobalResourcesContextCustomizerCustomizer@2254127a, org.springframework.boot.test.autoconfigure.actuate.observability.ObservabilityContextCustomizerFactory$DisableObservabilityContextCustomizer@1f, org.springframework.boot.test.autoconfigure.properties.PropertyMappingContextCustomizer@0, org.springframework.boot.test.autoconfigure.web.servlet.WebDriverContextCustomizer@415b0b49, org.springframework.boot.test.context.SpringBootTestAnnotation@bae190b9], resourceBasePath = "src/main/webapp", contextLoader = org.springframework.boot.test.context.SpringBootContextLoader, parent = null]
	at org.springframework.test.context.cache.DefaultCacheAwareContextLoaderDelegate.loadContext(DefaultCacheAwareContextLoaderDelegate.java:180)
	at org.springframework.test.context.support.DefaultTestContext.getApplicationContext(DefaultTestContext.java:130)
	at org.springframework.test.context.web.ServletTestExecutionListener.setUpRequestContextIfNecessary(ServletTestExecutionListener.java:191)
	at org.springframework.test.context.web.ServletTestExecutionListener.prepareTestInstance(ServletTestExecutionListener.java:130)
	at org.springframework.test.context.TestContextManager.prepareTestInstance(TestContextManager.java:260)
	at org.springframework.test.context.junit.jupiter.SpringExtension.postProcessTestInstance(SpringExtension.java:163)
	at java.base/java.util.stream.ReferencePipeline$3$1.accept(ReferencePipeline.java:197)
	at java.base/java.util.stream.ReferencePipeline$2$1.accept(ReferencePipeline.java:179)
	at java.base/java.util.ArrayList$ArrayListSpliterator.forEachRemaining(ArrayList.java:1625)
	at java.base/java.util.stream.AbstractPipeline.copyInto(AbstractPipeline.java:509)
	at java.base/java.util.stream.AbstractPipeline.wrapAndCopyInto(AbstractPipeline.java:499)
	at java.base/java.util.stream.StreamSpliterators$WrappingSpliterator.forEachRemaining(StreamSpliterators.java:310)
	at java.base/java.util.stream.Streams$ConcatSpliterator.forEachRemaining(Streams.java:735)
	at java.base/java.util.stream.Streams$ConcatSpliterator.forEachRemaining(Streams.java:734)
	at java.base/java.util.stream.ReferencePipeline$Head.forEach(ReferencePipeline.java:762)
	at java.base/java.util.Optional.orElseGet(Optional.java:364)
	at java.base/java.util.ArrayList.forEach(ArrayList.java:1511)
	at java.base/java.util.ArrayList.forEach(ArrayList.java:1511)
Caused by: org.springframework.cloud.commons.ConfigDataMissingEnvironmentPostProcessor$ImportException: No spring.config.import set
	at org.springframework.cloud.commons.ConfigDataMissingEnvironmentPostProcessor.postProcessEnvironment(ConfigDataMissingEnvironmentPostProcessor.java:82)
	at org.springframework.boot.env.EnvironmentPostProcessorApplicationListener.onApplicationEnvironmentPreparedEvent(EnvironmentPostProcessorApplicationListener.java:109)
	at org.springframework.boot.env.EnvironmentPostProcessorApplicationListener.onApplicationEvent(EnvironmentPostProcessorApplicationListener.java:94)
	at org.springframework.context.event.SimpleApplicationEventMulticaster.doInvokeListener(SimpleApplicationEventMulticaster.java:185)
	at org.springframework.context.event.SimpleApplicationEventMulticaster.invokeListener(SimpleApplicationEventMulticaster.java:178)
	at org.springframework.context.event.SimpleApplicationEventMulticaster.multicastEvent(SimpleApplicationEventMulticaster.java:156)
	at org.springframework.context.event.SimpleApplicationEventMulticaster.multicastEvent(SimpleApplicationEventMulticaster.java:138)
	at org.springframework.boot.context.event.EventPublishingRunListener.multicastInitialEvent(EventPublishingRunListener.java:136)
	at org.springframework.boot.context.event.EventPublishingRunListener.environmentPrepared(EventPublishingRunListener.java:81)
	at org.springframework.boot.SpringApplicationRunListeners.lambda$environmentPrepared$2(SpringApplicationRunListeners.java:64)
	at java.base/java.lang.Iterable.forEach(Iterable.java:75)
	at org.springframework.boot.SpringApplicationRunListeners.doWithListeners(SpringApplicationRunListeners.java:118)
	at org.springframework.boot.SpringApplicationRunListeners.doWithListeners(SpringApplicationRunListeners.java:112)
	at org.springframework.boot.SpringApplicationRunListeners.environmentPrepared(SpringApplicationRunListeners.java:63)
	at org.springframework.boot.SpringApplication.prepareEnvironment(SpringApplication.java:370)
	at org.springframework.boot.SpringApplication.run(SpringApplication.java:330)
	at org.springframework.boot.test.context.SpringBootContextLoader.lambda$loadContext$3(SpringBootContextLoader.java:137)
	at org.springframework.util.function.ThrowingSupplier.get(ThrowingSupplier.java:58)
	at org.springframework.util.function.ThrowingSupplier.get(ThrowingSupplier.java:46)
	at org.springframework.boot.SpringApplication.withHook(SpringApplication.java:1463)
	at org.springframework.boot.test.context.SpringBootContextLoader$ContextLoaderHook.run(SpringBootContextLoader.java:553)
	at org.springframework.boot.test.context.SpringBootContextLoader.loadContext(SpringBootContextLoader.java:137)
	at org.springframework.boot.test.context.SpringBootContextLoader.loadContext(SpringBootContextLoader.java:108)
	at org.springframework.test.context.cache.DefaultCacheAwareContextLoaderDelegate.loadContextInternal(DefaultCacheAwareContextLoaderDelegate.java:225)
	at org.springframework.test.context.cache.DefaultCacheAwareContextLoaderDelegate.loadContext(DefaultCacheAwareContextLoaderDelegate.java:152)
	... 17 more
]]></error>
    <system-out><![CDATA[01:12:01.349 [main] INFO org.springframework.test.context.support.AnnotationConfigContextLoaderUtils -- Could not detect default configuration classes for test class [com.dhayaalan.PaymentServiceApplicationTests]: PaymentServiceApplicationTests does not declare any static, non-private, non-final, nested classes annotated with @Configuration.
01:12:01.403 [main] INFO org.springframework.boot.test.context.SpringBootTestContextBootstrapper -- Found @SpringBootConfiguration com.dhayaalan.PaymentServiceApplication for test class com.dhayaalan.PaymentServiceApplicationTests
01:12:01.688 [main] ERROR org.springframework.boot.diagnostics.LoggingFailureAnalysisReporter -- 

***************************
APPLICATION FAILED TO START
***************************

Description:

No spring.config.import property has been defined

Action:

Add a spring.config.import=configserver: property to your configuration.
	If configuration is not required add spring.config.import=optional:configserver: instead.
	To disable this check, set spring.cloud.config.enabled=false or 
	spring.cloud.config.import-check.enabled=false.

01:12:01.690 [main] WARN org.springframework.test.context.TestContextManager -- Caught exception while allowing TestExecutionListener [org.springframework.test.context.web.ServletTestExecutionListener] to prepare test instance [com.dhayaalan.PaymentServiceApplicationTests@1db0ec27]
java.lang.IllegalStateException: Failed to load ApplicationContext for [WebMergedContextConfiguration@5dda14d0 testClass = com.dhayaalan.PaymentServiceApplicationTests, locations = [], classes = [com.dhayaalan.PaymentServiceApplication], contextInitializerClasses = [], activeProfiles = [], propertySourceDescriptors = [], propertySourceProperties = ["org.springframework.boot.test.context.SpringBootTestContextBootstrapper=true"], contextCustomizers = [org.springframework.boot.test.context.filter.ExcludeFilterContextCustomizer@16150369, org.springframework.boot.test.json.DuplicateJsonObjectContextCustomizerFactory$DuplicateJsonObjectContextCustomizer@23f5b5dc, org.springframework.boot.test.mock.mockito.MockitoContextCustomizer@0, org.springframework.boot.test.web.client.TestRestTemplateContextCustomizer@5276d6ee, org.springframework.boot.test.web.reactor.netty.DisableReactorResourceFactoryGlobalResourcesContextCustomizerFactory$DisableReactorResourceFactoryGlobalResourcesContextCustomizerCustomizer@2254127a, org.springframework.boot.test.autoconfigure.actuate.observability.ObservabilityContextCustomizerFactory$DisableObservabilityContextCustomizer@1f, org.springframework.boot.test.autoconfigure.properties.PropertyMappingContextCustomizer@0, org.springframework.boot.test.autoconfigure.web.servlet.WebDriverContextCustomizer@415b0b49, org.springframework.boot.test.context.SpringBootTestAnnotation@bae190b9], resourceBasePath = "src/main/webapp", contextLoader = org.springframework.boot.test.context.SpringBootContextLoader, parent = null]
	at org.springframework.test.context.cache.DefaultCacheAwareContextLoaderDelegate.loadContext(DefaultCacheAwareContextLoaderDelegate.java:180)
	at org.springframework.test.context.support.DefaultTestContext.getApplicationContext(DefaultTestContext.java:130)
	at org.springframework.test.context.web.ServletTestExecutionListener.setUpRequestContextIfNecessary(ServletTestExecutionListener.java:191)
	at org.springframework.test.context.web.ServletTestExecutionListener.prepareTestInstance(ServletTestExecutionListener.java:130)
	at org.springframework.test.context.TestContextManager.prepareTestInstance(TestContextManager.java:260)
	at org.springframework.test.context.junit.jupiter.SpringExtension.postProcessTestInstance(SpringExtension.java:163)
	at org.junit.jupiter.engine.descriptor.ClassBasedTestDescriptor.lambda$invokeTestInstancePostProcessors$10(ClassBasedTestDescriptor.java:378)
	at org.junit.jupiter.engine.descriptor.ClassBasedTestDescriptor.executeAndMaskThrowable(ClassBasedTestDescriptor.java:383)
	at org.junit.jupiter.engine.descriptor.ClassBasedTestDescriptor.lambda$invokeTestInstancePostProcessors$11(ClassBasedTestDescriptor.java:378)
	at java.base/java.util.stream.ReferencePipeline$3$1.accept(ReferencePipeline.java:197)
	at java.base/java.util.stream.ReferencePipeline$2$1.accept(ReferencePipeline.java:179)
	at java.base/java.util.ArrayList$ArrayListSpliterator.forEachRemaining(ArrayList.java:1625)
	at java.base/java.util.stream.AbstractPipeline.copyInto(AbstractPipeline.java:509)
	at java.base/java.util.stream.AbstractPipeline.wrapAndCopyInto(AbstractPipeline.java:499)
	at java.base/java.util.stream.StreamSpliterators$WrappingSpliterator.forEachRemaining(StreamSpliterators.java:310)
	at java.base/java.util.stream.Streams$ConcatSpliterator.forEachRemaining(Streams.java:735)
	at java.base/java.util.stream.Streams$ConcatSpliterator.forEachRemaining(Streams.java:734)
	at java.base/java.util.stream.ReferencePipeline$Head.forEach(ReferencePipeline.java:762)
	at org.junit.jupiter.engine.descriptor.ClassBasedTestDescriptor.invokeTestInstancePostProcessors(ClassBasedTestDescriptor.java:377)
	at org.junit.jupiter.engine.descriptor.ClassBasedTestDescriptor.lambda$instantiateAndPostProcessTestInstance$6(ClassBasedTestDescriptor.java:290)
	at org.junit.platform.engine.support.hierarchical.ThrowableCollector.execute(ThrowableCollector.java:73)
	at org.junit.jupiter.engine.descriptor.ClassBasedTestDescriptor.instantiateAndPostProcessTestInstance(ClassBasedTestDescriptor.java:289)
	at org.junit.jupiter.engine.descriptor.ClassBasedTestDescriptor.lambda$testInstancesProvider$4(ClassBasedTestDescriptor.java:279)
	at java.base/java.util.Optional.orElseGet(Optional.java:364)
	at org.junit.jupiter.engine.descriptor.ClassBasedTestDescriptor.lambda$testInstancesProvider$5(ClassBasedTestDescriptor.java:278)
	at org.junit.jupiter.engine.execution.TestInstancesProvider.getTestInstances(TestInstancesProvider.java:31)
	at org.junit.jupiter.engine.descriptor.TestMethodTestDescriptor.lambda$prepare$0(TestMethodTestDescriptor.java:106)
	at org.junit.platform.engine.support.hierarchical.ThrowableCollector.execute(ThrowableCollector.java:73)
	at org.junit.jupiter.engine.descriptor.TestMethodTestDescriptor.prepare(TestMethodTestDescriptor.java:105)
	at org.junit.jupiter.engine.descriptor.TestMethodTestDescriptor.prepare(TestMethodTestDescriptor.java:69)
	at org.junit.platform.engine.support.hierarchical.NodeTestTask.lambda$prepare$2(NodeTestTask.java:123)
	at org.junit.platform.engine.support.hierarchical.ThrowableCollector.execute(ThrowableCollector.java:73)
	at org.junit.platform.engine.support.hierarchical.NodeTestTask.prepare(NodeTestTask.java:123)
	at org.junit.platform.engine.support.hierarchical.NodeTestTask.execute(NodeTestTask.java:90)
	at java.base/java.util.ArrayList.forEach(ArrayList.java:1511)
	at org.junit.platform.engine.support.hierarchical.SameThreadHierarchicalTestExecutorService.invokeAll(SameThreadHierarchicalTestExecutorService.java:41)
	at org.junit.platform.engine.support.hierarchical.NodeTestTask.lambda$executeRecursively$6(NodeTestTask.java:155)
	at org.junit.platform.engine.support.hierarchical.ThrowableCollector.execute(ThrowableCollector.java:73)
	at org.junit.platform.engine.support.hierarchical.NodeTestTask.lambda$executeRecursively$8(NodeTestTask.java:141)
	at org.junit.platform.engine.support.hierarchical.Node.around(Node.java:137)
	at org.junit.platform.engine.support.hierarchical.NodeTestTask.lambda$executeRecursively$9(NodeTestTask.java:139)
	at org.junit.platform.engine.support.hierarchical.ThrowableCollector.execute(ThrowableCollector.java:73)
	at org.junit.platform.engine.support.hierarchical.NodeTestTask.executeRecursively(NodeTestTask.java:138)
	at org.junit.platform.engine.support.hierarchical.NodeTestTask.execute(NodeTestTask.java:95)
	at java.base/java.util.ArrayList.forEach(ArrayList.java:1511)
	at org.junit.platform.engine.support.hierarchical.SameThreadHierarchicalTestExecutorService.invokeAll(SameThreadHierarchicalTestExecutorService.java:41)
	at org.junit.platform.engine.support.hierarchical.NodeTestTask.lambda$executeRecursively$6(NodeTestTask.java:155)
	at org.junit.platform.engine.support.hierarchical.ThrowableCollector.execute(ThrowableCollector.java:73)
	at org.junit.platform.engine.support.hierarchical.NodeTestTask.lambda$executeRecursively$8(NodeTestTask.java:141)
	at org.junit.platform.engine.support.hierarchical.Node.around(Node.java:137)
	at org.junit.platform.engine.support.hierarchical.NodeTestTask.lambda$executeRecursively$9(NodeTestTask.java:139)
	at org.junit.platform.engine.support.hierarchical.ThrowableCollector.execute(ThrowableCollector.java:73)
	at org.junit.platform.engine.support.hierarchical.NodeTestTask.executeRecursively(NodeTestTask.java:138)
	at org.junit.platform.engine.support.hierarchical.NodeTestTask.execute(NodeTestTask.java:95)
	at org.junit.platform.engine.support.hierarchical.SameThreadHierarchicalTestExecutorService.submit(SameThreadHierarchicalTestExecutorService.java:35)
	at org.junit.platform.engine.support.hierarchical.HierarchicalTestExecutor.execute(HierarchicalTestExecutor.java:57)
	at org.junit.platform.engine.support.hierarchical.HierarchicalTestEngine.execute(HierarchicalTestEngine.java:54)
	at org.junit.platform.launcher.core.EngineExecutionOrchestrator.execute(EngineExecutionOrchestrator.java:198)
	at org.junit.platform.launcher.core.EngineExecutionOrchestrator.execute(EngineExecutionOrchestrator.java:169)
	at org.junit.platform.launcher.core.EngineExecutionOrchestrator.execute(EngineExecutionOrchestrator.java:93)
	at org.junit.platform.launcher.core.EngineExecutionOrchestrator.lambda$execute$0(EngineExecutionOrchestrator.java:58)
	at org.junit.platform.launcher.core.EngineExecutionOrchestrator.withInterceptedStreams(EngineExecutionOrchestrator.java:141)
	at org.junit.platform.launcher.core.EngineExecutionOrchestrator.execute(EngineExecutionOrchestrator.java:57)
	at org.junit.platform.launcher.core.DefaultLauncher.execute(DefaultLauncher.java:103)
	at org.junit.platform.launcher.core.DefaultLauncher.execute(DefaultLauncher.java:85)
	at org.junit.platform.launcher.core.DelegatingLauncher.execute(DelegatingLauncher.java:47)
	at org.apache.maven.surefire.junitplatform.LazyLauncher.execute(LazyLauncher.java:56)
	at org.apache.maven.surefire.junitplatform.JUnitPlatformProvider.execute(JUnitPlatformProvider.java:184)
	at org.apache.maven.surefire.junitplatform.JUnitPlatformProvider.invokeAllTests(JUnitPlatformProvider.java:148)
	at org.apache.maven.surefire.junitplatform.JUnitPlatformProvider.invoke(JUnitPlatformProvider.java:122)
	at org.apache.maven.surefire.booter.ForkedBooter.runSuitesInProcess(ForkedBooter.java:385)
	at org.apache.maven.surefire.booter.ForkedBooter.execute(ForkedBooter.java:162)
	at org.apache.maven.surefire.booter.ForkedBooter.run(ForkedBooter.java:507)
	at org.apache.maven.surefire.booter.ForkedBooter.main(ForkedBooter.java:495)
Caused by: org.springframework.cloud.commons.ConfigDataMissingEnvironmentPostProcessor$ImportException: No spring.config.import set
	at org.springframework.cloud.commons.ConfigDataMissingEnvironmentPostProcessor.postProcessEnvironment(ConfigDataMissingEnvironmentPostProcessor.java:82)
	at org.springframework.boot.env.EnvironmentPostProcessorApplicationListener.onApplicationEnvironmentPreparedEvent(EnvironmentPostProcessorApplicationListener.java:109)
	at org.springframework.boot.env.EnvironmentPostProcessorApplicationListener.onApplicationEvent(EnvironmentPostProcessorApplicationListener.java:94)
	at org.springframework.context.event.SimpleApplicationEventMulticaster.doInvokeListener(SimpleApplicationEventMulticaster.java:185)
	at org.springframework.context.event.SimpleApplicationEventMulticaster.invokeListener(SimpleApplicationEventMulticaster.java:178)
	at org.springframework.context.event.SimpleApplicationEventMulticaster.multicastEvent(SimpleApplicationEventMulticaster.java:156)
	at org.springframework.context.event.SimpleApplicationEventMulticaster.multicastEvent(SimpleApplicationEventMulticaster.java:138)
	at org.springframework.boot.context.event.EventPublishingRunListener.multicastInitialEvent(EventPublishingRunListener.java:136)
	at org.springframework.boot.context.event.EventPublishingRunListener.environmentPrepared(EventPublishingRunListener.java:81)
	at org.springframework.boot.SpringApplicationRunListeners.lambda$environmentPrepared$2(SpringApplicationRunListeners.java:64)
	at java.base/java.lang.Iterable.forEach(Iterable.java:75)
	at org.springframework.boot.SpringApplicationRunListeners.doWithListeners(SpringApplicationRunListeners.java:118)
	at org.springframework.boot.SpringApplicationRunListeners.doWithListeners(SpringApplicationRunListeners.java:112)
	at org.springframework.boot.SpringApplicationRunListeners.environmentPrepared(SpringApplicationRunListeners.java:63)
	at org.springframework.boot.SpringApplication.prepareEnvironment(SpringApplication.java:370)
	at org.springframework.boot.SpringApplication.run(SpringApplication.java:330)
	at org.springframework.boot.test.context.SpringBootContextLoader.lambda$loadContext$3(SpringBootContextLoader.java:137)
	at org.springframework.util.function.ThrowingSupplier.get(ThrowingSupplier.java:58)
	at org.springframework.util.function.ThrowingSupplier.get(ThrowingSupplier.java:46)
	at org.springframework.boot.SpringApplication.withHook(SpringApplication.java:1463)
	at org.springframework.boot.test.context.SpringBootContextLoader$ContextLoaderHook.run(SpringBootContextLoader.java:553)
	at org.springframework.boot.test.context.SpringBootContextLoader.loadContext(SpringBootContextLoader.java:137)
	at org.springframework.boot.test.context.SpringBootContextLoader.loadContext(SpringBootContextLoader.java:108)
	at org.springframework.test.context.cache.DefaultCacheAwareContextLoaderDelegate.loadContextInternal(DefaultCacheAwareContextLoaderDelegate.java:225)
	at org.springframework.test.context.cache.DefaultCacheAwareContextLoaderDelegate.loadContext(DefaultCacheAwareContextLoaderDelegate.java:152)
	... 73 common frames omitted
]]></system-out>
  </testcase>
</testsuite>