<?xml version="1.0" encoding="UTF-8"?>
<testsuite xmlns:xsi="http://www.w3.org/2001/XMLSchema-instance" xsi:noNamespaceSchemaLocation="https://maven.apache.org/surefire/maven-surefire-plugin/xsd/surefire-test-report.xsd" name="com.javatechie.ServiceRegistryApplicationTests" time="2.842" tests="1" errors="1" skipped="0" failures="0">
  <properties>
    <property name="java.specification.version" value="22"/>
    <property name="sun.jnu.encoding" value="UTF-8"/>
    <property name="java.class.path" value="/home/dhayaalank/Dhayaalan/Microservice/service-registry/target/test-classes:/home/dhayaalank/Dhayaalan/Microservice/service-registry/target/classes:/home/dhayaalank/.m2/repository/org/springframework/cloud/spring-cloud-starter-netflix-eureka-server/2.2.2.RELEASE/spring-cloud-starter-netflix-eureka-server-2.2.2.RELEASE.jar:/home/dhayaalank/.m2/repository/org/springframework/cloud/spring-cloud-starter/2.2.2.RELEASE/spring-cloud-starter-2.2.2.RELEASE.jar:/home/dhayaalank/.m2/repository/org/springframework/cloud/spring-cloud-context/2.2.2.RELEASE/spring-cloud-context-2.2.2.RELEASE.jar:/home/dhayaalank/.m2/repository/org/springframework/security/spring-security-crypto/5.2.2.RELEASE/spring-security-crypto-5.2.2.RELEASE.jar:/home/dhayaalank/.m2/repository/org/springframework/cloud/spring-cloud-commons/2.2.2.RELEASE/spring-cloud-commons-2.2.2.RELEASE.jar:/home/dhayaalank/.m2/repository/org/springframework/security/spring-security-rsa/1.0.9.RELEASE/spring-security-rsa-1.0.9.RELEASE.jar:/home/dhayaalank/.m2/repository/org/bouncycastle/bcpkix-jdk15on/1.64/bcpkix-jdk15on-1.64.jar:/home/dhayaalank/.m2/repository/org/bouncycastle/bcprov-jdk15on/1.64/bcprov-jdk15on-1.64.jar:/home/dhayaalank/.m2/repository/org/springframework/cloud/spring-cloud-netflix-eureka-server/2.2.2.RELEASE/spring-cloud-netflix-eureka-server-2.2.2.RELEASE.jar:/home/dhayaalank/.m2/repository/org/springframework/boot/spring-boot-starter-web/2.2.5.RELEASE/spring-boot-starter-web-2.2.5.RELEASE.jar:/home/dhayaalank/.m2/repository/org/springframework/boot/spring-boot-starter-json/2.2.5.RELEASE/spring-boot-starter-json-2.2.5.RELEASE.jar:/home/dhayaalank/.m2/repository/com/fasterxml/jackson/datatype/jackson-datatype-jdk8/2.10.2/jackson-datatype-jdk8-2.10.2.jar:/home/dhayaalank/.m2/repository/com/fasterxml/jackson/datatype/jackson-datatype-jsr310/2.10.2/jackson-datatype-jsr310-2.10.2.jar:/home/dhayaalank/.m2/repository/com/fasterxml/jackson/module/jackson-module-parameter-names/2.10.2/jackson-module-parameter-names-2.10.2.jar:/home/dhayaalank/.m2/repository/org/springframework/boot/spring-boot-starter-tomcat/2.2.5.RELEASE/spring-boot-starter-tomcat-2.2.5.RELEASE.jar:/home/dhayaalank/.m2/repository/org/apache/tomcat/embed/tomcat-embed-core/9.0.31/tomcat-embed-core-9.0.31.jar:/home/dhayaalank/.m2/repository/org/apache/tomcat/embed/tomcat-embed-el/9.0.31/tomcat-embed-el-9.0.31.jar:/home/dhayaalank/.m2/repository/org/apache/tomcat/embed/tomcat-embed-websocket/9.0.31/tomcat-embed-websocket-9.0.31.jar:/home/dhayaalank/.m2/repository/org/springframework/boot/spring-boot-starter-validation/2.2.5.RELEASE/spring-boot-starter-validation-2.2.5.RELEASE.jar:/home/dhayaalank/.m2/repository/jakarta/validation/jakarta.validation-api/2.0.2/jakarta.validation-api-2.0.2.jar:/home/dhayaalank/.m2/repository/org/hibernate/validator/hibernate-validator/6.0.18.Final/hibernate-validator-6.0.18.Final.jar:/home/dhayaalank/.m2/repository/org/jboss/logging/jboss-logging/3.4.1.Final/jboss-logging-3.4.1.Final.jar:/home/dhayaalank/.m2/repository/com/fasterxml/classmate/1.5.1/classmate-1.5.1.jar:/home/dhayaalank/.m2/repository/org/springframework/spring-web/5.2.4.RELEASE/spring-web-5.2.4.RELEASE.jar:/home/dhayaalank/.m2/repository/org/springframework/spring-beans/5.2.4.RELEASE/spring-beans-5.2.4.RELEASE.jar:/home/dhayaalank/.m2/repository/org/springframework/spring-webmvc/5.2.4.RELEASE/spring-webmvc-5.2.4.RELEASE.jar:/home/dhayaalank/.m2/repository/org/springframework/spring-aop/5.2.4.RELEASE/spring-aop-5.2.4.RELEASE.jar:/home/dhayaalank/.m2/repository/org/springframework/spring-expression/5.2.4.RELEASE/spring-expression-5.2.4.RELEASE.jar:/home/dhayaalank/.m2/repository/org/springframework/boot/spring-boot-starter-actuator/2.2.5.RELEASE/spring-boot-starter-actuator-2.2.5.RELEASE.jar:/home/dhayaalank/.m2/repository/org/springframework/boot/spring-boot-actuator-autoconfigure/2.2.5.RELEASE/spring-boot-actuator-autoconfigure-2.2.5.RELEASE.jar:/home/dhayaalank/.m2/repository/org/springframework/boot/spring-boot-actuator/2.2.5.RELEASE/spring-boot-actuator-2.2.5.RELEASE.jar:/home/dhayaalank/.m2/repository/io/micrometer/micrometer-core/1.3.5/micrometer-core-1.3.5.jar:/home/dhayaalank/.m2/repository/org/hdrhistogram/HdrHistogram/2.1.11/HdrHistogram-2.1.11.jar:/home/dhayaalank/.m2/repository/org/latencyutils/LatencyUtils/2.0.3/LatencyUtils-2.0.3.jar:/home/dhayaalank/.m2/repository/org/springframework/boot/spring-boot-starter-freemarker/2.2.5.RELEASE/spring-boot-starter-freemarker-2.2.5.RELEASE.jar:/home/dhayaalank/.m2/repository/org/freemarker/freemarker/2.3.29/freemarker-2.3.29.jar:/home/dhayaalank/.m2/repository/org/springframework/spring-context-support/5.2.4.RELEASE/spring-context-support-5.2.4.RELEASE.jar:/home/dhayaalank/.m2/repository/org/springframework/cloud/spring-cloud-netflix-hystrix/2.2.2.RELEASE/spring-cloud-netflix-hystrix-2.2.2.RELEASE.jar:/home/dhayaalank/.m2/repository/org/springframework/boot/spring-boot-starter-aop/2.2.5.RELEASE/spring-boot-starter-aop-2.2.5.RELEASE.jar:/home/dhayaalank/.m2/repository/org/aspectj/aspectjweaver/1.9.5/aspectjweaver-1.9.5.jar:/home/dhayaalank/.m2/repository/org/springframework/cloud/spring-cloud-netflix-eureka-client/2.2.2.RELEASE/spring-cloud-netflix-eureka-client-2.2.2.RELEASE.jar:/home/dhayaalank/.m2/repository/com/netflix/eureka/eureka-client/1.9.17/eureka-client-1.9.17.jar:/home/dhayaalank/.m2/repository/org/codehaus/jettison/jettison/1.3.7/jettison-1.3.7.jar:/home/dhayaalank/.m2/repository/stax/stax-api/1.0.1/stax-api-1.0.1.jar:/home/dhayaalank/.m2/repository/com/netflix/netflix-commons/netflix-eventbus/0.3.0/netflix-eventbus-0.3.0.jar:/home/dhayaalank/.m2/repository/com/netflix/netflix-commons/netflix-infix/0.3.0/netflix-infix-0.3.0.jar:/home/dhayaalank/.m2/repository/commons-jxpath/commons-jxpath/1.3/commons-jxpath-1.3.jar:/home/dhayaalank/.m2/repository/joda-time/joda-time/2.10.5/joda-time-2.10.5.jar:/home/dhayaalank/.m2/repository/org/antlr/antlr-runtime/3.4/antlr-runtime-3.4.jar:/home/dhayaalank/.m2/repository/org/antlr/stringtemplate/3.2.1/stringtemplate-3.2.1.jar:/home/dhayaalank/.m2/repository/antlr/antlr/2.7.7/antlr-2.7.7.jar:/home/dhayaalank/.m2/repository/com/google/code/gson/gson/2.8.6/gson-2.8.6.jar:/home/dhayaalank/.m2/repository/org/apache/commons/commons-math/2.2/commons-math-2.2.jar:/home/dhayaalank/.m2/repository/javax/ws/rs/jsr311-api/1.1.1/jsr311-api-1.1.1.jar:/home/dhayaalank/.m2/repository/com/netflix/servo/servo-core/0.12.21/servo-core-0.12.21.jar:/home/dhayaalank/.m2/repository/com/sun/jersey/jersey-core/1.19.1/jersey-core-1.19.1.jar:/home/dhayaalank/.m2/repository/com/sun/jersey/contribs/jersey-apache-client4/1.19.1/jersey-apache-client4-1.19.1.jar:/home/dhayaalank/.m2/repository/org/apache/httpcomponents/httpclient/4.5.11/httpclient-4.5.11.jar:/home/dhayaalank/.m2/repository/org/apache/httpcomponents/httpcore/4.4.13/httpcore-4.4.13.jar:/home/dhayaalank/.m2/repository/commons-codec/commons-codec/1.13/commons-codec-1.13.jar:/home/dhayaalank/.m2/repository/com/google/inject/guice/4.1.0/guice-4.1.0.jar:/home/dhayaalank/.m2/repository/aopalliance/aopalliance/1.0/aopalliance-1.0.jar:/home/dhayaalank/.m2/repository/com/fasterxml/jackson/core/jackson-annotations/2.10.2/jackson-annotations-2.10.2.jar:/home/dhayaalank/.m2/repository/com/fasterxml/jackson/core/jackson-core/2.10.2/jackson-core-2.10.2.jar:/home/dhayaalank/.m2/repository/com/fasterxml/jackson/core/jackson-databind/2.10.2/jackson-databind-2.10.2.jar:/home/dhayaalank/.m2/repository/com/sun/jersey/jersey-servlet/1.19.1/jersey-servlet-1.19.1.jar:/home/dhayaalank/.m2/repository/com/sun/jersey/jersey-server/1.19.1/jersey-server-1.19.1.jar:/home/dhayaalank/.m2/repository/com/sun/jersey/jersey-client/1.19.1/jersey-client-1.19.1.jar:/home/dhayaalank/.m2/repository/com/netflix/eureka/eureka-core/1.9.17/eureka-core-1.9.17.jar:/home/dhayaalank/.m2/repository/com/fasterxml/woodstox/woodstox-core/5.2.1/woodstox-core-5.2.1.jar:/home/dhayaalank/.m2/repository/com/netflix/archaius/archaius-core/0.7.6/archaius-core-0.7.6.jar:/home/dhayaalank/.m2/repository/com/google/code/findbugs/jsr305/3.0.1/jsr305-3.0.1.jar:/home/dhayaalank/.m2/repository/com/google/guava/guava/28.2-android/guava-28.2-android.jar:/home/dhayaalank/.m2/repository/com/google/guava/failureaccess/1.0.1/failureaccess-1.0.1.jar:/home/dhayaalank/.m2/repository/com/google/guava/listenablefuture/9999.0-empty-to-avoid-conflict-with-guava/listenablefuture-9999.0-empty-to-avoid-conflict-with-guava.jar:/home/dhayaalank/.m2/repository/org/checkerframework/checker-compat-qual/2.5.5/checker-compat-qual-2.5.5.jar:/home/dhayaalank/.m2/repository/com/google/errorprone/error_prone_annotations/2.3.4/error_prone_annotations-2.3.4.jar:/home/dhayaalank/.m2/repository/com/google/j2objc/j2objc-annotations/1.3/j2objc-annotations-1.3.jar:/home/dhayaalank/.m2/repository/javax/inject/javax.inject/1/javax.inject-1.jar:/home/dhayaalank/.m2/repository/com/fasterxml/jackson/dataformat/jackson-dataformat-xml/2.10.2/jackson-dataformat-xml-2.10.2.jar:/home/dhayaalank/.m2/repository/com/fasterxml/jackson/module/jackson-module-jaxb-annotations/2.10.2/jackson-module-jaxb-annotations-2.10.2.jar:/home/dhayaalank/.m2/repository/org/codehaus/woodstox/stax2-api/4.2/stax2-api-4.2.jar:/home/dhayaalank/.m2/repository/com/thoughtworks/xstream/xstream/1.4.11.1/xstream-1.4.11.1.jar:/home/dhayaalank/.m2/repository/xmlpull/xmlpull/1.1.3.1/xmlpull-1.1.3.1.jar:/home/dhayaalank/.m2/repository/xpp3/xpp3_min/1.1.4c/xpp3_min-1.1.4c.jar:/home/dhayaalank/.m2/repository/org/springframework/cloud/spring-cloud-starter-netflix-archaius/2.2.2.RELEASE/spring-cloud-starter-netflix-archaius-2.2.2.RELEASE.jar:/home/dhayaalank/.m2/repository/org/springframework/cloud/spring-cloud-netflix-ribbon/2.2.2.RELEASE/spring-cloud-netflix-ribbon-2.2.2.RELEASE.jar:/home/dhayaalank/.m2/repository/org/springframework/cloud/spring-cloud-netflix-archaius/2.2.2.RELEASE/spring-cloud-netflix-archaius-2.2.2.RELEASE.jar:/home/dhayaalank/.m2/repository/commons-configuration/commons-configuration/1.8/commons-configuration-1.8.jar:/home/dhayaalank/.m2/repository/commons-lang/commons-lang/2.6/commons-lang-2.6.jar:/home/dhayaalank/.m2/repository/org/springframework/cloud/spring-cloud-starter-netflix-ribbon/2.2.2.RELEASE/spring-cloud-starter-netflix-ribbon-2.2.2.RELEASE.jar:/home/dhayaalank/.m2/repository/com/netflix/ribbon/ribbon/2.3.0/ribbon-2.3.0.jar:/home/dhayaalank/.m2/repository/com/netflix/ribbon/ribbon-transport/2.3.0/ribbon-transport-2.3.0.jar:/home/dhayaalank/.m2/repository/io/reactivex/rxnetty-contexts/0.4.9/rxnetty-contexts-0.4.9.jar:/home/dhayaalank/.m2/repository/io/reactivex/rxnetty-servo/0.4.9/rxnetty-servo-0.4.9.jar:/home/dhayaalank/.m2/repository/com/netflix/hystrix/hystrix-core/1.5.18/hystrix-core-1.5.18.jar:/home/dhayaalank/.m2/repository/io/reactivex/rxnetty/0.4.9/rxnetty-0.4.9.jar:/home/dhayaalank/.m2/repository/com/netflix/ribbon/ribbon-core/2.3.0/ribbon-core-2.3.0.jar:/home/dhayaalank/.m2/repository/com/netflix/ribbon/ribbon-httpclient/2.3.0/ribbon-httpclient-2.3.0.jar:/home/dhayaalank/.m2/repository/commons-collections/commons-collections/3.2.2/commons-collections-3.2.2.jar:/home/dhayaalank/.m2/repository/com/netflix/netflix-commons/netflix-commons-util/0.3.0/netflix-commons-util-0.3.0.jar:/home/dhayaalank/.m2/repository/com/netflix/ribbon/ribbon-loadbalancer/2.3.0/ribbon-loadbalancer-2.3.0.jar:/home/dhayaalank/.m2/repository/com/netflix/netflix-commons/netflix-statistics/0.1.1/netflix-statistics-0.1.1.jar:/home/dhayaalank/.m2/repository/io/reactivex/rxjava/1.3.8/rxjava-1.3.8.jar:/home/dhayaalank/.m2/repository/org/springframework/cloud/spring-cloud-starter-loadbalancer/2.2.2.RELEASE/spring-cloud-starter-loadbalancer-2.2.2.RELEASE.jar:/home/dhayaalank/.m2/repository/org/springframework/cloud/spring-cloud-loadbalancer/2.2.2.RELEASE/spring-cloud-loadbalancer-2.2.2.RELEASE.jar:/home/dhayaalank/.m2/repository/io/projectreactor/reactor-core/3.3.3.RELEASE/reactor-core-3.3.3.RELEASE.jar:/home/dhayaalank/.m2/repository/org/reactivestreams/reactive-streams/1.0.3/reactive-streams-1.0.3.jar:/home/dhayaalank/.m2/repository/io/projectreactor/addons/reactor-extra/3.3.2.RELEASE/reactor-extra-3.3.2.RELEASE.jar:/home/dhayaalank/.m2/repository/org/springframework/boot/spring-boot-starter-cache/2.2.5.RELEASE/spring-boot-starter-cache-2.2.5.RELEASE.jar:/home/dhayaalank/.m2/repository/com/stoyanr/evictor/1.0.0/evictor-1.0.0.jar:/home/dhayaalank/.m2/repository/com/netflix/ribbon/ribbon-eureka/2.3.0/ribbon-eureka-2.3.0.jar:/home/dhayaalank/.m2/repository/org/slf4j/slf4j-api/1.7.30/slf4j-api-1.7.30.jar:/home/dhayaalank/.m2/repository/org/glassfish/jaxb/jaxb-runtime/2.3.2/jaxb-runtime-2.3.2.jar:/home/dhayaalank/.m2/repository/org/glassfish/jaxb/txw2/2.3.2/txw2-2.3.2.jar:/home/dhayaalank/.m2/repository/com/sun/istack/istack-commons-runtime/3.0.8/istack-commons-runtime-3.0.8.jar:/home/dhayaalank/.m2/repository/org/jvnet/staxex/stax-ex/1.8.1/stax-ex-1.8.1.jar:/home/dhayaalank/.m2/repository/com/sun/xml/fastinfoset/FastInfoset/1.2.16/FastInfoset-1.2.16.jar:/home/dhayaalank/.m2/repository/jakarta/activation/jakarta.activation-api/1.2.2/jakarta.activation-api-1.2.2.jar:/home/dhayaalank/.m2/repository/org/springframework/boot/spring-boot-starter-test/2.2.5.RELEASE/spring-boot-starter-test-2.2.5.RELEASE.jar:/home/dhayaalank/.m2/repository/org/springframework/boot/spring-boot-starter/2.2.5.RELEASE/spring-boot-starter-2.2.5.RELEASE.jar:/home/dhayaalank/.m2/repository/org/springframework/boot/spring-boot/2.2.5.RELEASE/spring-boot-2.2.5.RELEASE.jar:/home/dhayaalank/.m2/repository/org/springframework/spring-context/5.2.4.RELEASE/spring-context-5.2.4.RELEASE.jar:/home/dhayaalank/.m2/repository/org/springframework/boot/spring-boot-autoconfigure/2.2.5.RELEASE/spring-boot-autoconfigure-2.2.5.RELEASE.jar:/home/dhayaalank/.m2/repository/org/springframework/boot/spring-boot-starter-logging/2.2.5.RELEASE/spring-boot-starter-logging-2.2.5.RELEASE.jar:/home/dhayaalank/.m2/repository/ch/qos/logback/logback-classic/1.2.3/logback-classic-1.2.3.jar:/home/dhayaalank/.m2/repository/ch/qos/logback/logback-core/1.2.3/logback-core-1.2.3.jar:/home/dhayaalank/.m2/repository/org/apache/logging/log4j/log4j-to-slf4j/2.12.1/log4j-to-slf4j-2.12.1.jar:/home/dhayaalank/.m2/repository/org/apache/logging/log4j/log4j-api/2.12.1/log4j-api-2.12.1.jar:/home/dhayaalank/.m2/repository/org/slf4j/jul-to-slf4j/1.7.30/jul-to-slf4j-1.7.30.jar:/home/dhayaalank/.m2/repository/jakarta/annotation/jakarta.annotation-api/1.3.5/jakarta.annotation-api-1.3.5.jar:/home/dhayaalank/.m2/repository/org/yaml/snakeyaml/1.25/snakeyaml-1.25.jar:/home/dhayaalank/.m2/repository/org/springframework/boot/spring-boot-test/2.2.5.RELEASE/spring-boot-test-2.2.5.RELEASE.jar:/home/dhayaalank/.m2/repository/org/springframework/boot/spring-boot-test-autoconfigure/2.2.5.RELEASE/spring-boot-test-autoconfigure-2.2.5.RELEASE.jar:/home/dhayaalank/.m2/repository/com/jayway/jsonpath/json-path/2.4.0/json-path-2.4.0.jar:/home/dhayaalank/.m2/repository/net/minidev/json-smart/2.3/json-smart-2.3.jar:/home/dhayaalank/.m2/repository/net/minidev/accessors-smart/1.2/accessors-smart-1.2.jar:/home/dhayaalank/.m2/repository/org/ow2/asm/asm/5.0.4/asm-5.0.4.jar:/home/dhayaalank/.m2/repository/jakarta/xml/bind/jakarta.xml.bind-api/2.3.2/jakarta.xml.bind-api-2.3.2.jar:/home/dhayaalank/.m2/repository/org/junit/jupiter/junit-jupiter/5.5.2/junit-jupiter-5.5.2.jar:/home/dhayaalank/.m2/repository/org/junit/jupiter/junit-jupiter-api/5.5.2/junit-jupiter-api-5.5.2.jar:/home/dhayaalank/.m2/repository/org/apiguardian/apiguardian-api/1.1.0/apiguardian-api-1.1.0.jar:/home/dhayaalank/.m2/repository/org/opentest4j/opentest4j/1.2.0/opentest4j-1.2.0.jar:/home/dhayaalank/.m2/repository/org/junit/platform/junit-platform-commons/1.5.2/junit-platform-commons-1.5.2.jar:/home/dhayaalank/.m2/repository/org/junit/jupiter/junit-jupiter-params/5.5.2/junit-jupiter-params-5.5.2.jar:/home/dhayaalank/.m2/repository/org/junit/jupiter/junit-jupiter-engine/5.5.2/junit-jupiter-engine-5.5.2.jar:/home/dhayaalank/.m2/repository/org/junit/platform/junit-platform-engine/1.5.2/junit-platform-engine-1.5.2.jar:/home/dhayaalank/.m2/repository/org/mockito/mockito-junit-jupiter/3.1.0/mockito-junit-jupiter-3.1.0.jar:/home/dhayaalank/.m2/repository/org/assertj/assertj-core/3.13.2/assertj-core-3.13.2.jar:/home/dhayaalank/.m2/repository/org/hamcrest/hamcrest/2.1/hamcrest-2.1.jar:/home/dhayaalank/.m2/repository/org/mockito/mockito-core/3.1.0/mockito-core-3.1.0.jar:/home/dhayaalank/.m2/repository/net/bytebuddy/byte-buddy/1.10.8/byte-buddy-1.10.8.jar:/home/dhayaalank/.m2/repository/net/bytebuddy/byte-buddy-agent/1.10.8/byte-buddy-agent-1.10.8.jar:/home/dhayaalank/.m2/repository/org/objenesis/objenesis/2.6/objenesis-2.6.jar:/home/dhayaalank/.m2/repository/org/skyscreamer/jsonassert/1.5.0/jsonassert-1.5.0.jar:/home/dhayaalank/.m2/repository/com/vaadin/external/google/android-json/0.0.20131108.vaadin1/android-json-0.0.20131108.vaadin1.jar:/home/dhayaalank/.m2/repository/org/springframework/spring-core/5.2.4.RELEASE/spring-core-5.2.4.RELEASE.jar:/home/dhayaalank/.m2/repository/org/springframework/spring-jcl/5.2.4.RELEASE/spring-jcl-5.2.4.RELEASE.jar:/home/dhayaalank/.m2/repository/org/springframework/spring-test/5.2.4.RELEASE/spring-test-5.2.4.RELEASE.jar:/home/dhayaalank/.m2/repository/org/xmlunit/xmlunit-core/2.6.3/xmlunit-core-2.6.3.jar:"/>
    <property name="java.vm.vendor" value="Oracle Corporation"/>
    <property name="sun.arch.data.model" value="64"/>
    <property name="java.vendor.url" value="https://java.oracle.com/"/>
    <property name="os.name" value="Linux"/>
    <property name="java.vm.specification.version" value="22"/>
    <property name="sun.java.launcher" value="SUN_STANDARD"/>
    <property name="user.country" value="IN"/>
    <property name="sun.boot.library.path" value="/home/dhayaalank/.jdks/openjdk-22.0.1/lib"/>
    <property name="sun.java.command" value="/home/dhayaalank/Dhayaalan/Microservice/service-registry/target/surefire/surefirebooter5295784151342173598.jar /home/dhayaalank/Dhayaalan/Microservice/service-registry/target/surefire 2024-09-25T00-45-18_234-jvmRun1 surefire2762251237163754902tmp surefire_02642315430234156090tmp"/>
    <property name="jdk.debug" value="release"/>
    <property name="surefire.test.class.path" value="/home/dhayaalank/Dhayaalan/Microservice/service-registry/target/test-classes:/home/dhayaalank/Dhayaalan/Microservice/service-registry/target/classes:/home/dhayaalank/.m2/repository/org/springframework/cloud/spring-cloud-starter-netflix-eureka-server/2.2.2.RELEASE/spring-cloud-starter-netflix-eureka-server-2.2.2.RELEASE.jar:/home/dhayaalank/.m2/repository/org/springframework/cloud/spring-cloud-starter/2.2.2.RELEASE/spring-cloud-starter-2.2.2.RELEASE.jar:/home/dhayaalank/.m2/repository/org/springframework/cloud/spring-cloud-context/2.2.2.RELEASE/spring-cloud-context-2.2.2.RELEASE.jar:/home/dhayaalank/.m2/repository/org/springframework/security/spring-security-crypto/5.2.2.RELEASE/spring-security-crypto-5.2.2.RELEASE.jar:/home/dhayaalank/.m2/repository/org/springframework/cloud/spring-cloud-commons/2.2.2.RELEASE/spring-cloud-commons-2.2.2.RELEASE.jar:/home/dhayaalank/.m2/repository/org/springframework/security/spring-security-rsa/1.0.9.RELEASE/spring-security-rsa-1.0.9.RELEASE.jar:/home/dhayaalank/.m2/repository/org/bouncycastle/bcpkix-jdk15on/1.64/bcpkix-jdk15on-1.64.jar:/home/dhayaalank/.m2/repository/org/bouncycastle/bcprov-jdk15on/1.64/bcprov-jdk15on-1.64.jar:/home/dhayaalank/.m2/repository/org/springframework/cloud/spring-cloud-netflix-eureka-server/2.2.2.RELEASE/spring-cloud-netflix-eureka-server-2.2.2.RELEASE.jar:/home/dhayaalank/.m2/repository/org/springframework/boot/spring-boot-starter-web/2.2.5.RELEASE/spring-boot-starter-web-2.2.5.RELEASE.jar:/home/dhayaalank/.m2/repository/org/springframework/boot/spring-boot-starter-json/2.2.5.RELEASE/spring-boot-starter-json-2.2.5.RELEASE.jar:/home/dhayaalank/.m2/repository/com/fasterxml/jackson/datatype/jackson-datatype-jdk8/2.10.2/jackson-datatype-jdk8-2.10.2.jar:/home/dhayaalank/.m2/repository/com/fasterxml/jackson/datatype/jackson-datatype-jsr310/2.10.2/jackson-datatype-jsr310-2.10.2.jar:/home/dhayaalank/.m2/repository/com/fasterxml/jackson/module/jackson-module-parameter-names/2.10.2/jackson-module-parameter-names-2.10.2.jar:/home/dhayaalank/.m2/repository/org/springframework/boot/spring-boot-starter-tomcat/2.2.5.RELEASE/spring-boot-starter-tomcat-2.2.5.RELEASE.jar:/home/dhayaalank/.m2/repository/org/apache/tomcat/embed/tomcat-embed-core/9.0.31/tomcat-embed-core-9.0.31.jar:/home/dhayaalank/.m2/repository/org/apache/tomcat/embed/tomcat-embed-el/9.0.31/tomcat-embed-el-9.0.31.jar:/home/dhayaalank/.m2/repository/org/apache/tomcat/embed/tomcat-embed-websocket/9.0.31/tomcat-embed-websocket-9.0.31.jar:/home/dhayaalank/.m2/repository/org/springframework/boot/spring-boot-starter-validation/2.2.5.RELEASE/spring-boot-starter-validation-2.2.5.RELEASE.jar:/home/dhayaalank/.m2/repository/jakarta/validation/jakarta.validation-api/2.0.2/jakarta.validation-api-2.0.2.jar:/home/dhayaalank/.m2/repository/org/hibernate/validator/hibernate-validator/6.0.18.Final/hibernate-validator-6.0.18.Final.jar:/home/dhayaalank/.m2/repository/org/jboss/logging/jboss-logging/3.4.1.Final/jboss-logging-3.4.1.Final.jar:/home/dhayaalank/.m2/repository/com/fasterxml/classmate/1.5.1/classmate-1.5.1.jar:/home/dhayaalank/.m2/repository/org/springframework/spring-web/5.2.4.RELEASE/spring-web-5.2.4.RELEASE.jar:/home/dhayaalank/.m2/repository/org/springframework/spring-beans/5.2.4.RELEASE/spring-beans-5.2.4.RELEASE.jar:/home/dhayaalank/.m2/repository/org/springframework/spring-webmvc/5.2.4.RELEASE/spring-webmvc-5.2.4.RELEASE.jar:/home/dhayaalank/.m2/repository/org/springframework/spring-aop/5.2.4.RELEASE/spring-aop-5.2.4.RELEASE.jar:/home/dhayaalank/.m2/repository/org/springframework/spring-expression/5.2.4.RELEASE/spring-expression-5.2.4.RELEASE.jar:/home/dhayaalank/.m2/repository/org/springframework/boot/spring-boot-starter-actuator/2.2.5.RELEASE/spring-boot-starter-actuator-2.2.5.RELEASE.jar:/home/dhayaalank/.m2/repository/org/springframework/boot/spring-boot-actuator-autoconfigure/2.2.5.RELEASE/spring-boot-actuator-autoconfigure-2.2.5.RELEASE.jar:/home/dhayaalank/.m2/repository/org/springframework/boot/spring-boot-actuator/2.2.5.RELEASE/spring-boot-actuator-2.2.5.RELEASE.jar:/home/dhayaalank/.m2/repository/io/micrometer/micrometer-core/1.3.5/micrometer-core-1.3.5.jar:/home/dhayaalank/.m2/repository/org/hdrhistogram/HdrHistogram/2.1.11/HdrHistogram-2.1.11.jar:/home/dhayaalank/.m2/repository/org/latencyutils/LatencyUtils/2.0.3/LatencyUtils-2.0.3.jar:/home/dhayaalank/.m2/repository/org/springframework/boot/spring-boot-starter-freemarker/2.2.5.RELEASE/spring-boot-starter-freemarker-2.2.5.RELEASE.jar:/home/dhayaalank/.m2/repository/org/freemarker/freemarker/2.3.29/freemarker-2.3.29.jar:/home/dhayaalank/.m2/repository/org/springframework/spring-context-support/5.2.4.RELEASE/spring-context-support-5.2.4.RELEASE.jar:/home/dhayaalank/.m2/repository/org/springframework/cloud/spring-cloud-netflix-hystrix/2.2.2.RELEASE/spring-cloud-netflix-hystrix-2.2.2.RELEASE.jar:/home/dhayaalank/.m2/repository/org/springframework/boot/spring-boot-starter-aop/2.2.5.RELEASE/spring-boot-starter-aop-2.2.5.RELEASE.jar:/home/dhayaalank/.m2/repository/org/aspectj/aspectjweaver/1.9.5/aspectjweaver-1.9.5.jar:/home/dhayaalank/.m2/repository/org/springframework/cloud/spring-cloud-netflix-eureka-client/2.2.2.RELEASE/spring-cloud-netflix-eureka-client-2.2.2.RELEASE.jar:/home/dhayaalank/.m2/repository/com/netflix/eureka/eureka-client/1.9.17/eureka-client-1.9.17.jar:/home/dhayaalank/.m2/repository/org/codehaus/jettison/jettison/1.3.7/jettison-1.3.7.jar:/home/dhayaalank/.m2/repository/stax/stax-api/1.0.1/stax-api-1.0.1.jar:/home/dhayaalank/.m2/repository/com/netflix/netflix-commons/netflix-eventbus/0.3.0/netflix-eventbus-0.3.0.jar:/home/dhayaalank/.m2/repository/com/netflix/netflix-commons/netflix-infix/0.3.0/netflix-infix-0.3.0.jar:/home/dhayaalank/.m2/repository/commons-jxpath/commons-jxpath/1.3/commons-jxpath-1.3.jar:/home/dhayaalank/.m2/repository/joda-time/joda-time/2.10.5/joda-time-2.10.5.jar:/home/dhayaalank/.m2/repository/org/antlr/antlr-runtime/3.4/antlr-runtime-3.4.jar:/home/dhayaalank/.m2/repository/org/antlr/stringtemplate/3.2.1/stringtemplate-3.2.1.jar:/home/dhayaalank/.m2/repository/antlr/antlr/2.7.7/antlr-2.7.7.jar:/home/dhayaalank/.m2/repository/com/google/code/gson/gson/2.8.6/gson-2.8.6.jar:/home/dhayaalank/.m2/repository/org/apache/commons/commons-math/2.2/commons-math-2.2.jar:/home/dhayaalank/.m2/repository/javax/ws/rs/jsr311-api/1.1.1/jsr311-api-1.1.1.jar:/home/dhayaalank/.m2/repository/com/netflix/servo/servo-core/0.12.21/servo-core-0.12.21.jar:/home/dhayaalank/.m2/repository/com/sun/jersey/jersey-core/1.19.1/jersey-core-1.19.1.jar:/home/dhayaalank/.m2/repository/com/sun/jersey/contribs/jersey-apache-client4/1.19.1/jersey-apache-client4-1.19.1.jar:/home/dhayaalank/.m2/repository/org/apache/httpcomponents/httpclient/4.5.11/httpclient-4.5.11.jar:/home/dhayaalank/.m2/repository/org/apache/httpcomponents/httpcore/4.4.13/httpcore-4.4.13.jar:/home/dhayaalank/.m2/repository/commons-codec/commons-codec/1.13/commons-codec-1.13.jar:/home/dhayaalank/.m2/repository/com/google/inject/guice/4.1.0/guice-4.1.0.jar:/home/dhayaalank/.m2/repository/aopalliance/aopalliance/1.0/aopalliance-1.0.jar:/home/dhayaalank/.m2/repository/com/fasterxml/jackson/core/jackson-annotations/2.10.2/jackson-annotations-2.10.2.jar:/home/dhayaalank/.m2/repository/com/fasterxml/jackson/core/jackson-core/2.10.2/jackson-core-2.10.2.jar:/home/dhayaalank/.m2/repository/com/fasterxml/jackson/core/jackson-databind/2.10.2/jackson-databind-2.10.2.jar:/home/dhayaalank/.m2/repository/com/sun/jersey/jersey-servlet/1.19.1/jersey-servlet-1.19.1.jar:/home/dhayaalank/.m2/repository/com/sun/jersey/jersey-server/1.19.1/jersey-server-1.19.1.jar:/home/dhayaalank/.m2/repository/com/sun/jersey/jersey-client/1.19.1/jersey-client-1.19.1.jar:/home/dhayaalank/.m2/repository/com/netflix/eureka/eureka-core/1.9.17/eureka-core-1.9.17.jar:/home/dhayaalank/.m2/repository/com/fasterxml/woodstox/woodstox-core/5.2.1/woodstox-core-5.2.1.jar:/home/dhayaalank/.m2/repository/com/netflix/archaius/archaius-core/0.7.6/archaius-core-0.7.6.jar:/home/dhayaalank/.m2/repository/com/google/code/findbugs/jsr305/3.0.1/jsr305-3.0.1.jar:/home/dhayaalank/.m2/repository/com/google/guava/guava/28.2-android/guava-28.2-android.jar:/home/dhayaalank/.m2/repository/com/google/guava/failureaccess/1.0.1/failureaccess-1.0.1.jar:/home/dhayaalank/.m2/repository/com/google/guava/listenablefuture/9999.0-empty-to-avoid-conflict-with-guava/listenablefuture-9999.0-empty-to-avoid-conflict-with-guava.jar:/home/dhayaalank/.m2/repository/org/checkerframework/checker-compat-qual/2.5.5/checker-compat-qual-2.5.5.jar:/home/dhayaalank/.m2/repository/com/google/errorprone/error_prone_annotations/2.3.4/error_prone_annotations-2.3.4.jar:/home/dhayaalank/.m2/repository/com/google/j2objc/j2objc-annotations/1.3/j2objc-annotations-1.3.jar:/home/dhayaalank/.m2/repository/javax/inject/javax.inject/1/javax.inject-1.jar:/home/dhayaalank/.m2/repository/com/fasterxml/jackson/dataformat/jackson-dataformat-xml/2.10.2/jackson-dataformat-xml-2.10.2.jar:/home/dhayaalank/.m2/repository/com/fasterxml/jackson/module/jackson-module-jaxb-annotations/2.10.2/jackson-module-jaxb-annotations-2.10.2.jar:/home/dhayaalank/.m2/repository/org/codehaus/woodstox/stax2-api/4.2/stax2-api-4.2.jar:/home/dhayaalank/.m2/repository/com/thoughtworks/xstream/xstream/1.4.11.1/xstream-1.4.11.1.jar:/home/dhayaalank/.m2/repository/xmlpull/xmlpull/1.1.3.1/xmlpull-1.1.3.1.jar:/home/dhayaalank/.m2/repository/xpp3/xpp3_min/1.1.4c/xpp3_min-1.1.4c.jar:/home/dhayaalank/.m2/repository/org/springframework/cloud/spring-cloud-starter-netflix-archaius/2.2.2.RELEASE/spring-cloud-starter-netflix-archaius-2.2.2.RELEASE.jar:/home/dhayaalank/.m2/repository/org/springframework/cloud/spring-cloud-netflix-ribbon/2.2.2.RELEASE/spring-cloud-netflix-ribbon-2.2.2.RELEASE.jar:/home/dhayaalank/.m2/repository/org/springframework/cloud/spring-cloud-netflix-archaius/2.2.2.RELEASE/spring-cloud-netflix-archaius-2.2.2.RELEASE.jar:/home/dhayaalank/.m2/repository/commons-configuration/commons-configuration/1.8/commons-configuration-1.8.jar:/home/dhayaalank/.m2/repository/commons-lang/commons-lang/2.6/commons-lang-2.6.jar:/home/dhayaalank/.m2/repository/org/springframework/cloud/spring-cloud-starter-netflix-ribbon/2.2.2.RELEASE/spring-cloud-starter-netflix-ribbon-2.2.2.RELEASE.jar:/home/dhayaalank/.m2/repository/com/netflix/ribbon/ribbon/2.3.0/ribbon-2.3.0.jar:/home/dhayaalank/.m2/repository/com/netflix/ribbon/ribbon-transport/2.3.0/ribbon-transport-2.3.0.jar:/home/dhayaalank/.m2/repository/io/reactivex/rxnetty-contexts/0.4.9/rxnetty-contexts-0.4.9.jar:/home/dhayaalank/.m2/repository/io/reactivex/rxnetty-servo/0.4.9/rxnetty-servo-0.4.9.jar:/home/dhayaalank/.m2/repository/com/netflix/hystrix/hystrix-core/1.5.18/hystrix-core-1.5.18.jar:/home/dhayaalank/.m2/repository/io/reactivex/rxnetty/0.4.9/rxnetty-0.4.9.jar:/home/dhayaalank/.m2/repository/com/netflix/ribbon/ribbon-core/2.3.0/ribbon-core-2.3.0.jar:/home/dhayaalank/.m2/repository/com/netflix/ribbon/ribbon-httpclient/2.3.0/ribbon-httpclient-2.3.0.jar:/home/dhayaalank/.m2/repository/commons-collections/commons-collections/3.2.2/commons-collections-3.2.2.jar:/home/dhayaalank/.m2/repository/com/netflix/netflix-commons/netflix-commons-util/0.3.0/netflix-commons-util-0.3.0.jar:/home/dhayaalank/.m2/repository/com/netflix/ribbon/ribbon-loadbalancer/2.3.0/ribbon-loadbalancer-2.3.0.jar:/home/dhayaalank/.m2/repository/com/netflix/netflix-commons/netflix-statistics/0.1.1/netflix-statistics-0.1.1.jar:/home/dhayaalank/.m2/repository/io/reactivex/rxjava/1.3.8/rxjava-1.3.8.jar:/home/dhayaalank/.m2/repository/org/springframework/cloud/spring-cloud-starter-loadbalancer/2.2.2.RELEASE/spring-cloud-starter-loadbalancer-2.2.2.RELEASE.jar:/home/dhayaalank/.m2/repository/org/springframework/cloud/spring-cloud-loadbalancer/2.2.2.RELEASE/spring-cloud-loadbalancer-2.2.2.RELEASE.jar:/home/dhayaalank/.m2/repository/io/projectreactor/reactor-core/3.3.3.RELEASE/reactor-core-3.3.3.RELEASE.jar:/home/dhayaalank/.m2/repository/org/reactivestreams/reactive-streams/1.0.3/reactive-streams-1.0.3.jar:/home/dhayaalank/.m2/repository/io/projectreactor/addons/reactor-extra/3.3.2.RELEASE/reactor-extra-3.3.2.RELEASE.jar:/home/dhayaalank/.m2/repository/org/springframework/boot/spring-boot-starter-cache/2.2.5.RELEASE/spring-boot-starter-cache-2.2.5.RELEASE.jar:/home/dhayaalank/.m2/repository/com/stoyanr/evictor/1.0.0/evictor-1.0.0.jar:/home/dhayaalank/.m2/repository/com/netflix/ribbon/ribbon-eureka/2.3.0/ribbon-eureka-2.3.0.jar:/home/dhayaalank/.m2/repository/org/slf4j/slf4j-api/1.7.30/slf4j-api-1.7.30.jar:/home/dhayaalank/.m2/repository/org/glassfish/jaxb/jaxb-runtime/2.3.2/jaxb-runtime-2.3.2.jar:/home/dhayaalank/.m2/repository/org/glassfish/jaxb/txw2/2.3.2/txw2-2.3.2.jar:/home/dhayaalank/.m2/repository/com/sun/istack/istack-commons-runtime/3.0.8/istack-commons-runtime-3.0.8.jar:/home/dhayaalank/.m2/repository/org/jvnet/staxex/stax-ex/1.8.1/stax-ex-1.8.1.jar:/home/dhayaalank/.m2/repository/com/sun/xml/fastinfoset/FastInfoset/1.2.16/FastInfoset-1.2.16.jar:/home/dhayaalank/.m2/repository/jakarta/activation/jakarta.activation-api/1.2.2/jakarta.activation-api-1.2.2.jar:/home/dhayaalank/.m2/repository/org/springframework/boot/spring-boot-starter-test/2.2.5.RELEASE/spring-boot-starter-test-2.2.5.RELEASE.jar:/home/dhayaalank/.m2/repository/org/springframework/boot/spring-boot-starter/2.2.5.RELEASE/spring-boot-starter-2.2.5.RELEASE.jar:/home/dhayaalank/.m2/repository/org/springframework/boot/spring-boot/2.2.5.RELEASE/spring-boot-2.2.5.RELEASE.jar:/home/dhayaalank/.m2/repository/org/springframework/spring-context/5.2.4.RELEASE/spring-context-5.2.4.RELEASE.jar:/home/dhayaalank/.m2/repository/org/springframework/boot/spring-boot-autoconfigure/2.2.5.RELEASE/spring-boot-autoconfigure-2.2.5.RELEASE.jar:/home/dhayaalank/.m2/repository/org/springframework/boot/spring-boot-starter-logging/2.2.5.RELEASE/spring-boot-starter-logging-2.2.5.RELEASE.jar:/home/dhayaalank/.m2/repository/ch/qos/logback/logback-classic/1.2.3/logback-classic-1.2.3.jar:/home/dhayaalank/.m2/repository/ch/qos/logback/logback-core/1.2.3/logback-core-1.2.3.jar:/home/dhayaalank/.m2/repository/org/apache/logging/log4j/log4j-to-slf4j/2.12.1/log4j-to-slf4j-2.12.1.jar:/home/dhayaalank/.m2/repository/org/apache/logging/log4j/log4j-api/2.12.1/log4j-api-2.12.1.jar:/home/dhayaalank/.m2/repository/org/slf4j/jul-to-slf4j/1.7.30/jul-to-slf4j-1.7.30.jar:/home/dhayaalank/.m2/repository/jakarta/annotation/jakarta.annotation-api/1.3.5/jakarta.annotation-api-1.3.5.jar:/home/dhayaalank/.m2/repository/org/yaml/snakeyaml/1.25/snakeyaml-1.25.jar:/home/dhayaalank/.m2/repository/org/springframework/boot/spring-boot-test/2.2.5.RELEASE/spring-boot-test-2.2.5.RELEASE.jar:/home/dhayaalank/.m2/repository/org/springframework/boot/spring-boot-test-autoconfigure/2.2.5.RELEASE/spring-boot-test-autoconfigure-2.2.5.RELEASE.jar:/home/dhayaalank/.m2/repository/com/jayway/jsonpath/json-path/2.4.0/json-path-2.4.0.jar:/home/dhayaalank/.m2/repository/net/minidev/json-smart/2.3/json-smart-2.3.jar:/home/dhayaalank/.m2/repository/net/minidev/accessors-smart/1.2/accessors-smart-1.2.jar:/home/dhayaalank/.m2/repository/org/ow2/asm/asm/5.0.4/asm-5.0.4.jar:/home/dhayaalank/.m2/repository/jakarta/xml/bind/jakarta.xml.bind-api/2.3.2/jakarta.xml.bind-api-2.3.2.jar:/home/dhayaalank/.m2/repository/org/junit/jupiter/junit-jupiter/5.5.2/junit-jupiter-5.5.2.jar:/home/dhayaalank/.m2/repository/org/junit/jupiter/junit-jupiter-api/5.5.2/junit-jupiter-api-5.5.2.jar:/home/dhayaalank/.m2/repository/org/apiguardian/apiguardian-api/1.1.0/apiguardian-api-1.1.0.jar:/home/dhayaalank/.m2/repository/org/opentest4j/opentest4j/1.2.0/opentest4j-1.2.0.jar:/home/dhayaalank/.m2/repository/org/junit/platform/junit-platform-commons/1.5.2/junit-platform-commons-1.5.2.jar:/home/dhayaalank/.m2/repository/org/junit/jupiter/junit-jupiter-params/5.5.2/junit-jupiter-params-5.5.2.jar:/home/dhayaalank/.m2/repository/org/junit/jupiter/junit-jupiter-engine/5.5.2/junit-jupiter-engine-5.5.2.jar:/home/dhayaalank/.m2/repository/org/junit/platform/junit-platform-engine/1.5.2/junit-platform-engine-1.5.2.jar:/home/dhayaalank/.m2/repository/org/mockito/mockito-junit-jupiter/3.1.0/mockito-junit-jupiter-3.1.0.jar:/home/dhayaalank/.m2/repository/org/assertj/assertj-core/3.13.2/assertj-core-3.13.2.jar:/home/dhayaalank/.m2/repository/org/hamcrest/hamcrest/2.1/hamcrest-2.1.jar:/home/dhayaalank/.m2/repository/org/mockito/mockito-core/3.1.0/mockito-core-3.1.0.jar:/home/dhayaalank/.m2/repository/net/bytebuddy/byte-buddy/1.10.8/byte-buddy-1.10.8.jar:/home/dhayaalank/.m2/repository/net/bytebuddy/byte-buddy-agent/1.10.8/byte-buddy-agent-1.10.8.jar:/home/dhayaalank/.m2/repository/org/objenesis/objenesis/2.6/objenesis-2.6.jar:/home/dhayaalank/.m2/repository/org/skyscreamer/jsonassert/1.5.0/jsonassert-1.5.0.jar:/home/dhayaalank/.m2/repository/com/vaadin/external/google/android-json/0.0.20131108.vaadin1/android-json-0.0.20131108.vaadin1.jar:/home/dhayaalank/.m2/repository/org/springframework/spring-core/5.2.4.RELEASE/spring-core-5.2.4.RELEASE.jar:/home/dhayaalank/.m2/repository/org/springframework/spring-jcl/5.2.4.RELEASE/spring-jcl-5.2.4.RELEASE.jar:/home/dhayaalank/.m2/repository/org/springframework/spring-test/5.2.4.RELEASE/spring-test-5.2.4.RELEASE.jar:/home/dhayaalank/.m2/repository/org/xmlunit/xmlunit-core/2.6.3/xmlunit-core-2.6.3.jar:"/>
    <property name="sun.cpu.endian" value="little"/>
    <property name="user.home" value="/home/dhayaalank"/>
    <property name="user.language" value="en"/>
    <property name="java.specification.vendor" value="Oracle Corporation"/>
    <property name="java.version.date" value="2024-04-16"/>
    <property name="java.home" value="/home/dhayaalank/.jdks/openjdk-22.0.1"/>
    <property name="file.separator" value="/"/>
    <property name="basedir" value="/home/dhayaalank/Dhayaalan/Microservice/service-registry"/>
    <property name="java.vm.compressedOopsMode" value="Zero based"/>
    <property name="line.separator" value="&#10;"/>
    <property name="java.specification.name" value="Java Platform API Specification"/>
    <property name="java.vm.specification.vendor" value="Oracle Corporation"/>
    <property name="surefire.real.class.path" value="/home/dhayaalank/Dhayaalan/Microservice/service-registry/target/surefire/surefirebooter5295784151342173598.jar"/>
    <property name="sun.management.compiler" value="HotSpot 64-Bit Tiered Compilers"/>
    <property name="java.runtime.version" value="22.0.1+8-16"/>
    <property name="user.name" value="dhayaalank"/>
    <property name="stdout.encoding" value="UTF-8"/>
    <property name="path.separator" value=":"/>
    <property name="os.version" value="6.8.0-40-generic"/>
    <property name="java.runtime.name" value="OpenJDK Runtime Environment"/>
    <property name="file.encoding" value="UTF-8"/>
    <property name="java.vm.name" value="OpenJDK 64-Bit Server VM"/>
    <property name="localRepository" value="/home/dhayaalank/.m2/repository"/>
    <property name="java.vendor.url.bug" value="https://bugreport.java.com/bugreport/"/>
    <property name="java.io.tmpdir" value="/tmp"/>
    <property name="idea.version" value="2024.2.2"/>
    <property name="java.version" value="22.0.1"/>
    <property name="user.dir" value="/home/dhayaalank/Dhayaalan/Microservice/service-registry"/>
    <property name="os.arch" value="amd64"/>
    <property name="java.vm.specification.name" value="Java Virtual Machine Specification"/>
    <property name="native.encoding" value="UTF-8"/>
    <property name="java.library.path" value="/usr/java/packages/lib:/usr/lib64:/lib64:/lib:/usr/lib"/>
    <property name="java.vm.info" value="mixed mode, sharing"/>
    <property name="stderr.encoding" value="UTF-8"/>
    <property name="java.vendor" value="Oracle Corporation"/>
    <property name="java.vm.version" value="22.0.1+8-16"/>
    <property name="sun.io.unicode.encoding" value="UnicodeLittle"/>
    <property name="java.class.version" value="66.0"/>
  </properties>
  <testcase name="contextLoads" classname="com.javatechie.ServiceRegistryApplicationTests" time="0.008">
    <error message="Failed to load ApplicationContext" type="java.lang.IllegalStateException">java.lang.IllegalStateException: Failed to load ApplicationContext
Caused by: org.springframework.beans.factory.UnsatisfiedDependencyException: Error creating bean with name 'org.springframework.cloud.netflix.eureka.server.EurekaServerInitializerConfiguration': Unsatisfied dependency expressed through field 'eurekaServerBootstrap'; nested exception is org.springframework.beans.factory.UnsatisfiedDependencyException: Error creating bean with name 'eurekaServerBootstrap' defined in class path resource [org/springframework/cloud/netflix/eureka/server/EurekaServerAutoConfiguration.class]: Unsatisfied dependency expressed through method 'eurekaServerBootstrap' parameter 0; nested exception is org.springframework.beans.factory.UnsatisfiedDependencyException: Error creating bean with name 'peerAwareInstanceRegistry' defined in class path resource [org/springframework/cloud/netflix/eureka/server/EurekaServerAutoConfiguration.class]: Unsatisfied dependency expressed through method 'peerAwareInstanceRegistry' parameter 0; nested exception is org.springframework.beans.factory.BeanCreationException: Error creating bean with name 'serverCodecs' defined in class path resource [org/springframework/cloud/netflix/eureka/server/EurekaServerAutoConfiguration.class]: Bean instantiation via factory method failed; nested exception is org.springframework.beans.BeanInstantiationException: Failed to instantiate [com.netflix.eureka.resources.ServerCodecs]: Factory method 'serverCodecs' threw exception; nested exception is java.lang.ExceptionInInitializerError
Caused by: org.springframework.beans.factory.UnsatisfiedDependencyException: Error creating bean with name 'eurekaServerBootstrap' defined in class path resource [org/springframework/cloud/netflix/eureka/server/EurekaServerAutoConfiguration.class]: Unsatisfied dependency expressed through method 'eurekaServerBootstrap' parameter 0; nested exception is org.springframework.beans.factory.UnsatisfiedDependencyException: Error creating bean with name 'peerAwareInstanceRegistry' defined in class path resource [org/springframework/cloud/netflix/eureka/server/EurekaServerAutoConfiguration.class]: Unsatisfied dependency expressed through method 'peerAwareInstanceRegistry' parameter 0; nested exception is org.springframework.beans.factory.BeanCreationException: Error creating bean with name 'serverCodecs' defined in class path resource [org/springframework/cloud/netflix/eureka/server/EurekaServerAutoConfiguration.class]: Bean instantiation via factory method failed; nested exception is org.springframework.beans.BeanInstantiationException: Failed to instantiate [com.netflix.eureka.resources.ServerCodecs]: Factory method 'serverCodecs' threw exception; nested exception is java.lang.ExceptionInInitializerError
Caused by: org.springframework.beans.factory.UnsatisfiedDependencyException: Error creating bean with name 'peerAwareInstanceRegistry' defined in class path resource [org/springframework/cloud/netflix/eureka/server/EurekaServerAutoConfiguration.class]: Unsatisfied dependency expressed through method 'peerAwareInstanceRegistry' parameter 0; nested exception is org.springframework.beans.factory.BeanCreationException: Error creating bean with name 'serverCodecs' defined in class path resource [org/springframework/cloud/netflix/eureka/server/EurekaServerAutoConfiguration.class]: Bean instantiation via factory method failed; nested exception is org.springframework.beans.BeanInstantiationException: Failed to instantiate [com.netflix.eureka.resources.ServerCodecs]: Factory method 'serverCodecs' threw exception; nested exception is java.lang.ExceptionInInitializerError
Caused by: org.springframework.beans.factory.BeanCreationException: Error creating bean with name 'serverCodecs' defined in class path resource [org/springframework/cloud/netflix/eureka/server/EurekaServerAutoConfiguration.class]: Bean instantiation via factory method failed; nested exception is org.springframework.beans.BeanInstantiationException: Failed to instantiate [com.netflix.eureka.resources.ServerCodecs]: Factory method 'serverCodecs' threw exception; nested exception is java.lang.ExceptionInInitializerError
Caused by: org.springframework.beans.BeanInstantiationException: Failed to instantiate [com.netflix.eureka.resources.ServerCodecs]: Factory method 'serverCodecs' threw exception; nested exception is java.lang.ExceptionInInitializerError
Caused by: java.lang.ExceptionInInitializerError
Caused by: java.lang.reflect.InaccessibleObjectException: Unable to make field private final java.util.Comparator java.util.TreeMap.comparator accessible: module java.base does not "opens java.util" to unnamed module @76a9411d
</error>
    <system-out><![CDATA[00:45:18.732 [main] DEBUG org.springframework.test.context.BootstrapUtils - Instantiating CacheAwareContextLoaderDelegate from class [org.springframework.test.context.cache.DefaultCacheAwareContextLoaderDelegate]
00:45:18.742 [main] DEBUG org.springframework.test.context.BootstrapUtils - Instantiating BootstrapContext using constructor [public org.springframework.test.context.support.DefaultBootstrapContext(java.lang.Class,org.springframework.test.context.CacheAwareContextLoaderDelegate)]
00:45:18.765 [main] DEBUG org.springframework.test.context.BootstrapUtils - Instantiating TestContextBootstrapper for test class [com.javatechie.ServiceRegistryApplicationTests] from class [org.springframework.boot.test.context.SpringBootTestContextBootstrapper]
00:45:18.772 [main] INFO org.springframework.boot.test.context.SpringBootTestContextBootstrapper - Neither @ContextConfiguration nor @ContextHierarchy found for test class [com.javatechie.ServiceRegistryApplicationTests], using SpringBootContextLoader
00:45:18.775 [main] DEBUG org.springframework.test.context.support.AbstractContextLoader - Did not detect default resource location for test class [com.javatechie.ServiceRegistryApplicationTests]: class path resource [com/javatechie/ServiceRegistryApplicationTests-context.xml] does not exist
00:45:18.775 [main] DEBUG org.springframework.test.context.support.AbstractContextLoader - Did not detect default resource location for test class [com.javatechie.ServiceRegistryApplicationTests]: class path resource [com/javatechie/ServiceRegistryApplicationTestsContext.groovy] does not exist
00:45:18.775 [main] INFO org.springframework.test.context.support.AbstractContextLoader - Could not detect default resource locations for test class [com.javatechie.ServiceRegistryApplicationTests]: no resource found for suffixes {-context.xml, Context.groovy}.
00:45:18.775 [main] INFO org.springframework.test.context.support.AnnotationConfigContextLoaderUtils - Could not detect default configuration classes for test class [com.javatechie.ServiceRegistryApplicationTests]: ServiceRegistryApplicationTests does not declare any static, non-private, non-final, nested classes annotated with @Configuration.
00:45:18.794 [main] DEBUG org.springframework.test.context.support.ActiveProfilesUtils - Could not find an 'annotation declaring class' for annotation type [org.springframework.test.context.ActiveProfiles] and class [com.javatechie.ServiceRegistryApplicationTests]
00:45:18.828 [main] DEBUG org.springframework.context.annotation.ClassPathScanningCandidateComponentProvider - Identified candidate component class: file [/home/dhayaalank/Dhayaalan/Microservice/service-registry/target/classes/com/javatechie/ServiceRegistryApplication.class]
00:45:18.829 [main] INFO org.springframework.boot.test.context.SpringBootTestContextBootstrapper - Found @SpringBootConfiguration com.javatechie.ServiceRegistryApplication for test class com.javatechie.ServiceRegistryApplicationTests
00:45:18.875 [main] DEBUG org.springframework.boot.test.context.SpringBootTestContextBootstrapper - @TestExecutionListeners is not present for class [com.javatechie.ServiceRegistryApplicationTests]: using defaults.
00:45:18.875 [main] INFO org.springframework.boot.test.context.SpringBootTestContextBootstrapper - Loaded default TestExecutionListener class names from location [META-INF/spring.factories]: [org.springframework.boot.test.mock.mockito.MockitoTestExecutionListener, org.springframework.boot.test.mock.mockito.ResetMocksTestExecutionListener, org.springframework.boot.test.autoconfigure.restdocs.RestDocsTestExecutionListener, org.springframework.boot.test.autoconfigure.web.client.MockRestServiceServerResetTestExecutionListener, org.springframework.boot.test.autoconfigure.web.servlet.MockMvcPrintOnlyOnFailureTestExecutionListener, org.springframework.boot.test.autoconfigure.web.servlet.WebDriverTestExecutionListener, org.springframework.test.context.web.ServletTestExecutionListener, org.springframework.test.context.support.DirtiesContextBeforeModesTestExecutionListener, org.springframework.test.context.support.DependencyInjectionTestExecutionListener, org.springframework.test.context.support.DirtiesContextTestExecutionListener, org.springframework.test.context.transaction.TransactionalTestExecutionListener, org.springframework.test.context.jdbc.SqlScriptsTestExecutionListener, org.springframework.test.context.event.EventPublishingTestExecutionListener]
00:45:18.880 [main] DEBUG org.springframework.boot.test.context.SpringBootTestContextBootstrapper - Skipping candidate TestExecutionListener [org.springframework.test.context.transaction.TransactionalTestExecutionListener] due to a missing dependency. Specify custom listener classes or make the default listener classes and their required dependencies available. Offending class: [org/springframework/transaction/interceptor/TransactionAttributeSource]
00:45:18.880 [main] DEBUG org.springframework.boot.test.context.SpringBootTestContextBootstrapper - Skipping candidate TestExecutionListener [org.springframework.test.context.jdbc.SqlScriptsTestExecutionListener] due to a missing dependency. Specify custom listener classes or make the default listener classes and their required dependencies available. Offending class: [org/springframework/transaction/interceptor/TransactionAttribute]
00:45:18.880 [main] INFO org.springframework.boot.test.context.SpringBootTestContextBootstrapper - Using TestExecutionListeners: [org.springframework.test.context.web.ServletTestExecutionListener@15f47664, org.springframework.test.context.support.DirtiesContextBeforeModesTestExecutionListener@471a9022, org.springframework.boot.test.mock.mockito.MockitoTestExecutionListener@dc9876b, org.springframework.boot.test.autoconfigure.SpringBootDependencyInjectionTestExecutionListener@2f666ebb, org.springframework.test.context.support.DirtiesContextTestExecutionListener@19976a65, org.springframework.test.context.event.EventPublishingTestExecutionListener@a1f72f5, org.springframework.boot.test.mock.mockito.ResetMocksTestExecutionListener@4b2c5e02, org.springframework.boot.test.autoconfigure.restdocs.RestDocsTestExecutionListener@57a3e26a, org.springframework.boot.test.autoconfigure.web.client.MockRestServiceServerResetTestExecutionListener@75c56eb9, org.springframework.boot.test.autoconfigure.web.servlet.MockMvcPrintOnlyOnFailureTestExecutionListener@4bc222e, org.springframework.boot.test.autoconfigure.web.servlet.WebDriverTestExecutionListener@2dc9b0f5]
00:45:18.883 [main] DEBUG org.springframework.test.context.support.AbstractDirtiesContextTestExecutionListener - Before test class: context [DefaultTestContext@2bec854f testClass = ServiceRegistryApplicationTests, testInstance = [null], testMethod = [null], testException = [null], mergedContextConfiguration = [WebMergedContextConfiguration@31edaa7d testClass = ServiceRegistryApplicationTests, locations = '{}', classes = '{class com.javatechie.ServiceRegistryApplication}', contextInitializerClasses = '[]', activeProfiles = '{}', propertySourceLocations = '{}', propertySourceProperties = '{org.springframework.boot.test.context.SpringBootTestContextBootstrapper=true}', contextCustomizers = set[org.springframework.boot.test.context.filter.ExcludeFilterContextCustomizer@33d512c1, org.springframework.boot.test.json.DuplicateJsonObjectContextCustomizerFactory$DuplicateJsonObjectContextCustomizer@5fe94a96, org.springframework.boot.test.mock.mockito.MockitoContextCustomizer@0, org.springframework.boot.test.web.client.TestRestTemplateContextCustomizer@3c46e67a, org.springframework.boot.test.autoconfigure.properties.PropertyMappingContextCustomizer@0, org.springframework.boot.test.autoconfigure.web.servlet.WebDriverContextCustomizerFactory$Customizer@662ac478], resourceBasePath = 'src/main/webapp', contextLoader = 'org.springframework.boot.test.context.SpringBootContextLoader', parent = [null]], attributes = map['org.springframework.test.context.web.ServletTestExecutionListener.activateListener' -> true]], class annotated with @DirtiesContext [false] with mode [null].
00:45:18.898 [main] DEBUG org.springframework.test.context.support.TestPropertySourceUtils - Adding inlined properties to environment: {spring.jmx.enabled=false, org.springframework.boot.test.context.SpringBootTestContextBootstrapper=true, server.port=-1}

  .   ____          _            __ _ _
 /\\ / ___'_ __ _ _(_)_ __  __ _ \ \ \ \
( ( )\___ | '_ | '_| | '_ \/ _` | \ \ \ \
 \\/  ___)| |_)| | | | | || (_| |  ) ) ) )
  '  |____| .__|_| |_|_| |_\__, | / / / /
 =========|_|==============|___/=/_/_/_/
&amp#27;[32m :: Spring Boot :: &amp#27;[39m      &amp#27;[2m (v2.2.5.RELEASE)&amp#27;[0;39m

&amp#27;[2m2024-09-25 00:45:19.446&amp#27;[0;39m &amp#27;[32m INFO&amp#27;[0;39m &amp#27;[35m4852&amp#27;[0;39m &amp#27;[2m---&amp#27;[0;39m &amp#27;[2m[           main]&amp#27;[0;39m &amp#27;[36mc.j.ServiceRegistryApplicationTests     &amp#27;[0;39m &amp#27;[2m:&amp#27;[0;39m No active profile set, falling back to default profiles: default
&amp#27;[2m2024-09-25 00:45:19.902&amp#27;[0;39m &amp#27;[33m WARN&amp#27;[0;39m &amp#27;[35m4852&amp#27;[0;39m &amp#27;[2m---&amp#27;[0;39m &amp#27;[2m[           main]&amp#27;[0;39m &amp#27;[36mo.s.boot.actuate.endpoint.EndpointId    &amp#27;[0;39m &amp#27;[2m:&amp#27;[0;39m Endpoint ID 'service-registry' contains invalid characters, please migrate to a valid format.
&amp#27;[2m2024-09-25 00:45:19.977&amp#27;[0;39m &amp#27;[32m INFO&amp#27;[0;39m &amp#27;[35m4852&amp#27;[0;39m &amp#27;[2m---&amp#27;[0;39m &amp#27;[2m[           main]&amp#27;[0;39m &amp#27;[36mo.s.cloud.context.scope.GenericScope    &amp#27;[0;39m &amp#27;[2m:&amp#27;[0;39m BeanFactory id=3d874567-651e-3525-823f-4ecd57e4b754
&amp#27;[2m2024-09-25 00:45:20.227&amp#27;[0;39m &amp#27;[33m WARN&amp#27;[0;39m &amp#27;[35m4852&amp#27;[0;39m &amp#27;[2m---&amp#27;[0;39m &amp#27;[2m[           main]&amp#27;[0;39m &amp#27;[36mo.s.c.n.a.ArchaiusAutoConfiguration     &amp#27;[0;39m &amp#27;[2m:&amp#27;[0;39m No spring.application.name found, defaulting to 'application'
&amp#27;[2m2024-09-25 00:45:20.229&amp#27;[0;39m &amp#27;[33m WARN&amp#27;[0;39m &amp#27;[35m4852&amp#27;[0;39m &amp#27;[2m---&amp#27;[0;39m &amp#27;[2m[           main]&amp#27;[0;39m &amp#27;[36mc.n.c.sources.URLConfigurationSource    &amp#27;[0;39m &amp#27;[2m:&amp#27;[0;39m No URLs will be polled as dynamic configuration sources.
&amp#27;[2m2024-09-25 00:45:20.230&amp#27;[0;39m &amp#27;[32m INFO&amp#27;[0;39m &amp#27;[35m4852&amp#27;[0;39m &amp#27;[2m---&amp#27;[0;39m &amp#27;[2m[           main]&amp#27;[0;39m &amp#27;[36mc.n.c.sources.URLConfigurationSource    &amp#27;[0;39m &amp#27;[2m:&amp#27;[0;39m To enable URLs as dynamic configuration sources, define System property archaius.configurationSource.additionalUrls or make config.properties available on classpath.
&amp#27;[2m2024-09-25 00:45:20.234&amp#27;[0;39m &amp#27;[33m WARN&amp#27;[0;39m &amp#27;[35m4852&amp#27;[0;39m &amp#27;[2m---&amp#27;[0;39m &amp#27;[2m[           main]&amp#27;[0;39m &amp#27;[36mc.n.c.sources.URLConfigurationSource    &amp#27;[0;39m &amp#27;[2m:&amp#27;[0;39m No URLs will be polled as dynamic configuration sources.
&amp#27;[2m2024-09-25 00:45:20.234&amp#27;[0;39m &amp#27;[32m INFO&amp#27;[0;39m &amp#27;[35m4852&amp#27;[0;39m &amp#27;[2m---&amp#27;[0;39m &amp#27;[2m[           main]&amp#27;[0;39m &amp#27;[36mc.n.c.sources.URLConfigurationSource    &amp#27;[0;39m &amp#27;[2m:&amp#27;[0;39m To enable URLs as dynamic configuration sources, define System property archaius.configurationSource.additionalUrls or make config.properties available on classpath.
&amp#27;[2m2024-09-25 00:45:20.661&amp#27;[0;39m &amp#27;[32m INFO&amp#27;[0;39m &amp#27;[35m4852&amp#27;[0;39m &amp#27;[2m---&amp#27;[0;39m &amp#27;[2m[           main]&amp#27;[0;39m &amp#27;[36mo.s.s.concurrent.ThreadPoolTaskExecutor &amp#27;[0;39m &amp#27;[2m:&amp#27;[0;39m Initializing ExecutorService 'applicationTaskExecutor'
&amp#27;[2m2024-09-25 00:45:21.268&amp#27;[0;39m &amp#27;[33m WARN&amp#27;[0;39m &amp#27;[35m4852&amp#27;[0;39m &amp#27;[2m---&amp#27;[0;39m &amp#27;[2m[           main]&amp#27;[0;39m &amp#27;[36mockingLoadBalancerClientRibbonWarnLogger&amp#27;[0;39m &amp#27;[2m:&amp#27;[0;39m You already have RibbonLoadBalancerClient on your classpath. It will be used by default. As Spring Cloud Ribbon is in maintenance mode. We recommend switching to BlockingLoadBalancerClient instead. In order to use it, set the value of `spring.cloud.loadbalancer.ribbon.enabled` to `false` or remove spring-cloud-starter-netflix-ribbon from your project.
&amp#27;[2m2024-09-25 00:45:21.457&amp#27;[0;39m &amp#27;[33m WARN&amp#27;[0;39m &amp#27;[35m4852&amp#27;[0;39m &amp#27;[2m---&amp#27;[0;39m &amp#27;[2m[           main]&amp#27;[0;39m &amp#27;[36mo.s.w.c.s.GenericWebApplicationContext  &amp#27;[0;39m &amp#27;[2m:&amp#27;[0;39m Exception encountered during context initialization - cancelling refresh attempt: org.springframework.beans.factory.UnsatisfiedDependencyException: Error creating bean with name 'org.springframework.cloud.netflix.eureka.server.EurekaServerInitializerConfiguration': Unsatisfied dependency expressed through field 'eurekaServerBootstrap'; nested exception is org.springframework.beans.factory.UnsatisfiedDependencyException: Error creating bean with name 'eurekaServerBootstrap' defined in class path resource [org/springframework/cloud/netflix/eureka/server/EurekaServerAutoConfiguration.class]: Unsatisfied dependency expressed through method 'eurekaServerBootstrap' parameter 0; nested exception is org.springframework.beans.factory.UnsatisfiedDependencyException: Error creating bean with name 'peerAwareInstanceRegistry' defined in class path resource [org/springframework/cloud/netflix/eureka/server/EurekaServerAutoConfiguration.class]: Unsatisfied dependency expressed through method 'peerAwareInstanceRegistry' parameter 0; nested exception is org.springframework.beans.factory.BeanCreationException: Error creating bean with name 'serverCodecs' defined in class path resource [org/springframework/cloud/netflix/eureka/server/EurekaServerAutoConfiguration.class]: Bean instantiation via factory method failed; nested exception is org.springframework.beans.BeanInstantiationException: Failed to instantiate [com.netflix.eureka.resources.ServerCodecs]: Factory method 'serverCodecs' threw exception; nested exception is java.lang.ExceptionInInitializerError
&amp#27;[2m2024-09-25 00:45:21.459&amp#27;[0;39m &amp#27;[33m WARN&amp#27;[0;39m &amp#27;[35m4852&amp#27;[0;39m &amp#27;[2m---&amp#27;[0;39m &amp#27;[2m[           main]&amp#27;[0;39m &amp#27;[36mo.s.b.f.support.DisposableBeanAdapter   &amp#27;[0;39m &amp#27;[2m:&amp#27;[0;39m Invocation of destroy method failed on bean with name 'tomcatMetricsBinder': java.lang.NullPointerException: Cannot invoke "io.micrometer.core.instrument.binder.tomcat.TomcatMetrics.close()" because "this.tomcatMetrics" is null
&amp#27;[2m2024-09-25 00:45:21.460&amp#27;[0;39m &amp#27;[32m INFO&amp#27;[0;39m &amp#27;[35m4852&amp#27;[0;39m &amp#27;[2m---&amp#27;[0;39m &amp#27;[2m[           main]&amp#27;[0;39m &amp#27;[36mo.s.s.concurrent.ThreadPoolTaskExecutor &amp#27;[0;39m &amp#27;[2m:&amp#27;[0;39m Shutting down ExecutorService 'applicationTaskExecutor'
&amp#27;[2m2024-09-25 00:45:21.475&amp#27;[0;39m &amp#27;[32m INFO&amp#27;[0;39m &amp#27;[35m4852&amp#27;[0;39m &amp#27;[2m---&amp#27;[0;39m &amp#27;[2m[           main]&amp#27;[0;39m &amp#27;[36mConditionEvaluationReportLoggingListener&amp#27;[0;39m &amp#27;[2m:&amp#27;[0;39m 

Error starting ApplicationContext. To display the conditions report re-run your application with 'debug' enabled.
&amp#27;[2m2024-09-25 00:45:21.481&amp#27;[0;39m &amp#27;[31mERROR&amp#27;[0;39m &amp#27;[35m4852&amp#27;[0;39m &amp#27;[2m---&amp#27;[0;39m &amp#27;[2m[           main]&amp#27;[0;39m &amp#27;[36mo.s.boot.SpringApplication              &amp#27;[0;39m &amp#27;[2m:&amp#27;[0;39m Application run failed

org.springframework.beans.factory.UnsatisfiedDependencyException: Error creating bean with name 'org.springframework.cloud.netflix.eureka.server.EurekaServerInitializerConfiguration': Unsatisfied dependency expressed through field 'eurekaServerBootstrap'; nested exception is org.springframework.beans.factory.UnsatisfiedDependencyException: Error creating bean with name 'eurekaServerBootstrap' defined in class path resource [org/springframework/cloud/netflix/eureka/server/EurekaServerAutoConfiguration.class]: Unsatisfied dependency expressed through method 'eurekaServerBootstrap' parameter 0; nested exception is org.springframework.beans.factory.UnsatisfiedDependencyException: Error creating bean with name 'peerAwareInstanceRegistry' defined in class path resource [org/springframework/cloud/netflix/eureka/server/EurekaServerAutoConfiguration.class]: Unsatisfied dependency expressed through method 'peerAwareInstanceRegistry' parameter 0; nested exception is org.springframework.beans.factory.BeanCreationException: Error creating bean with name 'serverCodecs' defined in class path resource [org/springframework/cloud/netflix/eureka/server/EurekaServerAutoConfiguration.class]: Bean instantiation via factory method failed; nested exception is org.springframework.beans.BeanInstantiationException: Failed to instantiate [com.netflix.eureka.resources.ServerCodecs]: Factory method 'serverCodecs' threw exception; nested exception is java.lang.ExceptionInInitializerError
	at org.springframework.beans.factory.annotation.AutowiredAnnotationBeanPostProcessor$AutowiredFieldElement.inject(AutowiredAnnotationBeanPostProcessor.java:643) ~[spring-beans-5.2.4.RELEASE.jar:5.2.4.RELEASE]
	at org.springframework.beans.factory.annotation.InjectionMetadata.inject(InjectionMetadata.java:130) ~[spring-beans-5.2.4.RELEASE.jar:5.2.4.RELEASE]
	at org.springframework.beans.factory.annotation.AutowiredAnnotationBeanPostProcessor.postProcessProperties(AutowiredAnnotationBeanPostProcessor.java:399) ~[spring-beans-5.2.4.RELEASE.jar:5.2.4.RELEASE]
	at org.springframework.beans.factory.support.AbstractAutowireCapableBeanFactory.populateBean(AbstractAutowireCapableBeanFactory.java:1422) ~[spring-beans-5.2.4.RELEASE.jar:5.2.4.RELEASE]
	at org.springframework.beans.factory.support.AbstractAutowireCapableBeanFactory.doCreateBean(AbstractAutowireCapableBeanFactory.java:594) ~[spring-beans-5.2.4.RELEASE.jar:5.2.4.RELEASE]
	at org.springframework.beans.factory.support.AbstractAutowireCapableBeanFactory.createBean(AbstractAutowireCapableBeanFactory.java:517) ~[spring-beans-5.2.4.RELEASE.jar:5.2.4.RELEASE]
	at org.springframework.beans.factory.support.AbstractBeanFactory.lambda$doGetBean$0(AbstractBeanFactory.java:323) ~[spring-beans-5.2.4.RELEASE.jar:5.2.4.RELEASE]
	at org.springframework.beans.factory.support.DefaultSingletonBeanRegistry.getSingleton(DefaultSingletonBeanRegistry.java:222) ~[spring-beans-5.2.4.RELEASE.jar:5.2.4.RELEASE]
	at org.springframework.beans.factory.support.AbstractBeanFactory.doGetBean(AbstractBeanFactory.java:321) ~[spring-beans-5.2.4.RELEASE.jar:5.2.4.RELEASE]
	at org.springframework.beans.factory.support.AbstractBeanFactory.getBean(AbstractBeanFactory.java:202) ~[spring-beans-5.2.4.RELEASE.jar:5.2.4.RELEASE]
	at org.springframework.beans.factory.support.DefaultListableBeanFactory.preInstantiateSingletons(DefaultListableBeanFactory.java:879) ~[spring-beans-5.2.4.RELEASE.jar:5.2.4.RELEASE]
	at org.springframework.context.support.AbstractApplicationContext.finishBeanFactoryInitialization(AbstractApplicationContext.java:878) ~[spring-context-5.2.4.RELEASE.jar:5.2.4.RELEASE]
	at org.springframework.context.support.AbstractApplicationContext.refresh(AbstractApplicationContext.java:550) ~[spring-context-5.2.4.RELEASE.jar:5.2.4.RELEASE]
	at org.springframework.boot.SpringApplication.refresh(SpringApplication.java:747) ~[spring-boot-2.2.5.RELEASE.jar:2.2.5.RELEASE]
	at org.springframework.boot.SpringApplication.refreshContext(SpringApplication.java:397) ~[spring-boot-2.2.5.RELEASE.jar:2.2.5.RELEASE]
	at org.springframework.boot.SpringApplication.run(SpringApplication.java:315) ~[spring-boot-2.2.5.RELEASE.jar:2.2.5.RELEASE]
	at org.springframework.boot.test.context.SpringBootContextLoader.loadContext(SpringBootContextLoader.java:126) ~[spring-boot-test-2.2.5.RELEASE.jar:2.2.5.RELEASE]
	at org.springframework.test.context.cache.DefaultCacheAwareContextLoaderDelegate.loadContextInternal(DefaultCacheAwareContextLoaderDelegate.java:99) ~[spring-test-5.2.4.RELEASE.jar:5.2.4.RELEASE]
	at org.springframework.test.context.cache.DefaultCacheAwareContextLoaderDelegate.loadContext(DefaultCacheAwareContextLoaderDelegate.java:124) ~[spring-test-5.2.4.RELEASE.jar:5.2.4.RELEASE]
	at org.springframework.test.context.support.DefaultTestContext.getApplicationContext(DefaultTestContext.java:123) ~[spring-test-5.2.4.RELEASE.jar:5.2.4.RELEASE]
	at org.springframework.test.context.web.ServletTestExecutionListener.setUpRequestContextIfNecessary(ServletTestExecutionListener.java:190) ~[spring-test-5.2.4.RELEASE.jar:5.2.4.RELEASE]
	at org.springframework.test.context.web.ServletTestExecutionListener.prepareTestInstance(ServletTestExecutionListener.java:132) ~[spring-test-5.2.4.RELEASE.jar:5.2.4.RELEASE]
	at org.springframework.test.context.TestContextManager.prepareTestInstance(TestContextManager.java:244) ~[spring-test-5.2.4.RELEASE.jar:5.2.4.RELEASE]
	at org.springframework.test.context.junit.jupiter.SpringExtension.postProcessTestInstance(SpringExtension.java:98) ~[spring-test-5.2.4.RELEASE.jar:5.2.4.RELEASE]
	at org.junit.jupiter.engine.descriptor.ClassBasedTestDescriptor.lambda$invokeTestInstancePostProcessors$5(ClassBasedTestDescriptor.java:337) ~[junit-jupiter-engine-5.5.2.jar:5.5.2]
	at org.junit.jupiter.engine.descriptor.ClassBasedTestDescriptor.executeAndMaskThrowable(ClassBasedTestDescriptor.java:342) ~[junit-jupiter-engine-5.5.2.jar:5.5.2]
	at org.junit.jupiter.engine.descriptor.ClassBasedTestDescriptor.lambda$invokeTestInstancePostProcessors$6(ClassBasedTestDescriptor.java:337) ~[junit-jupiter-engine-5.5.2.jar:5.5.2]
	at java.base/java.util.stream.ReferencePipeline$3$1.accept(ReferencePipeline.java:212) ~[na:na]
	at java.base/java.util.stream.ReferencePipeline$2$1.accept(ReferencePipeline.java:194) ~[na:na]
	at java.base/java.util.ArrayList$ArrayListSpliterator.forEachRemaining(ArrayList.java:1709) ~[na:na]
	at java.base/java.util.stream.AbstractPipeline.copyInto(AbstractPipeline.java:556) ~[na:na]
	at java.base/java.util.stream.AbstractPipeline.wrapAndCopyInto(AbstractPipeline.java:546) ~[na:na]
	at java.base/java.util.stream.StreamSpliterators$WrappingSpliterator.forEachRemaining(StreamSpliterators.java:310) ~[na:na]
	at java.base/java.util.stream.Streams$ConcatSpliterator.forEachRemaining(Streams.java:735) ~[na:na]
	at java.base/java.util.stream.Streams$ConcatSpliterator.forEachRemaining(Streams.java:734) ~[na:na]
	at java.base/java.util.stream.ReferencePipeline$Head.forEach(ReferencePipeline.java:782) ~[na:na]
	at org.junit.jupiter.engine.descriptor.ClassBasedTestDescriptor.invokeTestInstancePostProcessors(ClassBasedTestDescriptor.java:336) ~[junit-jupiter-engine-5.5.2.jar:5.5.2]
	at org.junit.jupiter.engine.descriptor.ClassBasedTestDescriptor.instantiateAndPostProcessTestInstance(ClassBasedTestDescriptor.java:259) ~[junit-jupiter-engine-5.5.2.jar:5.5.2]
	at org.junit.jupiter.engine.descriptor.ClassBasedTestDescriptor.lambda$testInstancesProvider$2(ClassBasedTestDescriptor.java:252) ~[junit-jupiter-engine-5.5.2.jar:5.5.2]
	at java.base/java.util.Optional.orElseGet(Optional.java:364) ~[na:na]
	at org.junit.jupiter.engine.descriptor.ClassBasedTestDescriptor.lambda$testInstancesProvider$3(ClassBasedTestDescriptor.java:251) ~[junit-jupiter-engine-5.5.2.jar:5.5.2]
	at org.junit.jupiter.engine.execution.TestInstancesProvider.getTestInstances(TestInstancesProvider.java:29) ~[junit-jupiter-engine-5.5.2.jar:5.5.2]
	at org.junit.jupiter.engine.descriptor.TestMethodTestDescriptor.lambda$prepare$0(TestMethodTestDescriptor.java:106) ~[junit-jupiter-engine-5.5.2.jar:5.5.2]
	at org.junit.platform.engine.support.hierarchical.ThrowableCollector.execute(ThrowableCollector.java:73) ~[junit-platform-engine-1.5.2.jar:1.5.2]
	at org.junit.jupiter.engine.descriptor.TestMethodTestDescriptor.prepare(TestMethodTestDescriptor.java:105) ~[junit-jupiter-engine-5.5.2.jar:5.5.2]
	at org.junit.jupiter.engine.descriptor.TestMethodTestDescriptor.prepare(TestMethodTestDescriptor.java:69) ~[junit-jupiter-engine-5.5.2.jar:5.5.2]
	at org.junit.platform.engine.support.hierarchical.NodeTestTask.lambda$prepare$1(NodeTestTask.java:107) ~[junit-platform-engine-1.5.2.jar:1.5.2]
	at org.junit.platform.engine.support.hierarchical.ThrowableCollector.execute(ThrowableCollector.java:73) ~[junit-platform-engine-1.5.2.jar:1.5.2]
	at org.junit.platform.engine.support.hierarchical.NodeTestTask.prepare(NodeTestTask.java:107) ~[junit-platform-engine-1.5.2.jar:1.5.2]
	at org.junit.platform.engine.support.hierarchical.NodeTestTask.execute(NodeTestTask.java:75) ~[junit-platform-engine-1.5.2.jar:1.5.2]
	at java.base/java.util.ArrayList.forEach(ArrayList.java:1597) ~[na:na]
	at org.junit.platform.engine.support.hierarchical.SameThreadHierarchicalTestExecutorService.invokeAll(SameThreadHierarchicalTestExecutorService.java:38) ~[junit-platform-engine-1.5.2.jar:1.5.2]
	at org.junit.platform.engine.support.hierarchical.NodeTestTask.lambda$executeRecursively$5(NodeTestTask.java:139) ~[junit-platform-engine-1.5.2.jar:1.5.2]
	at org.junit.platform.engine.support.hierarchical.ThrowableCollector.execute(ThrowableCollector.java:73) ~[junit-platform-engine-1.5.2.jar:1.5.2]
	at org.junit.platform.engine.support.hierarchical.NodeTestTask.lambda$executeRecursively$7(NodeTestTask.java:125) ~[junit-platform-engine-1.5.2.jar:1.5.2]
	at org.junit.platform.engine.support.hierarchical.Node.around(Node.java:135) ~[junit-platform-engine-1.5.2.jar:1.5.2]
	at org.junit.platform.engine.support.hierarchical.NodeTestTask.lambda$executeRecursively$8(NodeTestTask.java:123) ~[junit-platform-engine-1.5.2.jar:1.5.2]
	at org.junit.platform.engine.support.hierarchical.ThrowableCollector.execute(ThrowableCollector.java:73) ~[junit-platform-engine-1.5.2.jar:1.5.2]
	at org.junit.platform.engine.support.hierarchical.NodeTestTask.executeRecursively(NodeTestTask.java:122) ~[junit-platform-engine-1.5.2.jar:1.5.2]
	at org.junit.platform.engine.support.hierarchical.NodeTestTask.execute(NodeTestTask.java:80) ~[junit-platform-engine-1.5.2.jar:1.5.2]
	at java.base/java.util.ArrayList.forEach(ArrayList.java:1597) ~[na:na]
	at org.junit.platform.engine.support.hierarchical.SameThreadHierarchicalTestExecutorService.invokeAll(SameThreadHierarchicalTestExecutorService.java:38) ~[junit-platform-engine-1.5.2.jar:1.5.2]
	at org.junit.platform.engine.support.hierarchical.NodeTestTask.lambda$executeRecursively$5(NodeTestTask.java:139) ~[junit-platform-engine-1.5.2.jar:1.5.2]
	at org.junit.platform.engine.support.hierarchical.ThrowableCollector.execute(ThrowableCollector.java:73) ~[junit-platform-engine-1.5.2.jar:1.5.2]
	at org.junit.platform.engine.support.hierarchical.NodeTestTask.lambda$executeRecursively$7(NodeTestTask.java:125) ~[junit-platform-engine-1.5.2.jar:1.5.2]
	at org.junit.platform.engine.support.hierarchical.Node.around(Node.java:135) ~[junit-platform-engine-1.5.2.jar:1.5.2]
	at org.junit.platform.engine.support.hierarchical.NodeTestTask.lambda$executeRecursively$8(NodeTestTask.java:123) ~[junit-platform-engine-1.5.2.jar:1.5.2]
	at org.junit.platform.engine.support.hierarchical.ThrowableCollector.execute(ThrowableCollector.java:73) ~[junit-platform-engine-1.5.2.jar:1.5.2]
	at org.junit.platform.engine.support.hierarchical.NodeTestTask.executeRecursively(NodeTestTask.java:122) ~[junit-platform-engine-1.5.2.jar:1.5.2]
	at org.junit.platform.engine.support.hierarchical.NodeTestTask.execute(NodeTestTask.java:80) ~[junit-platform-engine-1.5.2.jar:1.5.2]
	at org.junit.platform.engine.support.hierarchical.SameThreadHierarchicalTestExecutorService.submit(SameThreadHierarchicalTestExecutorService.java:32) ~[junit-platform-engine-1.5.2.jar:1.5.2]
	at org.junit.platform.engine.support.hierarchical.HierarchicalTestExecutor.execute(HierarchicalTestExecutor.java:57) ~[junit-platform-engine-1.5.2.jar:1.5.2]
	at org.junit.platform.engine.support.hierarchical.HierarchicalTestEngine.execute(HierarchicalTestEngine.java:51) ~[junit-platform-engine-1.5.2.jar:1.5.2]
	at org.junit.platform.launcher.core.DefaultLauncher.execute(DefaultLauncher.java:220) ~[junit-platform-launcher-1.3.1.jar:1.3.1]
	at org.junit.platform.launcher.core.DefaultLauncher.lambda$execute$6(DefaultLauncher.java:188) ~[junit-platform-launcher-1.3.1.jar:1.3.1]
	at org.junit.platform.launcher.core.DefaultLauncher.withInterceptedStreams(DefaultLauncher.java:202) ~[junit-platform-launcher-1.3.1.jar:1.3.1]
	at org.junit.platform.launcher.core.DefaultLauncher.execute(DefaultLauncher.java:181) ~[junit-platform-launcher-1.3.1.jar:1.3.1]
	at org.junit.platform.launcher.core.DefaultLauncher.execute(DefaultLauncher.java:128) ~[junit-platform-launcher-1.3.1.jar:1.3.1]
	at org.apache.maven.surefire.junitplatform.JUnitPlatformProvider.invokeAllTests(JUnitPlatformProvider.java:150) ~[surefire-junit-platform-2.22.2.jar:2.22.2]
	at org.apache.maven.surefire.junitplatform.JUnitPlatformProvider.invoke(JUnitPlatformProvider.java:124) ~[surefire-junit-platform-2.22.2.jar:2.22.2]
	at org.apache.maven.surefire.booter.ForkedBooter.invokeProviderInSameClassLoader(ForkedBooter.java:384) ~[surefire-booter-2.22.2.jar:2.22.2]
	at org.apache.maven.surefire.booter.ForkedBooter.runSuitesInProcess(ForkedBooter.java:345) ~[surefire-booter-2.22.2.jar:2.22.2]
	at org.apache.maven.surefire.booter.ForkedBooter.execute(ForkedBooter.java:126) ~[surefire-booter-2.22.2.jar:2.22.2]
	at org.apache.maven.surefire.booter.ForkedBooter.main(ForkedBooter.java:418) ~[surefire-booter-2.22.2.jar:2.22.2]
Caused by: org.springframework.beans.factory.UnsatisfiedDependencyException: Error creating bean with name 'eurekaServerBootstrap' defined in class path resource [org/springframework/cloud/netflix/eureka/server/EurekaServerAutoConfiguration.class]: Unsatisfied dependency expressed through method 'eurekaServerBootstrap' parameter 0; nested exception is org.springframework.beans.factory.UnsatisfiedDependencyException: Error creating bean with name 'peerAwareInstanceRegistry' defined in class path resource [org/springframework/cloud/netflix/eureka/server/EurekaServerAutoConfiguration.class]: Unsatisfied dependency expressed through method 'peerAwareInstanceRegistry' parameter 0; nested exception is org.springframework.beans.factory.BeanCreationException: Error creating bean with name 'serverCodecs' defined in class path resource [org/springframework/cloud/netflix/eureka/server/EurekaServerAutoConfiguration.class]: Bean instantiation via factory method failed; nested exception is org.springframework.beans.BeanInstantiationException: Failed to instantiate [com.netflix.eureka.resources.ServerCodecs]: Factory method 'serverCodecs' threw exception; nested exception is java.lang.ExceptionInInitializerError
	at org.springframework.beans.factory.support.ConstructorResolver.createArgumentArray(ConstructorResolver.java:798) ~[spring-beans-5.2.4.RELEASE.jar:5.2.4.RELEASE]
	at org.springframework.beans.factory.support.ConstructorResolver.instantiateUsingFactoryMethod(ConstructorResolver.java:539) ~[spring-beans-5.2.4.RELEASE.jar:5.2.4.RELEASE]
	at org.springframework.beans.factory.support.AbstractAutowireCapableBeanFactory.instantiateUsingFactoryMethod(AbstractAutowireCapableBeanFactory.java:1338) ~[spring-beans-5.2.4.RELEASE.jar:5.2.4.RELEASE]
	at org.springframework.beans.factory.support.AbstractAutowireCapableBeanFactory.createBeanInstance(AbstractAutowireCapableBeanFactory.java:1177) ~[spring-beans-5.2.4.RELEASE.jar:5.2.4.RELEASE]
	at org.springframework.beans.factory.support.AbstractAutowireCapableBeanFactory.doCreateBean(AbstractAutowireCapableBeanFactory.java:557) ~[spring-beans-5.2.4.RELEASE.jar:5.2.4.RELEASE]
	at org.springframework.beans.factory.support.AbstractAutowireCapableBeanFactory.createBean(AbstractAutowireCapableBeanFactory.java:517) ~[spring-beans-5.2.4.RELEASE.jar:5.2.4.RELEASE]
	at org.springframework.beans.factory.support.AbstractBeanFactory.lambda$doGetBean$0(AbstractBeanFactory.java:323) ~[spring-beans-5.2.4.RELEASE.jar:5.2.4.RELEASE]
	at org.springframework.beans.factory.support.DefaultSingletonBeanRegistry.getSingleton(DefaultSingletonBeanRegistry.java:222) ~[spring-beans-5.2.4.RELEASE.jar:5.2.4.RELEASE]
	at org.springframework.beans.factory.support.AbstractBeanFactory.doGetBean(AbstractBeanFactory.java:321) ~[spring-beans-5.2.4.RELEASE.jar:5.2.4.RELEASE]
	at org.springframework.beans.factory.support.AbstractBeanFactory.getBean(AbstractBeanFactory.java:202) ~[spring-beans-5.2.4.RELEASE.jar:5.2.4.RELEASE]
	at org.springframework.beans.factory.config.DependencyDescriptor.resolveCandidate(DependencyDescriptor.java:276) ~[spring-beans-5.2.4.RELEASE.jar:5.2.4.RELEASE]
	at org.springframework.beans.factory.support.DefaultListableBeanFactory.doResolveDependency(DefaultListableBeanFactory.java:1287) ~[spring-beans-5.2.4.RELEASE.jar:5.2.4.RELEASE]
	at org.springframework.beans.factory.support.DefaultListableBeanFactory.resolveDependency(DefaultListableBeanFactory.java:1207) ~[spring-beans-5.2.4.RELEASE.jar:5.2.4.RELEASE]
	at org.springframework.beans.factory.annotation.AutowiredAnnotationBeanPostProcessor$AutowiredFieldElement.inject(AutowiredAnnotationBeanPostProcessor.java:640) ~[spring-beans-5.2.4.RELEASE.jar:5.2.4.RELEASE]
	... 83 common frames omitted
Caused by: org.springframework.beans.factory.UnsatisfiedDependencyException: Error creating bean with name 'peerAwareInstanceRegistry' defined in class path resource [org/springframework/cloud/netflix/eureka/server/EurekaServerAutoConfiguration.class]: Unsatisfied dependency expressed through method 'peerAwareInstanceRegistry' parameter 0; nested exception is org.springframework.beans.factory.BeanCreationException: Error creating bean with name 'serverCodecs' defined in class path resource [org/springframework/cloud/netflix/eureka/server/EurekaServerAutoConfiguration.class]: Bean instantiation via factory method failed; nested exception is org.springframework.beans.BeanInstantiationException: Failed to instantiate [com.netflix.eureka.resources.ServerCodecs]: Factory method 'serverCodecs' threw exception; nested exception is java.lang.ExceptionInInitializerError
	at org.springframework.beans.factory.support.ConstructorResolver.createArgumentArray(ConstructorResolver.java:798) ~[spring-beans-5.2.4.RELEASE.jar:5.2.4.RELEASE]
	at org.springframework.beans.factory.support.ConstructorResolver.instantiateUsingFactoryMethod(ConstructorResolver.java:539) ~[spring-beans-5.2.4.RELEASE.jar:5.2.4.RELEASE]
	at org.springframework.beans.factory.support.AbstractAutowireCapableBeanFactory.instantiateUsingFactoryMethod(AbstractAutowireCapableBeanFactory.java:1338) ~[spring-beans-5.2.4.RELEASE.jar:5.2.4.RELEASE]
	at org.springframework.beans.factory.support.AbstractAutowireCapableBeanFactory.createBeanInstance(AbstractAutowireCapableBeanFactory.java:1177) ~[spring-beans-5.2.4.RELEASE.jar:5.2.4.RELEASE]
	at org.springframework.beans.factory.support.AbstractAutowireCapableBeanFactory.doCreateBean(AbstractAutowireCapableBeanFactory.java:557) ~[spring-beans-5.2.4.RELEASE.jar:5.2.4.RELEASE]
	at org.springframework.beans.factory.support.AbstractAutowireCapableBeanFactory.createBean(AbstractAutowireCapableBeanFactory.java:517) ~[spring-beans-5.2.4.RELEASE.jar:5.2.4.RELEASE]
	at org.springframework.beans.factory.support.AbstractBeanFactory.lambda$doGetBean$0(AbstractBeanFactory.java:323) ~[spring-beans-5.2.4.RELEASE.jar:5.2.4.RELEASE]
	at org.springframework.beans.factory.support.DefaultSingletonBeanRegistry.getSingleton(DefaultSingletonBeanRegistry.java:222) ~[spring-beans-5.2.4.RELEASE.jar:5.2.4.RELEASE]
	at org.springframework.beans.factory.support.AbstractBeanFactory.doGetBean(AbstractBeanFactory.java:321) ~[spring-beans-5.2.4.RELEASE.jar:5.2.4.RELEASE]
	at org.springframework.beans.factory.support.AbstractBeanFactory.getBean(AbstractBeanFactory.java:202) ~[spring-beans-5.2.4.RELEASE.jar:5.2.4.RELEASE]
	at org.springframework.beans.factory.config.DependencyDescriptor.resolveCandidate(DependencyDescriptor.java:276) ~[spring-beans-5.2.4.RELEASE.jar:5.2.4.RELEASE]
	at org.springframework.beans.factory.support.DefaultListableBeanFactory.doResolveDependency(DefaultListableBeanFactory.java:1287) ~[spring-beans-5.2.4.RELEASE.jar:5.2.4.RELEASE]
	at org.springframework.beans.factory.support.DefaultListableBeanFactory.resolveDependency(DefaultListableBeanFactory.java:1207) ~[spring-beans-5.2.4.RELEASE.jar:5.2.4.RELEASE]
	at org.springframework.beans.factory.support.ConstructorResolver.resolveAutowiredArgument(ConstructorResolver.java:885) ~[spring-beans-5.2.4.RELEASE.jar:5.2.4.RELEASE]
	at org.springframework.beans.factory.support.ConstructorResolver.createArgumentArray(ConstructorResolver.java:789) ~[spring-beans-5.2.4.RELEASE.jar:5.2.4.RELEASE]
	... 96 common frames omitted
Caused by: org.springframework.beans.factory.BeanCreationException: Error creating bean with name 'serverCodecs' defined in class path resource [org/springframework/cloud/netflix/eureka/server/EurekaServerAutoConfiguration.class]: Bean instantiation via factory method failed; nested exception is org.springframework.beans.BeanInstantiationException: Failed to instantiate [com.netflix.eureka.resources.ServerCodecs]: Factory method 'serverCodecs' threw exception; nested exception is java.lang.ExceptionInInitializerError
	at org.springframework.beans.factory.support.ConstructorResolver.instantiate(ConstructorResolver.java:656) ~[spring-beans-5.2.4.RELEASE.jar:5.2.4.RELEASE]
	at org.springframework.beans.factory.support.ConstructorResolver.instantiateUsingFactoryMethod(ConstructorResolver.java:484) ~[spring-beans-5.2.4.RELEASE.jar:5.2.4.RELEASE]
	at org.springframework.beans.factory.support.AbstractAutowireCapableBeanFactory.instantiateUsingFactoryMethod(AbstractAutowireCapableBeanFactory.java:1338) ~[spring-beans-5.2.4.RELEASE.jar:5.2.4.RELEASE]
	at org.springframework.beans.factory.support.AbstractAutowireCapableBeanFactory.createBeanInstance(AbstractAutowireCapableBeanFactory.java:1177) ~[spring-beans-5.2.4.RELEASE.jar:5.2.4.RELEASE]
	at org.springframework.beans.factory.support.AbstractAutowireCapableBeanFactory.doCreateBean(AbstractAutowireCapableBeanFactory.java:557) ~[spring-beans-5.2.4.RELEASE.jar:5.2.4.RELEASE]
	at org.springframework.beans.factory.support.AbstractAutowireCapableBeanFactory.createBean(AbstractAutowireCapableBeanFactory.java:517) ~[spring-beans-5.2.4.RELEASE.jar:5.2.4.RELEASE]
	at org.springframework.beans.factory.support.AbstractBeanFactory.lambda$doGetBean$0(AbstractBeanFactory.java:323) ~[spring-beans-5.2.4.RELEASE.jar:5.2.4.RELEASE]
	at org.springframework.beans.factory.support.DefaultSingletonBeanRegistry.getSingleton(DefaultSingletonBeanRegistry.java:222) ~[spring-beans-5.2.4.RELEASE.jar:5.2.4.RELEASE]
	at org.springframework.beans.factory.support.AbstractBeanFactory.doGetBean(AbstractBeanFactory.java:321) ~[spring-beans-5.2.4.RELEASE.jar:5.2.4.RELEASE]
	at org.springframework.beans.factory.support.AbstractBeanFactory.getBean(AbstractBeanFactory.java:202) ~[spring-beans-5.2.4.RELEASE.jar:5.2.4.RELEASE]
	at org.springframework.beans.factory.config.DependencyDescriptor.resolveCandidate(DependencyDescriptor.java:276) ~[spring-beans-5.2.4.RELEASE.jar:5.2.4.RELEASE]
	at org.springframework.beans.factory.support.DefaultListableBeanFactory.doResolveDependency(DefaultListableBeanFactory.java:1287) ~[spring-beans-5.2.4.RELEASE.jar:5.2.4.RELEASE]
	at org.springframework.beans.factory.support.DefaultListableBeanFactory.resolveDependency(DefaultListableBeanFactory.java:1207) ~[spring-beans-5.2.4.RELEASE.jar:5.2.4.RELEASE]
	at org.springframework.beans.factory.support.ConstructorResolver.resolveAutowiredArgument(ConstructorResolver.java:885) ~[spring-beans-5.2.4.RELEASE.jar:5.2.4.RELEASE]
	at org.springframework.beans.factory.support.ConstructorResolver.createArgumentArray(ConstructorResolver.java:789) ~[spring-beans-5.2.4.RELEASE.jar:5.2.4.RELEASE]
	... 110 common frames omitted
Caused by: org.springframework.beans.BeanInstantiationException: Failed to instantiate [com.netflix.eureka.resources.ServerCodecs]: Factory method 'serverCodecs' threw exception; nested exception is java.lang.ExceptionInInitializerError
	at org.springframework.beans.factory.support.SimpleInstantiationStrategy.instantiate(SimpleInstantiationStrategy.java:185) ~[spring-beans-5.2.4.RELEASE.jar:5.2.4.RELEASE]
	at org.springframework.beans.factory.support.ConstructorResolver.instantiate(ConstructorResolver.java:651) ~[spring-beans-5.2.4.RELEASE.jar:5.2.4.RELEASE]
	... 124 common frames omitted
Caused by: java.lang.ExceptionInInitializerError: null
	at com.thoughtworks.xstream.XStream.setupConverters(XStream.java:990) ~[xstream-1.4.11.1.jar:1.4.11.1]
	at com.thoughtworks.xstream.XStream.<init>(XStream.java:593) ~[xstream-1.4.11.1.jar:1.4.11.1]
	at com.thoughtworks.xstream.XStream.<init>(XStream.java:515) ~[xstream-1.4.11.1.jar:1.4.11.1]
	at com.thoughtworks.xstream.XStream.<init>(XStream.java:484) ~[xstream-1.4.11.1.jar:1.4.11.1]
	at com.thoughtworks.xstream.XStream.<init>(XStream.java:430) ~[xstream-1.4.11.1.jar:1.4.11.1]
	at com.thoughtworks.xstream.XStream.<init>(XStream.java:397) ~[xstream-1.4.11.1.jar:1.4.11.1]
	at com.netflix.discovery.converters.XmlXStream.<init>(XmlXStream.java:51) ~[eureka-client-1.9.17.jar:1.9.17]
	at com.netflix.discovery.converters.XmlXStream.<clinit>(XmlXStream.java:42) ~[eureka-client-1.9.17.jar:1.9.17]
	at com.netflix.discovery.converters.wrappers.CodecWrappers$XStreamXml.<init>(CodecWrappers.java:358) ~[eureka-client-1.9.17.jar:1.9.17]
	at com.netflix.discovery.converters.wrappers.CodecWrappers.create(CodecWrappers.java:133) ~[eureka-client-1.9.17.jar:1.9.17]
	at com.netflix.discovery.converters.wrappers.CodecWrappers.getCodec(CodecWrappers.java:56) ~[eureka-client-1.9.17.jar:1.9.17]
	at com.netflix.discovery.converters.wrappers.CodecWrappers.getCodec(CodecWrappers.java:47) ~[eureka-client-1.9.17.jar:1.9.17]
	at org.springframework.cloud.netflix.eureka.server.EurekaServerAutoConfiguration.getFullXml(EurekaServerAutoConfiguration.java:141) ~[spring-cloud-netflix-eureka-server-2.2.2.RELEASE.jar:2.2.2.RELEASE]
	at org.springframework.cloud.netflix.eureka.server.EurekaServerAutoConfiguration.access$100(EurekaServerAutoConfiguration.java:83) ~[spring-cloud-netflix-eureka-server-2.2.2.RELEASE.jar:2.2.2.RELEASE]
	at org.springframework.cloud.netflix.eureka.server.EurekaServerAutoConfiguration$CloudServerCodecs.<init>(EurekaServerAutoConfiguration.java:358) ~[spring-cloud-netflix-eureka-server-2.2.2.RELEASE.jar:2.2.2.RELEASE]
	at org.springframework.cloud.netflix.eureka.server.EurekaServerAutoConfiguration.serverCodecs(EurekaServerAutoConfiguration.java:131) ~[spring-cloud-netflix-eureka-server-2.2.2.RELEASE.jar:2.2.2.RELEASE]
	at java.base/jdk.internal.reflect.DirectMethodHandleAccessor.invoke(DirectMethodHandleAccessor.java:103) ~[na:na]
	at java.base/java.lang.reflect.Method.invoke(Method.java:580) ~[na:na]
	at org.springframework.beans.factory.support.SimpleInstantiationStrategy.instantiate(SimpleInstantiationStrategy.java:154) ~[spring-beans-5.2.4.RELEASE.jar:5.2.4.RELEASE]
	... 125 common frames omitted
Caused by: java.lang.reflect.InaccessibleObjectException: Unable to make field private final java.util.Comparator java.util.TreeMap.comparator accessible: module java.base does not "opens java.util" to unnamed module @76a9411d
	at java.base/java.lang.reflect.AccessibleObject.throwInaccessibleObjectException(AccessibleObject.java:388) ~[na:na]
	at java.base/java.lang.reflect.AccessibleObject.checkCanSetAccessible(AccessibleObject.java:364) ~[na:na]
	at java.base/java.lang.reflect.AccessibleObject.checkCanSetAccessible(AccessibleObject.java:312) ~[na:na]
	at java.base/java.lang.reflect.Field.checkCanSetAccessible(Field.java:183) ~[na:na]
	at java.base/java.lang.reflect.Field.setAccessible(Field.java:177) ~[na:na]
	at com.thoughtworks.xstream.core.util.Fields.locate(Fields.java:40) ~[xstream-1.4.11.1.jar:1.4.11.1]
	at com.thoughtworks.xstream.converters.collections.TreeMapConverter.<clinit>(TreeMapConverter.java:50) ~[xstream-1.4.11.1.jar:1.4.11.1]
	... 144 common frames omitted

&amp#27;[2m2024-09-25 00:45:21.485&amp#27;[0;39m &amp#27;[31mERROR&amp#27;[0;39m &amp#27;[35m4852&amp#27;[0;39m &amp#27;[2m---&amp#27;[0;39m &amp#27;[2m[           main]&amp#27;[0;39m &amp#27;[36mo.s.test.context.TestContextManager     &amp#27;[0;39m &amp#27;[2m:&amp#27;[0;39m Caught exception while allowing TestExecutionListener [org.springframework.test.context.web.ServletTestExecutionListener@15f47664] to prepare test instance [com.javatechie.ServiceRegistryApplicationTests@e49437]

java.lang.IllegalStateException: Failed to load ApplicationContext
	at org.springframework.test.context.cache.DefaultCacheAwareContextLoaderDelegate.loadContext(DefaultCacheAwareContextLoaderDelegate.java:132) ~[spring-test-5.2.4.RELEASE.jar:5.2.4.RELEASE]
	at org.springframework.test.context.support.DefaultTestContext.getApplicationContext(DefaultTestContext.java:123) ~[spring-test-5.2.4.RELEASE.jar:5.2.4.RELEASE]
	at org.springframework.test.context.web.ServletTestExecutionListener.setUpRequestContextIfNecessary(ServletTestExecutionListener.java:190) ~[spring-test-5.2.4.RELEASE.jar:5.2.4.RELEASE]
	at org.springframework.test.context.web.ServletTestExecutionListener.prepareTestInstance(ServletTestExecutionListener.java:132) ~[spring-test-5.2.4.RELEASE.jar:5.2.4.RELEASE]
	at org.springframework.test.context.TestContextManager.prepareTestInstance(TestContextManager.java:244) ~[spring-test-5.2.4.RELEASE.jar:5.2.4.RELEASE]
	at org.springframework.test.context.junit.jupiter.SpringExtension.postProcessTestInstance(SpringExtension.java:98) ~[spring-test-5.2.4.RELEASE.jar:5.2.4.RELEASE]
	at org.junit.jupiter.engine.descriptor.ClassBasedTestDescriptor.lambda$invokeTestInstancePostProcessors$5(ClassBasedTestDescriptor.java:337) ~[junit-jupiter-engine-5.5.2.jar:5.5.2]
	at org.junit.jupiter.engine.descriptor.ClassBasedTestDescriptor.executeAndMaskThrowable(ClassBasedTestDescriptor.java:342) ~[junit-jupiter-engine-5.5.2.jar:5.5.2]
	at org.junit.jupiter.engine.descriptor.ClassBasedTestDescriptor.lambda$invokeTestInstancePostProcessors$6(ClassBasedTestDescriptor.java:337) ~[junit-jupiter-engine-5.5.2.jar:5.5.2]
	at java.base/java.util.stream.ReferencePipeline$3$1.accept(ReferencePipeline.java:212) ~[na:na]
	at java.base/java.util.stream.ReferencePipeline$2$1.accept(ReferencePipeline.java:194) ~[na:na]
	at java.base/java.util.ArrayList$ArrayListSpliterator.forEachRemaining(ArrayList.java:1709) ~[na:na]
	at java.base/java.util.stream.AbstractPipeline.copyInto(AbstractPipeline.java:556) ~[na:na]
	at java.base/java.util.stream.AbstractPipeline.wrapAndCopyInto(AbstractPipeline.java:546) ~[na:na]
	at java.base/java.util.stream.StreamSpliterators$WrappingSpliterator.forEachRemaining(StreamSpliterators.java:310) ~[na:na]
	at java.base/java.util.stream.Streams$ConcatSpliterator.forEachRemaining(Streams.java:735) ~[na:na]
	at java.base/java.util.stream.Streams$ConcatSpliterator.forEachRemaining(Streams.java:734) ~[na:na]
	at java.base/java.util.stream.ReferencePipeline$Head.forEach(ReferencePipeline.java:782) ~[na:na]
	at org.junit.jupiter.engine.descriptor.ClassBasedTestDescriptor.invokeTestInstancePostProcessors(ClassBasedTestDescriptor.java:336) ~[junit-jupiter-engine-5.5.2.jar:5.5.2]
	at org.junit.jupiter.engine.descriptor.ClassBasedTestDescriptor.instantiateAndPostProcessTestInstance(ClassBasedTestDescriptor.java:259) ~[junit-jupiter-engine-5.5.2.jar:5.5.2]
	at org.junit.jupiter.engine.descriptor.ClassBasedTestDescriptor.lambda$testInstancesProvider$2(ClassBasedTestDescriptor.java:252) ~[junit-jupiter-engine-5.5.2.jar:5.5.2]
	at java.base/java.util.Optional.orElseGet(Optional.java:364) ~[na:na]
	at org.junit.jupiter.engine.descriptor.ClassBasedTestDescriptor.lambda$testInstancesProvider$3(ClassBasedTestDescriptor.java:251) ~[junit-jupiter-engine-5.5.2.jar:5.5.2]
	at org.junit.jupiter.engine.execution.TestInstancesProvider.getTestInstances(TestInstancesProvider.java:29) ~[junit-jupiter-engine-5.5.2.jar:5.5.2]
	at org.junit.jupiter.engine.descriptor.TestMethodTestDescriptor.lambda$prepare$0(TestMethodTestDescriptor.java:106) ~[junit-jupiter-engine-5.5.2.jar:5.5.2]
	at org.junit.platform.engine.support.hierarchical.ThrowableCollector.execute(ThrowableCollector.java:73) ~[junit-platform-engine-1.5.2.jar:1.5.2]
	at org.junit.jupiter.engine.descriptor.TestMethodTestDescriptor.prepare(TestMethodTestDescriptor.java:105) ~[junit-jupiter-engine-5.5.2.jar:5.5.2]
	at org.junit.jupiter.engine.descriptor.TestMethodTestDescriptor.prepare(TestMethodTestDescriptor.java:69) ~[junit-jupiter-engine-5.5.2.jar:5.5.2]
	at org.junit.platform.engine.support.hierarchical.NodeTestTask.lambda$prepare$1(NodeTestTask.java:107) ~[junit-platform-engine-1.5.2.jar:1.5.2]
	at org.junit.platform.engine.support.hierarchical.ThrowableCollector.execute(ThrowableCollector.java:73) ~[junit-platform-engine-1.5.2.jar:1.5.2]
	at org.junit.platform.engine.support.hierarchical.NodeTestTask.prepare(NodeTestTask.java:107) ~[junit-platform-engine-1.5.2.jar:1.5.2]
	at org.junit.platform.engine.support.hierarchical.NodeTestTask.execute(NodeTestTask.java:75) ~[junit-platform-engine-1.5.2.jar:1.5.2]
	at java.base/java.util.ArrayList.forEach(ArrayList.java:1597) ~[na:na]
	at org.junit.platform.engine.support.hierarchical.SameThreadHierarchicalTestExecutorService.invokeAll(SameThreadHierarchicalTestExecutorService.java:38) ~[junit-platform-engine-1.5.2.jar:1.5.2]
	at org.junit.platform.engine.support.hierarchical.NodeTestTask.lambda$executeRecursively$5(NodeTestTask.java:139) ~[junit-platform-engine-1.5.2.jar:1.5.2]
	at org.junit.platform.engine.support.hierarchical.ThrowableCollector.execute(ThrowableCollector.java:73) ~[junit-platform-engine-1.5.2.jar:1.5.2]
	at org.junit.platform.engine.support.hierarchical.NodeTestTask.lambda$executeRecursively$7(NodeTestTask.java:125) ~[junit-platform-engine-1.5.2.jar:1.5.2]
	at org.junit.platform.engine.support.hierarchical.Node.around(Node.java:135) ~[junit-platform-engine-1.5.2.jar:1.5.2]
	at org.junit.platform.engine.support.hierarchical.NodeTestTask.lambda$executeRecursively$8(NodeTestTask.java:123) ~[junit-platform-engine-1.5.2.jar:1.5.2]
	at org.junit.platform.engine.support.hierarchical.ThrowableCollector.execute(ThrowableCollector.java:73) ~[junit-platform-engine-1.5.2.jar:1.5.2]
	at org.junit.platform.engine.support.hierarchical.NodeTestTask.executeRecursively(NodeTestTask.java:122) ~[junit-platform-engine-1.5.2.jar:1.5.2]
	at org.junit.platform.engine.support.hierarchical.NodeTestTask.execute(NodeTestTask.java:80) ~[junit-platform-engine-1.5.2.jar:1.5.2]
	at java.base/java.util.ArrayList.forEach(ArrayList.java:1597) ~[na:na]
	at org.junit.platform.engine.support.hierarchical.SameThreadHierarchicalTestExecutorService.invokeAll(SameThreadHierarchicalTestExecutorService.java:38) ~[junit-platform-engine-1.5.2.jar:1.5.2]
	at org.junit.platform.engine.support.hierarchical.NodeTestTask.lambda$executeRecursively$5(NodeTestTask.java:139) ~[junit-platform-engine-1.5.2.jar:1.5.2]
	at org.junit.platform.engine.support.hierarchical.ThrowableCollector.execute(ThrowableCollector.java:73) ~[junit-platform-engine-1.5.2.jar:1.5.2]
	at org.junit.platform.engine.support.hierarchical.NodeTestTask.lambda$executeRecursively$7(NodeTestTask.java:125) ~[junit-platform-engine-1.5.2.jar:1.5.2]
	at org.junit.platform.engine.support.hierarchical.Node.around(Node.java:135) ~[junit-platform-engine-1.5.2.jar:1.5.2]
	at org.junit.platform.engine.support.hierarchical.NodeTestTask.lambda$executeRecursively$8(NodeTestTask.java:123) ~[junit-platform-engine-1.5.2.jar:1.5.2]
	at org.junit.platform.engine.support.hierarchical.ThrowableCollector.execute(ThrowableCollector.java:73) ~[junit-platform-engine-1.5.2.jar:1.5.2]
	at org.junit.platform.engine.support.hierarchical.NodeTestTask.executeRecursively(NodeTestTask.java:122) ~[junit-platform-engine-1.5.2.jar:1.5.2]
	at org.junit.platform.engine.support.hierarchical.NodeTestTask.execute(NodeTestTask.java:80) ~[junit-platform-engine-1.5.2.jar:1.5.2]
	at org.junit.platform.engine.support.hierarchical.SameThreadHierarchicalTestExecutorService.submit(SameThreadHierarchicalTestExecutorService.java:32) ~[junit-platform-engine-1.5.2.jar:1.5.2]
	at org.junit.platform.engine.support.hierarchical.HierarchicalTestExecutor.execute(HierarchicalTestExecutor.java:57) ~[junit-platform-engine-1.5.2.jar:1.5.2]
	at org.junit.platform.engine.support.hierarchical.HierarchicalTestEngine.execute(HierarchicalTestEngine.java:51) ~[junit-platform-engine-1.5.2.jar:1.5.2]
	at org.junit.platform.launcher.core.DefaultLauncher.execute(DefaultLauncher.java:220) ~[junit-platform-launcher-1.3.1.jar:1.3.1]
	at org.junit.platform.launcher.core.DefaultLauncher.lambda$execute$6(DefaultLauncher.java:188) ~[junit-platform-launcher-1.3.1.jar:1.3.1]
	at org.junit.platform.launcher.core.DefaultLauncher.withInterceptedStreams(DefaultLauncher.java:202) ~[junit-platform-launcher-1.3.1.jar:1.3.1]
	at org.junit.platform.launcher.core.DefaultLauncher.execute(DefaultLauncher.java:181) ~[junit-platform-launcher-1.3.1.jar:1.3.1]
	at org.junit.platform.launcher.core.DefaultLauncher.execute(DefaultLauncher.java:128) ~[junit-platform-launcher-1.3.1.jar:1.3.1]
	at org.apache.maven.surefire.junitplatform.JUnitPlatformProvider.invokeAllTests(JUnitPlatformProvider.java:150) ~[surefire-junit-platform-2.22.2.jar:2.22.2]
	at org.apache.maven.surefire.junitplatform.JUnitPlatformProvider.invoke(JUnitPlatformProvider.java:124) ~[surefire-junit-platform-2.22.2.jar:2.22.2]
	at org.apache.maven.surefire.booter.ForkedBooter.invokeProviderInSameClassLoader(ForkedBooter.java:384) ~[surefire-booter-2.22.2.jar:2.22.2]
	at org.apache.maven.surefire.booter.ForkedBooter.runSuitesInProcess(ForkedBooter.java:345) ~[surefire-booter-2.22.2.jar:2.22.2]
	at org.apache.maven.surefire.booter.ForkedBooter.execute(ForkedBooter.java:126) ~[surefire-booter-2.22.2.jar:2.22.2]
	at org.apache.maven.surefire.booter.ForkedBooter.main(ForkedBooter.java:418) ~[surefire-booter-2.22.2.jar:2.22.2]
Caused by: org.springframework.beans.factory.UnsatisfiedDependencyException: Error creating bean with name 'org.springframework.cloud.netflix.eureka.server.EurekaServerInitializerConfiguration': Unsatisfied dependency expressed through field 'eurekaServerBootstrap'; nested exception is org.springframework.beans.factory.UnsatisfiedDependencyException: Error creating bean with name 'eurekaServerBootstrap' defined in class path resource [org/springframework/cloud/netflix/eureka/server/EurekaServerAutoConfiguration.class]: Unsatisfied dependency expressed through method 'eurekaServerBootstrap' parameter 0; nested exception is org.springframework.beans.factory.UnsatisfiedDependencyException: Error creating bean with name 'peerAwareInstanceRegistry' defined in class path resource [org/springframework/cloud/netflix/eureka/server/EurekaServerAutoConfiguration.class]: Unsatisfied dependency expressed through method 'peerAwareInstanceRegistry' parameter 0; nested exception is org.springframework.beans.factory.BeanCreationException: Error creating bean with name 'serverCodecs' defined in class path resource [org/springframework/cloud/netflix/eureka/server/EurekaServerAutoConfiguration.class]: Bean instantiation via factory method failed; nested exception is org.springframework.beans.BeanInstantiationException: Failed to instantiate [com.netflix.eureka.resources.ServerCodecs]: Factory method 'serverCodecs' threw exception; nested exception is java.lang.ExceptionInInitializerError
	at org.springframework.beans.factory.annotation.AutowiredAnnotationBeanPostProcessor$AutowiredFieldElement.inject(AutowiredAnnotationBeanPostProcessor.java:643) ~[spring-beans-5.2.4.RELEASE.jar:5.2.4.RELEASE]
	at org.springframework.beans.factory.annotation.InjectionMetadata.inject(InjectionMetadata.java:130) ~[spring-beans-5.2.4.RELEASE.jar:5.2.4.RELEASE]
	at org.springframework.beans.factory.annotation.AutowiredAnnotationBeanPostProcessor.postProcessProperties(AutowiredAnnotationBeanPostProcessor.java:399) ~[spring-beans-5.2.4.RELEASE.jar:5.2.4.RELEASE]
	at org.springframework.beans.factory.support.AbstractAutowireCapableBeanFactory.populateBean(AbstractAutowireCapableBeanFactory.java:1422) ~[spring-beans-5.2.4.RELEASE.jar:5.2.4.RELEASE]
	at org.springframework.beans.factory.support.AbstractAutowireCapableBeanFactory.doCreateBean(AbstractAutowireCapableBeanFactory.java:594) ~[spring-beans-5.2.4.RELEASE.jar:5.2.4.RELEASE]
	at org.springframework.beans.factory.support.AbstractAutowireCapableBeanFactory.createBean(AbstractAutowireCapableBeanFactory.java:517) ~[spring-beans-5.2.4.RELEASE.jar:5.2.4.RELEASE]
	at org.springframework.beans.factory.support.AbstractBeanFactory.lambda$doGetBean$0(AbstractBeanFactory.java:323) ~[spring-beans-5.2.4.RELEASE.jar:5.2.4.RELEASE]
	at org.springframework.beans.factory.support.DefaultSingletonBeanRegistry.getSingleton(DefaultSingletonBeanRegistry.java:222) ~[spring-beans-5.2.4.RELEASE.jar:5.2.4.RELEASE]
	at org.springframework.beans.factory.support.AbstractBeanFactory.doGetBean(AbstractBeanFactory.java:321) ~[spring-beans-5.2.4.RELEASE.jar:5.2.4.RELEASE]
	at org.springframework.beans.factory.support.AbstractBeanFactory.getBean(AbstractBeanFactory.java:202) ~[spring-beans-5.2.4.RELEASE.jar:5.2.4.RELEASE]
	at org.springframework.beans.factory.support.DefaultListableBeanFactory.preInstantiateSingletons(DefaultListableBeanFactory.java:879) ~[spring-beans-5.2.4.RELEASE.jar:5.2.4.RELEASE]
	at org.springframework.context.support.AbstractApplicationContext.finishBeanFactoryInitialization(AbstractApplicationContext.java:878) ~[spring-context-5.2.4.RELEASE.jar:5.2.4.RELEASE]
	at org.springframework.context.support.AbstractApplicationContext.refresh(AbstractApplicationContext.java:550) ~[spring-context-5.2.4.RELEASE.jar:5.2.4.RELEASE]
	at org.springframework.boot.SpringApplication.refresh(SpringApplication.java:747) ~[spring-boot-2.2.5.RELEASE.jar:2.2.5.RELEASE]
	at org.springframework.boot.SpringApplication.refreshContext(SpringApplication.java:397) ~[spring-boot-2.2.5.RELEASE.jar:2.2.5.RELEASE]
	at org.springframework.boot.SpringApplication.run(SpringApplication.java:315) ~[spring-boot-2.2.5.RELEASE.jar:2.2.5.RELEASE]
	at org.springframework.boot.test.context.SpringBootContextLoader.loadContext(SpringBootContextLoader.java:126) ~[spring-boot-test-2.2.5.RELEASE.jar:2.2.5.RELEASE]
	at org.springframework.test.context.cache.DefaultCacheAwareContextLoaderDelegate.loadContextInternal(DefaultCacheAwareContextLoaderDelegate.java:99) ~[spring-test-5.2.4.RELEASE.jar:5.2.4.RELEASE]
	at org.springframework.test.context.cache.DefaultCacheAwareContextLoaderDelegate.loadContext(DefaultCacheAwareContextLoaderDelegate.java:124) ~[spring-test-5.2.4.RELEASE.jar:5.2.4.RELEASE]
	... 65 common frames omitted
Caused by: org.springframework.beans.factory.UnsatisfiedDependencyException: Error creating bean with name 'eurekaServerBootstrap' defined in class path resource [org/springframework/cloud/netflix/eureka/server/EurekaServerAutoConfiguration.class]: Unsatisfied dependency expressed through method 'eurekaServerBootstrap' parameter 0; nested exception is org.springframework.beans.factory.UnsatisfiedDependencyException: Error creating bean with name 'peerAwareInstanceRegistry' defined in class path resource [org/springframework/cloud/netflix/eureka/server/EurekaServerAutoConfiguration.class]: Unsatisfied dependency expressed through method 'peerAwareInstanceRegistry' parameter 0; nested exception is org.springframework.beans.factory.BeanCreationException: Error creating bean with name 'serverCodecs' defined in class path resource [org/springframework/cloud/netflix/eureka/server/EurekaServerAutoConfiguration.class]: Bean instantiation via factory method failed; nested exception is org.springframework.beans.BeanInstantiationException: Failed to instantiate [com.netflix.eureka.resources.ServerCodecs]: Factory method 'serverCodecs' threw exception; nested exception is java.lang.ExceptionInInitializerError
	at org.springframework.beans.factory.support.ConstructorResolver.createArgumentArray(ConstructorResolver.java:798) ~[spring-beans-5.2.4.RELEASE.jar:5.2.4.RELEASE]
	at org.springframework.beans.factory.support.ConstructorResolver.instantiateUsingFactoryMethod(ConstructorResolver.java:539) ~[spring-beans-5.2.4.RELEASE.jar:5.2.4.RELEASE]
	at org.springframework.beans.factory.support.AbstractAutowireCapableBeanFactory.instantiateUsingFactoryMethod(AbstractAutowireCapableBeanFactory.java:1338) ~[spring-beans-5.2.4.RELEASE.jar:5.2.4.RELEASE]
	at org.springframework.beans.factory.support.AbstractAutowireCapableBeanFactory.createBeanInstance(AbstractAutowireCapableBeanFactory.java:1177) ~[spring-beans-5.2.4.RELEASE.jar:5.2.4.RELEASE]
	at org.springframework.beans.factory.support.AbstractAutowireCapableBeanFactory.doCreateBean(AbstractAutowireCapableBeanFactory.java:557) ~[spring-beans-5.2.4.RELEASE.jar:5.2.4.RELEASE]
	at org.springframework.beans.factory.support.AbstractAutowireCapableBeanFactory.createBean(AbstractAutowireCapableBeanFactory.java:517) ~[spring-beans-5.2.4.RELEASE.jar:5.2.4.RELEASE]
	at org.springframework.beans.factory.support.AbstractBeanFactory.lambda$doGetBean$0(AbstractBeanFactory.java:323) ~[spring-beans-5.2.4.RELEASE.jar:5.2.4.RELEASE]
	at org.springframework.beans.factory.support.DefaultSingletonBeanRegistry.getSingleton(DefaultSingletonBeanRegistry.java:222) ~[spring-beans-5.2.4.RELEASE.jar:5.2.4.RELEASE]
	at org.springframework.beans.factory.support.AbstractBeanFactory.doGetBean(AbstractBeanFactory.java:321) ~[spring-beans-5.2.4.RELEASE.jar:5.2.4.RELEASE]
	at org.springframework.beans.factory.support.AbstractBeanFactory.getBean(AbstractBeanFactory.java:202) ~[spring-beans-5.2.4.RELEASE.jar:5.2.4.RELEASE]
	at org.springframework.beans.factory.config.DependencyDescriptor.resolveCandidate(DependencyDescriptor.java:276) ~[spring-beans-5.2.4.RELEASE.jar:5.2.4.RELEASE]
	at org.springframework.beans.factory.support.DefaultListableBeanFactory.doResolveDependency(DefaultListableBeanFactory.java:1287) ~[spring-beans-5.2.4.RELEASE.jar:5.2.4.RELEASE]
	at org.springframework.beans.factory.support.DefaultListableBeanFactory.resolveDependency(DefaultListableBeanFactory.java:1207) ~[spring-beans-5.2.4.RELEASE.jar:5.2.4.RELEASE]
	at org.springframework.beans.factory.annotation.AutowiredAnnotationBeanPostProcessor$AutowiredFieldElement.inject(AutowiredAnnotationBeanPostProcessor.java:640) ~[spring-beans-5.2.4.RELEASE.jar:5.2.4.RELEASE]
	... 83 common frames omitted
Caused by: org.springframework.beans.factory.UnsatisfiedDependencyException: Error creating bean with name 'peerAwareInstanceRegistry' defined in class path resource [org/springframework/cloud/netflix/eureka/server/EurekaServerAutoConfiguration.class]: Unsatisfied dependency expressed through method 'peerAwareInstanceRegistry' parameter 0; nested exception is org.springframework.beans.factory.BeanCreationException: Error creating bean with name 'serverCodecs' defined in class path resource [org/springframework/cloud/netflix/eureka/server/EurekaServerAutoConfiguration.class]: Bean instantiation via factory method failed; nested exception is org.springframework.beans.BeanInstantiationException: Failed to instantiate [com.netflix.eureka.resources.ServerCodecs]: Factory method 'serverCodecs' threw exception; nested exception is java.lang.ExceptionInInitializerError
	at org.springframework.beans.factory.support.ConstructorResolver.createArgumentArray(ConstructorResolver.java:798) ~[spring-beans-5.2.4.RELEASE.jar:5.2.4.RELEASE]
	at org.springframework.beans.factory.support.ConstructorResolver.instantiateUsingFactoryMethod(ConstructorResolver.java:539) ~[spring-beans-5.2.4.RELEASE.jar:5.2.4.RELEASE]
	at org.springframework.beans.factory.support.AbstractAutowireCapableBeanFactory.instantiateUsingFactoryMethod(AbstractAutowireCapableBeanFactory.java:1338) ~[spring-beans-5.2.4.RELEASE.jar:5.2.4.RELEASE]
	at org.springframework.beans.factory.support.AbstractAutowireCapableBeanFactory.createBeanInstance(AbstractAutowireCapableBeanFactory.java:1177) ~[spring-beans-5.2.4.RELEASE.jar:5.2.4.RELEASE]
	at org.springframework.beans.factory.support.AbstractAutowireCapableBeanFactory.doCreateBean(AbstractAutowireCapableBeanFactory.java:557) ~[spring-beans-5.2.4.RELEASE.jar:5.2.4.RELEASE]
	at org.springframework.beans.factory.support.AbstractAutowireCapableBeanFactory.createBean(AbstractAutowireCapableBeanFactory.java:517) ~[spring-beans-5.2.4.RELEASE.jar:5.2.4.RELEASE]
	at org.springframework.beans.factory.support.AbstractBeanFactory.lambda$doGetBean$0(AbstractBeanFactory.java:323) ~[spring-beans-5.2.4.RELEASE.jar:5.2.4.RELEASE]
	at org.springframework.beans.factory.support.DefaultSingletonBeanRegistry.getSingleton(DefaultSingletonBeanRegistry.java:222) ~[spring-beans-5.2.4.RELEASE.jar:5.2.4.RELEASE]
	at org.springframework.beans.factory.support.AbstractBeanFactory.doGetBean(AbstractBeanFactory.java:321) ~[spring-beans-5.2.4.RELEASE.jar:5.2.4.RELEASE]
	at org.springframework.beans.factory.support.AbstractBeanFactory.getBean(AbstractBeanFactory.java:202) ~[spring-beans-5.2.4.RELEASE.jar:5.2.4.RELEASE]
	at org.springframework.beans.factory.config.DependencyDescriptor.resolveCandidate(DependencyDescriptor.java:276) ~[spring-beans-5.2.4.RELEASE.jar:5.2.4.RELEASE]
	at org.springframework.beans.factory.support.DefaultListableBeanFactory.doResolveDependency(DefaultListableBeanFactory.java:1287) ~[spring-beans-5.2.4.RELEASE.jar:5.2.4.RELEASE]
	at org.springframework.beans.factory.support.DefaultListableBeanFactory.resolveDependency(DefaultListableBeanFactory.java:1207) ~[spring-beans-5.2.4.RELEASE.jar:5.2.4.RELEASE]
	at org.springframework.beans.factory.support.ConstructorResolver.resolveAutowiredArgument(ConstructorResolver.java:885) ~[spring-beans-5.2.4.RELEASE.jar:5.2.4.RELEASE]
	at org.springframework.beans.factory.support.ConstructorResolver.createArgumentArray(ConstructorResolver.java:789) ~[spring-beans-5.2.4.RELEASE.jar:5.2.4.RELEASE]
	... 96 common frames omitted
Caused by: org.springframework.beans.factory.BeanCreationException: Error creating bean with name 'serverCodecs' defined in class path resource [org/springframework/cloud/netflix/eureka/server/EurekaServerAutoConfiguration.class]: Bean instantiation via factory method failed; nested exception is org.springframework.beans.BeanInstantiationException: Failed to instantiate [com.netflix.eureka.resources.ServerCodecs]: Factory method 'serverCodecs' threw exception; nested exception is java.lang.ExceptionInInitializerError
	at org.springframework.beans.factory.support.ConstructorResolver.instantiate(ConstructorResolver.java:656) ~[spring-beans-5.2.4.RELEASE.jar:5.2.4.RELEASE]
	at org.springframework.beans.factory.support.ConstructorResolver.instantiateUsingFactoryMethod(ConstructorResolver.java:484) ~[spring-beans-5.2.4.RELEASE.jar:5.2.4.RELEASE]
	at org.springframework.beans.factory.support.AbstractAutowireCapableBeanFactory.instantiateUsingFactoryMethod(AbstractAutowireCapableBeanFactory.java:1338) ~[spring-beans-5.2.4.RELEASE.jar:5.2.4.RELEASE]
	at org.springframework.beans.factory.support.AbstractAutowireCapableBeanFactory.createBeanInstance(AbstractAutowireCapableBeanFactory.java:1177) ~[spring-beans-5.2.4.RELEASE.jar:5.2.4.RELEASE]
	at org.springframework.beans.factory.support.AbstractAutowireCapableBeanFactory.doCreateBean(AbstractAutowireCapableBeanFactory.java:557) ~[spring-beans-5.2.4.RELEASE.jar:5.2.4.RELEASE]
	at org.springframework.beans.factory.support.AbstractAutowireCapableBeanFactory.createBean(AbstractAutowireCapableBeanFactory.java:517) ~[spring-beans-5.2.4.RELEASE.jar:5.2.4.RELEASE]
	at org.springframework.beans.factory.support.AbstractBeanFactory.lambda$doGetBean$0(AbstractBeanFactory.java:323) ~[spring-beans-5.2.4.RELEASE.jar:5.2.4.RELEASE]
	at org.springframework.beans.factory.support.DefaultSingletonBeanRegistry.getSingleton(DefaultSingletonBeanRegistry.java:222) ~[spring-beans-5.2.4.RELEASE.jar:5.2.4.RELEASE]
	at org.springframework.beans.factory.support.AbstractBeanFactory.doGetBean(AbstractBeanFactory.java:321) ~[spring-beans-5.2.4.RELEASE.jar:5.2.4.RELEASE]
	at org.springframework.beans.factory.support.AbstractBeanFactory.getBean(AbstractBeanFactory.java:202) ~[spring-beans-5.2.4.RELEASE.jar:5.2.4.RELEASE]
	at org.springframework.beans.factory.config.DependencyDescriptor.resolveCandidate(DependencyDescriptor.java:276) ~[spring-beans-5.2.4.RELEASE.jar:5.2.4.RELEASE]
	at org.springframework.beans.factory.support.DefaultListableBeanFactory.doResolveDependency(DefaultListableBeanFactory.java:1287) ~[spring-beans-5.2.4.RELEASE.jar:5.2.4.RELEASE]
	at org.springframework.beans.factory.support.DefaultListableBeanFactory.resolveDependency(DefaultListableBeanFactory.java:1207) ~[spring-beans-5.2.4.RELEASE.jar:5.2.4.RELEASE]
	at org.springframework.beans.factory.support.ConstructorResolver.resolveAutowiredArgument(ConstructorResolver.java:885) ~[spring-beans-5.2.4.RELEASE.jar:5.2.4.RELEASE]
	at org.springframework.beans.factory.support.ConstructorResolver.createArgumentArray(ConstructorResolver.java:789) ~[spring-beans-5.2.4.RELEASE.jar:5.2.4.RELEASE]
	... 110 common frames omitted
Caused by: org.springframework.beans.BeanInstantiationException: Failed to instantiate [com.netflix.eureka.resources.ServerCodecs]: Factory method 'serverCodecs' threw exception; nested exception is java.lang.ExceptionInInitializerError
	at org.springframework.beans.factory.support.SimpleInstantiationStrategy.instantiate(SimpleInstantiationStrategy.java:185) ~[spring-beans-5.2.4.RELEASE.jar:5.2.4.RELEASE]
	at org.springframework.beans.factory.support.ConstructorResolver.instantiate(ConstructorResolver.java:651) ~[spring-beans-5.2.4.RELEASE.jar:5.2.4.RELEASE]
	... 124 common frames omitted
Caused by: java.lang.ExceptionInInitializerError: null
	at com.thoughtworks.xstream.XStream.setupConverters(XStream.java:990) ~[xstream-1.4.11.1.jar:1.4.11.1]
	at com.thoughtworks.xstream.XStream.<init>(XStream.java:593) ~[xstream-1.4.11.1.jar:1.4.11.1]
	at com.thoughtworks.xstream.XStream.<init>(XStream.java:515) ~[xstream-1.4.11.1.jar:1.4.11.1]
	at com.thoughtworks.xstream.XStream.<init>(XStream.java:484) ~[xstream-1.4.11.1.jar:1.4.11.1]
	at com.thoughtworks.xstream.XStream.<init>(XStream.java:430) ~[xstream-1.4.11.1.jar:1.4.11.1]
	at com.thoughtworks.xstream.XStream.<init>(XStream.java:397) ~[xstream-1.4.11.1.jar:1.4.11.1]
	at com.netflix.discovery.converters.XmlXStream.<init>(XmlXStream.java:51) ~[eureka-client-1.9.17.jar:1.9.17]
	at com.netflix.discovery.converters.XmlXStream.<clinit>(XmlXStream.java:42) ~[eureka-client-1.9.17.jar:1.9.17]
	at com.netflix.discovery.converters.wrappers.CodecWrappers$XStreamXml.<init>(CodecWrappers.java:358) ~[eureka-client-1.9.17.jar:1.9.17]
	at com.netflix.discovery.converters.wrappers.CodecWrappers.create(CodecWrappers.java:133) ~[eureka-client-1.9.17.jar:1.9.17]
	at com.netflix.discovery.converters.wrappers.CodecWrappers.getCodec(CodecWrappers.java:56) ~[eureka-client-1.9.17.jar:1.9.17]
	at com.netflix.discovery.converters.wrappers.CodecWrappers.getCodec(CodecWrappers.java:47) ~[eureka-client-1.9.17.jar:1.9.17]
	at org.springframework.cloud.netflix.eureka.server.EurekaServerAutoConfiguration.getFullXml(EurekaServerAutoConfiguration.java:141) ~[spring-cloud-netflix-eureka-server-2.2.2.RELEASE.jar:2.2.2.RELEASE]
	at org.springframework.cloud.netflix.eureka.server.EurekaServerAutoConfiguration.access$100(EurekaServerAutoConfiguration.java:83) ~[spring-cloud-netflix-eureka-server-2.2.2.RELEASE.jar:2.2.2.RELEASE]
	at org.springframework.cloud.netflix.eureka.server.EurekaServerAutoConfiguration$CloudServerCodecs.<init>(EurekaServerAutoConfiguration.java:358) ~[spring-cloud-netflix-eureka-server-2.2.2.RELEASE.jar:2.2.2.RELEASE]
	at org.springframework.cloud.netflix.eureka.server.EurekaServerAutoConfiguration.serverCodecs(EurekaServerAutoConfiguration.java:131) ~[spring-cloud-netflix-eureka-server-2.2.2.RELEASE.jar:2.2.2.RELEASE]
	at java.base/jdk.internal.reflect.DirectMethodHandleAccessor.invoke(DirectMethodHandleAccessor.java:103) ~[na:na]
	at java.base/java.lang.reflect.Method.invoke(Method.java:580) ~[na:na]
	at org.springframework.beans.factory.support.SimpleInstantiationStrategy.instantiate(SimpleInstantiationStrategy.java:154) ~[spring-beans-5.2.4.RELEASE.jar:5.2.4.RELEASE]
	... 125 common frames omitted
Caused by: java.lang.reflect.InaccessibleObjectException: Unable to make field private final java.util.Comparator java.util.TreeMap.comparator accessible: module java.base does not "opens java.util" to unnamed module @76a9411d
	at java.base/java.lang.reflect.AccessibleObject.throwInaccessibleObjectException(AccessibleObject.java:388) ~[na:na]
	at java.base/java.lang.reflect.AccessibleObject.checkCanSetAccessible(AccessibleObject.java:364) ~[na:na]
	at java.base/java.lang.reflect.AccessibleObject.checkCanSetAccessible(AccessibleObject.java:312) ~[na:na]
	at java.base/java.lang.reflect.Field.checkCanSetAccessible(Field.java:183) ~[na:na]
	at java.base/java.lang.reflect.Field.setAccessible(Field.java:177) ~[na:na]
	at com.thoughtworks.xstream.core.util.Fields.locate(Fields.java:40) ~[xstream-1.4.11.1.jar:1.4.11.1]
	at com.thoughtworks.xstream.converters.collections.TreeMapConverter.<clinit>(TreeMapConverter.java:50) ~[xstream-1.4.11.1.jar:1.4.11.1]
	... 144 common frames omitted

]]></system-out>
  </testcase>
</testsuite>